mode: atomic
github.com/StevanoZ/dv-shared/middleware/recovery_middleware.go:11.47,12.71 1 0
github.com/StevanoZ/dv-shared/middleware/recovery_middleware.go:12.71,13.16 1 0
github.com/StevanoZ/dv-shared/middleware/recovery_middleware.go:51.3,51.23 1 0
github.com/StevanoZ/dv-shared/middleware/recovery_middleware.go:13.16,15.18 2 0
github.com/StevanoZ/dv-shared/middleware/recovery_middleware.go:15.18,22.17 5 0
github.com/StevanoZ/dv-shared/middleware/recovery_middleware.go:48.5,48.59 1 0
github.com/StevanoZ/dv-shared/middleware/recovery_middleware.go:22.17,30.6 4 0
github.com/StevanoZ/dv-shared/middleware/recovery_middleware.go:30.11,30.31 1 0
github.com/StevanoZ/dv-shared/middleware/recovery_middleware.go:30.31,33.47 2 0
github.com/StevanoZ/dv-shared/middleware/recovery_middleware.go:39.6,39.43 1 0
github.com/StevanoZ/dv-shared/middleware/recovery_middleware.go:33.47,38.7 2 0
github.com/StevanoZ/dv-shared/middleware/recovery_middleware.go:40.11,46.6 3 0
github.com/StevanoZ/dv-shared/utils/convert.go:5.42,11.2 4 0
github.com/StevanoZ/dv-shared/utils/convert.go:13.48,15.16 2 0
github.com/StevanoZ/dv-shared/utils/convert.go:18.2,18.33 1 0
github.com/StevanoZ/dv-shared/utils/convert.go:15.16,17.3 1 0
github.com/StevanoZ/dv-shared/utils/migration.go:12.51,21.60 5 0
github.com/StevanoZ/dv-shared/utils/migration.go:25.2,25.37 1 0
github.com/StevanoZ/dv-shared/utils/migration.go:21.60,23.3 1 0
github.com/StevanoZ/dv-shared/utils/response.go:28.83,43.2 7 0
github.com/StevanoZ/dv-shared/utils/response.go:45.81,60.2 7 0
github.com/StevanoZ/dv-shared/utils/transaction.go:18.90,20.16 2 0
github.com/StevanoZ/dv-shared/utils/transaction.go:24.2,25.16 2 0
github.com/StevanoZ/dv-shared/utils/transaction.go:32.2,32.20 1 0
github.com/StevanoZ/dv-shared/utils/transaction.go:20.16,22.3 1 0
github.com/StevanoZ/dv-shared/utils/transaction.go:25.16,26.43 1 0
github.com/StevanoZ/dv-shared/utils/transaction.go:29.3,29.13 1 0
github.com/StevanoZ/dv-shared/utils/transaction.go:26.43,28.4 1 0
github.com/StevanoZ/dv-shared/utils/transaction.go:35.99,36.31 1 0
github.com/StevanoZ/dv-shared/utils/transaction.go:53.2,54.25 2 0
github.com/StevanoZ/dv-shared/utils/transaction.go:70.2,70.12 1 0
github.com/StevanoZ/dv-shared/utils/transaction.go:36.31,38.17 2 0
github.com/StevanoZ/dv-shared/utils/transaction.go:42.3,43.17 2 0
github.com/StevanoZ/dv-shared/utils/transaction.go:50.3,50.21 1 0
github.com/StevanoZ/dv-shared/utils/transaction.go:38.17,40.4 1 0
github.com/StevanoZ/dv-shared/utils/transaction.go:43.17,44.44 1 0
github.com/StevanoZ/dv-shared/utils/transaction.go:47.4,47.14 1 0
github.com/StevanoZ/dv-shared/utils/transaction.go:44.44,46.5 1 0
github.com/StevanoZ/dv-shared/utils/transaction.go:54.25,55.17 1 0
github.com/StevanoZ/dv-shared/utils/transaction.go:55.17,56.9 1 0
github.com/StevanoZ/dv-shared/utils/transaction.go:57.9,60.52 1 0
github.com/StevanoZ/dv-shared/utils/transaction.go:60.52,64.4 3 0
github.com/StevanoZ/dv-shared/utils/transaction.go:64.9,66.9 1 0
github.com/StevanoZ/dv-shared/utils/file.go:9.29,12.2 2 0
github.com/StevanoZ/dv-shared/utils/file.go:14.43,16.2 1 0
github.com/StevanoZ/dv-shared/utils/file.go:18.48,20.2 1 0
github.com/StevanoZ/dv-shared/utils/file.go:22.36,24.2 1 0
github.com/StevanoZ/dv-shared/utils/file.go:26.42,28.24 2 0
github.com/StevanoZ/dv-shared/utils/file.go:31.2,31.22 1 0
github.com/StevanoZ/dv-shared/utils/file.go:28.24,30.3 1 0
github.com/StevanoZ/dv-shared/message/utils.go:11.91,12.61 1 0
github.com/StevanoZ/dv-shared/message/utils.go:18.2,18.60 1 0
github.com/StevanoZ/dv-shared/message/utils.go:12.61,16.3 3 0
github.com/StevanoZ/dv-shared/message/utils.go:18.60,22.3 3 0
github.com/StevanoZ/dv-shared/message/utils.go:25.55,27.2 1 0
github.com/StevanoZ/dv-shared/pubsub/pubsub.go:27.83,32.2 3 0
github.com/StevanoZ/dv-shared/pubsub/pubsub.go:34.100,36.2 1 0
github.com/StevanoZ/dv-shared/pubsub/pubsub.go:38.113,42.16 3 0
github.com/StevanoZ/dv-shared/pubsub/pubsub.go:46.2,46.8 1 0
github.com/StevanoZ/dv-shared/pubsub/pubsub.go:50.2,53.17 3 0
github.com/StevanoZ/dv-shared/pubsub/pubsub.go:42.16,44.3 1 0
github.com/StevanoZ/dv-shared/pubsub/pubsub.go:46.8,48.3 1 0
github.com/StevanoZ/dv-shared/pubsub/pubsub.go:56.141,60.16 3 0
github.com/StevanoZ/dv-shared/pubsub/pubsub.go:64.2,64.8 1 0
github.com/StevanoZ/dv-shared/pubsub/pubsub.go:68.2,76.4 1 0
github.com/StevanoZ/dv-shared/pubsub/pubsub.go:60.16,62.3 1 0
github.com/StevanoZ/dv-shared/pubsub/pubsub.go:64.8,66.3 1 0
github.com/StevanoZ/dv-shared/pubsub/pubsub.go:79.123,83.16 3 0
github.com/StevanoZ/dv-shared/pubsub/pubsub.go:87.2,87.31 1 0
github.com/StevanoZ/dv-shared/pubsub/pubsub.go:96.2,96.33 1 0
github.com/StevanoZ/dv-shared/pubsub/pubsub.go:104.2,104.12 1 0
github.com/StevanoZ/dv-shared/pubsub/pubsub.go:83.16,85.3 1 0
github.com/StevanoZ/dv-shared/pubsub/pubsub.go:87.31,94.3 3 0
github.com/StevanoZ/dv-shared/pubsub/pubsub.go:96.33,98.17 2 0
github.com/StevanoZ/dv-shared/pubsub/pubsub.go:101.3,101.69 1 0
github.com/StevanoZ/dv-shared/pubsub/pubsub.go:98.17,100.4 1 0
github.com/StevanoZ/dv-shared/pubsub/pubsub.go:107.157,111.16 3 0
github.com/StevanoZ/dv-shared/pubsub/pubsub.go:117.2,117.73 1 0
github.com/StevanoZ/dv-shared/pubsub/pubsub.go:111.16,113.3 1 0
github.com/StevanoZ/dv-shared/pubsub/pubsub.go:117.73,121.3 2 0
github.com/StevanoZ/dv-shared/pubsub/pubsub.go:124.42,126.2 1 0
github.com/StevanoZ/dv-shared/pubsub/pubsub.go:133.3,134.26 1 0
github.com/StevanoZ/dv-shared/pubsub/pubsub.go:137.2,138.28 2 0
github.com/StevanoZ/dv-shared/pubsub/pubsub.go:146.2,147.28 2 0
github.com/StevanoZ/dv-shared/pubsub/pubsub.go:134.26,136.3 1 0
github.com/StevanoZ/dv-shared/pubsub/pubsub.go:138.28,140.17 2 0
github.com/StevanoZ/dv-shared/pubsub/pubsub.go:144.3,144.20 1 0
github.com/StevanoZ/dv-shared/pubsub/pubsub.go:140.17,143.4 2 0
github.com/StevanoZ/dv-shared/utils/tracer.go:10.65,14.16 3 0
github.com/StevanoZ/dv-shared/utils/tracer.go:14.16,17.17 2 0
github.com/StevanoZ/dv-shared/utils/tracer.go:17.17,20.16 3 0
github.com/StevanoZ/dv-shared/utils/tracer.go:24.4,24.20 1 0
github.com/StevanoZ/dv-shared/utils/tracer.go:28.4,28.14 1 0
github.com/StevanoZ/dv-shared/utils/tracer.go:20.16,22.5 1 0
github.com/StevanoZ/dv-shared/utils/tracer.go:24.20,26.5 1 0
github.com/StevanoZ/dv-shared/utils/tracer.go:29.9,31.4 1 0
github.com/StevanoZ/dv-shared/main.go:13.13,29.89 9 0
github.com/StevanoZ/dv-shared/main.go:29.89,31.3 1 0
github.com/StevanoZ/dv-shared/token/paseto_maker.go:17.67,19.42 2 0
github.com/StevanoZ/dv-shared/token/paseto_maker.go:23.2,27.19 2 0
github.com/StevanoZ/dv-shared/token/paseto_maker.go:19.42,21.3 1 0
github.com/StevanoZ/dv-shared/token/paseto_maker.go:30.107,35.2 3 0
github.com/StevanoZ/dv-shared/token/paseto_maker.go:37.67,41.16 3 0
github.com/StevanoZ/dv-shared/token/paseto_maker.go:45.2,46.16 2 0
github.com/StevanoZ/dv-shared/token/paseto_maker.go:50.2,50.21 1 0
github.com/StevanoZ/dv-shared/token/paseto_maker.go:41.16,43.3 1 0
github.com/StevanoZ/dv-shared/token/paseto_maker.go:46.16,48.3 1 0
github.com/StevanoZ/dv-shared/s3/s3_client.go:17.66,25.2 3 0
github.com/StevanoZ/dv-shared/s3/s3_client.go:27.57,29.2 1 0
github.com/StevanoZ/dv-shared/s3/s3_client.go:41.24,47.2 1 0
github.com/StevanoZ/dv-shared/s3/s3_client.go:49.113,55.16 2 0
github.com/StevanoZ/dv-shared/s3/s3_client.go:59.2,62.16 3 0
github.com/StevanoZ/dv-shared/s3/s3_client.go:66.2,66.24 1 0
github.com/StevanoZ/dv-shared/s3/s3_client.go:55.16,57.3 1 0
github.com/StevanoZ/dv-shared/s3/s3_client.go:62.16,64.3 1 0
github.com/StevanoZ/dv-shared/s3/s3_client.go:69.112,76.16 2 0
github.com/StevanoZ/dv-shared/s3/s3_client.go:80.2,80.36 1 0
github.com/StevanoZ/dv-shared/s3/s3_client.go:76.16,78.3 1 0
github.com/StevanoZ/dv-shared/s3/s3_client.go:83.94,90.2 2 0
github.com/StevanoZ/dv-shared/s3/s3_client.go:92.88,99.83 2 0
github.com/StevanoZ/dv-shared/s3/s3_client.go:102.2,102.16 1 0
github.com/StevanoZ/dv-shared/s3/s3_client.go:106.2,106.22 1 0
github.com/StevanoZ/dv-shared/s3/s3_client.go:99.83,101.3 1 0
github.com/StevanoZ/dv-shared/s3/s3_client.go:102.16,104.3 1 0
github.com/StevanoZ/dv-shared/s3/s3_client.go:109.59,115.2 1 0
github.com/StevanoZ/dv-shared/utils/random.go:12.13,14.2 1 1
github.com/StevanoZ/dv-shared/utils/random.go:16.38,18.2 1 0
github.com/StevanoZ/dv-shared/utils/random.go:20.33,24.25 3 0
github.com/StevanoZ/dv-shared/utils/random.go:29.2,29.20 1 0
github.com/StevanoZ/dv-shared/utils/random.go:24.25,27.3 2 0
github.com/StevanoZ/dv-shared/utils/random.go:32.30,34.2 1 0
github.com/StevanoZ/dv-shared/utils/random.go:36.27,38.2 1 0
github.com/StevanoZ/dv-shared/service/cache_service.go:37.79,42.2 1 0
github.com/StevanoZ/dv-shared/service/cache_service.go:44.66,52.2 2 0
github.com/StevanoZ/dv-shared/service/cache_service.go:54.76,62.2 2 0
github.com/StevanoZ/dv-shared/service/cache_service.go:64.104,66.15 2 0
github.com/StevanoZ/dv-shared/service/cache_service.go:71.2,72.14 2 0
github.com/StevanoZ/dv-shared/service/cache_service.go:77.2,78.22 2 0
github.com/StevanoZ/dv-shared/service/cache_service.go:83.2,83.17 1 0
github.com/StevanoZ/dv-shared/service/cache_service.go:106.2,108.12 2 0
github.com/StevanoZ/dv-shared/service/cache_service.go:66.15,69.3 2 0
github.com/StevanoZ/dv-shared/service/cache_service.go:72.14,75.3 2 0
github.com/StevanoZ/dv-shared/service/cache_service.go:78.22,81.3 2 0
github.com/StevanoZ/dv-shared/service/cache_service.go:83.17,84.51 1 0
github.com/StevanoZ/dv-shared/service/cache_service.go:91.3,92.17 2 0
github.com/StevanoZ/dv-shared/service/cache_service.go:96.3,99.24 3 0
github.com/StevanoZ/dv-shared/service/cache_service.go:103.3,103.62 1 0
github.com/StevanoZ/dv-shared/service/cache_service.go:84.51,85.40 1 0
github.com/StevanoZ/dv-shared/service/cache_service.go:85.40,88.5 2 0
github.com/StevanoZ/dv-shared/service/cache_service.go:92.17,94.4 1 0
github.com/StevanoZ/dv-shared/service/cache_service.go:99.24,101.4 1 0
github.com/StevanoZ/dv-shared/service/cache_service.go:111.79,113.16 2 0
github.com/StevanoZ/dv-shared/service/cache_service.go:118.2,120.16 2 0
github.com/StevanoZ/dv-shared/service/cache_service.go:125.2,127.12 2 0
github.com/StevanoZ/dv-shared/service/cache_service.go:113.16,116.3 2 0
github.com/StevanoZ/dv-shared/service/cache_service.go:120.16,123.3 2 0
github.com/StevanoZ/dv-shared/service/cache_service.go:130.76,135.21 4 0
github.com/StevanoZ/dv-shared/service/cache_service.go:141.2,141.35 1 0
github.com/StevanoZ/dv-shared/service/cache_service.go:145.2,145.73 1 0
github.com/StevanoZ/dv-shared/service/cache_service.go:135.21,139.3 3 0
github.com/StevanoZ/dv-shared/service/cache_service.go:141.35,143.3 1 0
github.com/StevanoZ/dv-shared/service/cache_service.go:148.127,152.36 3 0
github.com/StevanoZ/dv-shared/service/cache_service.go:159.2,159.16 1 0
github.com/StevanoZ/dv-shared/service/cache_service.go:163.2,163.18 1 0
github.com/StevanoZ/dv-shared/service/cache_service.go:152.36,157.3 3 0
github.com/StevanoZ/dv-shared/service/cache_service.go:159.16,161.3 1 0
github.com/StevanoZ/dv-shared/service/cache_service.go:166.67,168.16 2 0
github.com/StevanoZ/dv-shared/service/cache_service.go:173.2,173.12 1 0
github.com/StevanoZ/dv-shared/service/cache_service.go:168.16,171.3 2 0
github.com/StevanoZ/dv-shared/service/cache_service.go:176.44,178.2 1 0
github.com/StevanoZ/dv-shared/token/payload.go:30.72,41.2 2 0
github.com/StevanoZ/dv-shared/token/payload.go:43.39,44.41 1 0
github.com/StevanoZ/dv-shared/token/payload.go:47.2,47.12 1 0
github.com/StevanoZ/dv-shared/token/payload.go:44.41,46.3 1 0
github.com/StevanoZ/dv-shared/kafka/kafka_client.go:20.79,24.27 3 3
github.com/StevanoZ/dv-shared/kafka/kafka_client.go:40.2,40.22 1 3
github.com/StevanoZ/dv-shared/kafka/kafka_client.go:24.27,33.3 1 1
github.com/StevanoZ/dv-shared/kafka/kafka_client.go:33.8,38.3 1 2
github.com/StevanoZ/dv-shared/kafka/kafka_client.go:43.79,47.27 3 3
github.com/StevanoZ/dv-shared/kafka/kafka_client.go:47.27,58.3 2 1
github.com/StevanoZ/dv-shared/kafka/kafka_client.go:58.8,66.3 2 2
github.com/StevanoZ/dv-shared/kafka/kafka_client.go:69.102,74.2 1 3
github.com/StevanoZ/dv-shared/kafka/kafka_client.go:76.94,79.24 3 2
github.com/StevanoZ/dv-shared/kafka/kafka_client.go:101.2,101.35 1 2
github.com/StevanoZ/dv-shared/kafka/kafka_client.go:104.2,104.12 1 1
github.com/StevanoZ/dv-shared/kafka/kafka_client.go:79.24,81.23 2 2
github.com/StevanoZ/dv-shared/kafka/kafka_client.go:81.23,91.18 2 2
github.com/StevanoZ/dv-shared/kafka/kafka_client.go:95.4,97.14 3 1
github.com/StevanoZ/dv-shared/kafka/kafka_client.go:91.18,93.5 1 1
github.com/StevanoZ/dv-shared/kafka/kafka_client.go:101.35,103.3 1 1
github.com/StevanoZ/dv-shared/kafka/kafka_client.go:107.109,111.16 3 3
github.com/StevanoZ/dv-shared/kafka/kafka_client.go:116.2,119.18 3 2
github.com/StevanoZ/dv-shared/kafka/kafka_client.go:122.2,122.18 1 2
github.com/StevanoZ/dv-shared/kafka/kafka_client.go:134.2,134.12 1 2
github.com/StevanoZ/dv-shared/kafka/kafka_client.go:111.16,114.3 2 1
github.com/StevanoZ/dv-shared/kafka/kafka_client.go:119.18,121.3 1 2
github.com/StevanoZ/dv-shared/kafka/kafka_client.go:122.18,124.17 2 2
github.com/StevanoZ/dv-shared/kafka/kafka_client.go:124.17,126.4 1 1
github.com/StevanoZ/dv-shared/kafka/kafka_client.go:126.9,131.4 3 1
github.com/StevanoZ/dv-shared/utils/connect.go:11.51,22.2 7 0
github.com/StevanoZ/dv-shared/utils/errors.go:19.36,21.2 1 0
github.com/StevanoZ/dv-shared/utils/errors.go:27.43,29.2 1 0
github.com/StevanoZ/dv-shared/utils/errors.go:36.44,38.2 1 0
github.com/StevanoZ/dv-shared/utils/errors.go:40.56,42.2 1 0
github.com/StevanoZ/dv-shared/utils/errors.go:44.76,46.2 1 0
github.com/StevanoZ/dv-shared/utils/errors.go:48.30,49.16 1 0
github.com/StevanoZ/dv-shared/utils/errors.go:49.16,54.27 4 0
github.com/StevanoZ/dv-shared/utils/errors.go:58.3,62.16 2 0
github.com/StevanoZ/dv-shared/utils/errors.go:54.27,56.4 1 0
github.com/StevanoZ/dv-shared/utils/errors.go:66.65,67.16 1 0
github.com/StevanoZ/dv-shared/utils/errors.go:67.16,70.3 2 0
github.com/StevanoZ/dv-shared/utils/errors.go:73.52,76.2 2 0
github.com/StevanoZ/dv-shared/utils/errors.go:78.69,83.25 2 0
github.com/StevanoZ/dv-shared/utils/errors.go:86.39,91.26 4 0
github.com/StevanoZ/dv-shared/utils/errors.go:91.26,92.66 1 0
github.com/StevanoZ/dv-shared/utils/errors.go:97.3,97.46 1 0
github.com/StevanoZ/dv-shared/utils/errors.go:92.66,96.4 3 0
github.com/StevanoZ/dv-shared/utils/errors.go:101.66,106.2 3 0
github.com/StevanoZ/dv-shared/utils/errors.go:108.40,109.35 1 0
github.com/StevanoZ/dv-shared/utils/errors.go:109.35,111.3 1 0
github.com/StevanoZ/dv-shared/utils/errors.go:114.28,115.16 1 0
github.com/StevanoZ/dv-shared/utils/errors.go:115.16,117.3 1 0
github.com/StevanoZ/dv-shared/utils/errors.go:120.52,121.16 1 6
github.com/StevanoZ/dv-shared/utils/errors.go:121.16,124.13 3 0
github.com/StevanoZ/dv-shared/token/token_util.go:15.87,17.2 1 0
github.com/StevanoZ/dv-shared/token/token_util.go:19.58,21.2 1 0
github.com/StevanoZ/dv-shared/token/token_util.go:23.60,26.37 2 0
github.com/StevanoZ/dv-shared/token/token_util.go:26.37,28.3 1 0
github.com/StevanoZ/dv-shared/middleware/auth_middleware.go:19.68,23.2 1 0
github.com/StevanoZ/dv-shared/middleware/auth_middleware.go:25.122,26.54 1 0
github.com/StevanoZ/dv-shared/middleware/auth_middleware.go:26.54,29.59 2 0
github.com/StevanoZ/dv-shared/middleware/auth_middleware.go:33.3,35.17 3 0
github.com/StevanoZ/dv-shared/middleware/auth_middleware.go:39.3,39.33 1 0
github.com/StevanoZ/dv-shared/middleware/auth_middleware.go:43.3,44.33 2 0
github.com/StevanoZ/dv-shared/middleware/auth_middleware.go:29.59,31.4 1 0
github.com/StevanoZ/dv-shared/middleware/auth_middleware.go:35.17,37.4 1 0
github.com/StevanoZ/dv-shared/middleware/auth_middleware.go:39.33,41.4 1 0
github.com/StevanoZ/dv-shared/middleware/middleware.go:11.69,12.85 1 0
github.com/StevanoZ/dv-shared/middleware/middleware.go:12.85,14.3 1 0
github.com/StevanoZ/dv-shared/middleware/middleware.go:14.8,21.3 5 0
github.com/StevanoZ/dv-shared/utils/logger.go:13.13,24.27 7 1
github.com/StevanoZ/dv-shared/utils/logger.go:28.2,32.102 4 1
github.com/StevanoZ/dv-shared/utils/logger.go:35.2,40.16 4 1
github.com/StevanoZ/dv-shared/utils/logger.go:24.27,26.3 1 0
github.com/StevanoZ/dv-shared/utils/logger.go:32.102,34.3 1 5
github.com/StevanoZ/dv-shared/utils/logger.go:40.16,42.3 1 0
github.com/StevanoZ/dv-shared/utils/logger.go:45.51,47.2 1 4
github.com/StevanoZ/dv-shared/utils/logger.go:49.52,51.2 1 0
github.com/StevanoZ/dv-shared/utils/logger.go:53.52,55.2 1 0
github.com/StevanoZ/dv-shared/utils/logger.go:57.52,59.2 1 0
github.com/StevanoZ/dv-shared/utils/logger.go:61.52,63.2 1 1
github.com/StevanoZ/dv-shared/utils/request.go:17.72,21.16 3 0
github.com/StevanoZ/dv-shared/utils/request.go:25.2,25.13 1 0
github.com/StevanoZ/dv-shared/utils/request.go:21.16,23.3 1 0
github.com/StevanoZ/dv-shared/utils/request.go:28.67,32.16 3 0
github.com/StevanoZ/dv-shared/utils/request.go:36.2,36.18 1 0
github.com/StevanoZ/dv-shared/utils/request.go:40.2,40.17 1 0
github.com/StevanoZ/dv-shared/utils/request.go:32.16,34.3 1 0
github.com/StevanoZ/dv-shared/utils/request.go:36.18,38.3 1 0
github.com/StevanoZ/dv-shared/utils/request.go:43.29,54.2 1 0
github.com/StevanoZ/dv-shared/utils/cache_key.go:8.88,11.27 3 0
github.com/StevanoZ/dv-shared/utils/cache_key.go:30.2,30.50 1 0
github.com/StevanoZ/dv-shared/utils/cache_key.go:11.27,13.22 1 0
github.com/StevanoZ/dv-shared/utils/cache_key.go:17.3,18.37 2 0
github.com/StevanoZ/dv-shared/utils/cache_key.go:13.22,15.4 1 0
github.com/StevanoZ/dv-shared/utils/cache_key.go:18.37,20.35 2 0
github.com/StevanoZ/dv-shared/utils/cache_key.go:20.35,22.5 1 0
github.com/StevanoZ/dv-shared/utils/cache_key.go:22.10,22.69 1 0
github.com/StevanoZ/dv-shared/utils/cache_key.go:22.69,24.5 1 0
github.com/StevanoZ/dv-shared/utils/cache_key.go:24.10,24.23 1 0
github.com/StevanoZ/dv-shared/utils/cache_key.go:24.23,26.5 1 0
github.com/StevanoZ/dv-shared/utils/cache_key.go:33.44,36.27 2 0
github.com/StevanoZ/dv-shared/utils/cache_key.go:44.2,44.18 1 0
github.com/StevanoZ/dv-shared/utils/cache_key.go:36.27,37.22 1 0
github.com/StevanoZ/dv-shared/utils/cache_key.go:37.22,39.4 1 0
github.com/StevanoZ/dv-shared/utils/cache_key.go:39.9,41.4 1 0
github.com/StevanoZ/dv-shared/utils/config.go:44.74,58.2 9 3
github.com/StevanoZ/dv-shared/utils/config.go:60.68,62.32 2 0
github.com/StevanoZ/dv-shared/utils/config.go:67.2,67.33 1 0
github.com/StevanoZ/dv-shared/utils/config.go:71.2,71.15 1 0
github.com/StevanoZ/dv-shared/utils/config.go:62.32,65.3 2 0
github.com/StevanoZ/dv-shared/utils/config.go:67.33,69.3 1 0
github.com/StevanoZ/dv-shared/utils/password.go:5.54,8.2 2 0
github.com/StevanoZ/dv-shared/utils/password.go:10.68,12.2 1 0
github.com/StevanoZ/dv-shared/service/email_service.go:34.66,36.2 1 0
github.com/StevanoZ/dv-shared/service/email_service.go:41.12,43.2 1 0
github.com/StevanoZ/dv-shared/service/email_service.go:45.90,54.16 8 0
github.com/StevanoZ/dv-shared/service/email_service.go:62.2,62.12 1 0
github.com/StevanoZ/dv-shared/service/email_service.go:54.16,57.3 2 0
github.com/StevanoZ/dv-shared/service/email_service.go:57.8,60.3 2 0
github.com/StevanoZ/dv-shared/kafka/kafka_client.go:20.79,24.27 3 0
github.com/StevanoZ/dv-shared/kafka/kafka_client.go:40.2,40.22 1 0
github.com/StevanoZ/dv-shared/kafka/kafka_client.go:24.27,33.3 1 0
github.com/StevanoZ/dv-shared/kafka/kafka_client.go:33.8,38.3 1 0
github.com/StevanoZ/dv-shared/kafka/kafka_client.go:43.79,47.27 3 0
github.com/StevanoZ/dv-shared/kafka/kafka_client.go:47.27,58.3 2 0
github.com/StevanoZ/dv-shared/kafka/kafka_client.go:58.8,66.3 2 0
github.com/StevanoZ/dv-shared/kafka/kafka_client.go:69.102,74.2 1 0
github.com/StevanoZ/dv-shared/kafka/kafka_client.go:76.94,79.24 3 0
github.com/StevanoZ/dv-shared/kafka/kafka_client.go:101.2,101.35 1 0
github.com/StevanoZ/dv-shared/kafka/kafka_client.go:104.2,104.12 1 0
github.com/StevanoZ/dv-shared/kafka/kafka_client.go:79.24,81.23 2 0
github.com/StevanoZ/dv-shared/kafka/kafka_client.go:81.23,91.18 2 0
github.com/StevanoZ/dv-shared/kafka/kafka_client.go:95.4,97.14 3 0
github.com/StevanoZ/dv-shared/kafka/kafka_client.go:91.18,93.5 1 0
github.com/StevanoZ/dv-shared/kafka/kafka_client.go:101.35,103.3 1 0
github.com/StevanoZ/dv-shared/kafka/kafka_client.go:107.109,111.16 3 0
github.com/StevanoZ/dv-shared/kafka/kafka_client.go:116.2,119.18 3 0
github.com/StevanoZ/dv-shared/kafka/kafka_client.go:122.2,122.18 1 0
github.com/StevanoZ/dv-shared/kafka/kafka_client.go:134.2,134.12 1 0
github.com/StevanoZ/dv-shared/kafka/kafka_client.go:111.16,114.3 2 0
github.com/StevanoZ/dv-shared/kafka/kafka_client.go:119.18,121.3 1 0
github.com/StevanoZ/dv-shared/kafka/kafka_client.go:122.18,124.17 2 0
github.com/StevanoZ/dv-shared/kafka/kafka_client.go:124.17,126.4 1 0
github.com/StevanoZ/dv-shared/kafka/kafka_client.go:126.9,131.4 3 0
github.com/StevanoZ/dv-shared/utils/cache_key.go:8.88,11.27 3 0
github.com/StevanoZ/dv-shared/utils/cache_key.go:30.2,30.50 1 0
github.com/StevanoZ/dv-shared/utils/cache_key.go:11.27,13.22 1 0
github.com/StevanoZ/dv-shared/utils/cache_key.go:17.3,18.37 2 0
github.com/StevanoZ/dv-shared/utils/cache_key.go:13.22,15.4 1 0
github.com/StevanoZ/dv-shared/utils/cache_key.go:18.37,20.35 2 0
github.com/StevanoZ/dv-shared/utils/cache_key.go:20.35,22.5 1 0
github.com/StevanoZ/dv-shared/utils/cache_key.go:22.10,22.69 1 0
github.com/StevanoZ/dv-shared/utils/cache_key.go:22.69,24.5 1 0
github.com/StevanoZ/dv-shared/utils/cache_key.go:24.10,24.23 1 0
github.com/StevanoZ/dv-shared/utils/cache_key.go:24.23,26.5 1 0
github.com/StevanoZ/dv-shared/utils/cache_key.go:33.44,36.27 2 0
github.com/StevanoZ/dv-shared/utils/cache_key.go:44.2,44.18 1 0
github.com/StevanoZ/dv-shared/utils/cache_key.go:36.27,37.22 1 0
github.com/StevanoZ/dv-shared/utils/cache_key.go:37.22,39.4 1 0
github.com/StevanoZ/dv-shared/utils/cache_key.go:39.9,41.4 1 0
github.com/StevanoZ/dv-shared/utils/errors.go:19.36,21.2 1 0
github.com/StevanoZ/dv-shared/utils/errors.go:27.43,29.2 1 0
github.com/StevanoZ/dv-shared/utils/errors.go:36.44,38.2 1 0
github.com/StevanoZ/dv-shared/utils/errors.go:40.56,42.2 1 0
github.com/StevanoZ/dv-shared/utils/errors.go:44.76,46.2 1 0
github.com/StevanoZ/dv-shared/utils/errors.go:48.30,49.16 1 0
github.com/StevanoZ/dv-shared/utils/errors.go:49.16,54.27 4 0
github.com/StevanoZ/dv-shared/utils/errors.go:58.3,62.16 2 0
github.com/StevanoZ/dv-shared/utils/errors.go:54.27,56.4 1 0
github.com/StevanoZ/dv-shared/utils/errors.go:66.65,67.16 1 0
github.com/StevanoZ/dv-shared/utils/errors.go:67.16,70.3 2 0
github.com/StevanoZ/dv-shared/utils/errors.go:73.52,76.2 2 0
github.com/StevanoZ/dv-shared/utils/errors.go:78.69,83.25 2 0
github.com/StevanoZ/dv-shared/utils/errors.go:86.39,91.26 4 0
github.com/StevanoZ/dv-shared/utils/errors.go:91.26,92.66 1 0
github.com/StevanoZ/dv-shared/utils/errors.go:97.3,97.46 1 0
github.com/StevanoZ/dv-shared/utils/errors.go:92.66,96.4 3 0
github.com/StevanoZ/dv-shared/utils/errors.go:101.66,106.2 3 0
github.com/StevanoZ/dv-shared/utils/errors.go:108.40,109.35 1 0
github.com/StevanoZ/dv-shared/utils/errors.go:109.35,111.3 1 0
github.com/StevanoZ/dv-shared/utils/errors.go:114.28,115.16 1 0
github.com/StevanoZ/dv-shared/utils/errors.go:115.16,117.3 1 0
github.com/StevanoZ/dv-shared/utils/errors.go:120.52,121.16 1 2
github.com/StevanoZ/dv-shared/utils/errors.go:121.16,124.13 3 0
github.com/StevanoZ/dv-shared/utils/migration.go:12.51,21.60 5 0
github.com/StevanoZ/dv-shared/utils/migration.go:25.2,25.37 1 0
github.com/StevanoZ/dv-shared/utils/migration.go:21.60,23.3 1 0
github.com/StevanoZ/dv-shared/utils/tracer.go:10.65,14.16 3 0
github.com/StevanoZ/dv-shared/utils/tracer.go:14.16,17.17 2 0
github.com/StevanoZ/dv-shared/utils/tracer.go:17.17,20.16 3 0
github.com/StevanoZ/dv-shared/utils/tracer.go:24.4,24.20 1 0
github.com/StevanoZ/dv-shared/utils/tracer.go:28.4,28.14 1 0
github.com/StevanoZ/dv-shared/utils/tracer.go:20.16,22.5 1 0
github.com/StevanoZ/dv-shared/utils/tracer.go:24.20,26.5 1 0
github.com/StevanoZ/dv-shared/utils/tracer.go:29.9,31.4 1 0
github.com/StevanoZ/dv-shared/token/paseto_maker.go:17.67,19.42 2 0
github.com/StevanoZ/dv-shared/token/paseto_maker.go:23.2,27.19 2 0
github.com/StevanoZ/dv-shared/token/paseto_maker.go:19.42,21.3 1 0
github.com/StevanoZ/dv-shared/token/paseto_maker.go:30.107,35.2 3 0
github.com/StevanoZ/dv-shared/token/paseto_maker.go:37.67,41.16 3 0
github.com/StevanoZ/dv-shared/token/paseto_maker.go:45.2,46.16 2 0
github.com/StevanoZ/dv-shared/token/paseto_maker.go:50.2,50.21 1 0
github.com/StevanoZ/dv-shared/token/paseto_maker.go:41.16,43.3 1 0
github.com/StevanoZ/dv-shared/token/paseto_maker.go:46.16,48.3 1 0
github.com/StevanoZ/dv-shared/middleware/recovery_middleware.go:11.47,12.71 1 0
github.com/StevanoZ/dv-shared/middleware/recovery_middleware.go:12.71,13.16 1 0
github.com/StevanoZ/dv-shared/middleware/recovery_middleware.go:51.3,51.23 1 0
github.com/StevanoZ/dv-shared/middleware/recovery_middleware.go:13.16,15.18 2 0
github.com/StevanoZ/dv-shared/middleware/recovery_middleware.go:15.18,22.17 5 0
github.com/StevanoZ/dv-shared/middleware/recovery_middleware.go:48.5,48.59 1 0
github.com/StevanoZ/dv-shared/middleware/recovery_middleware.go:22.17,30.6 4 0
github.com/StevanoZ/dv-shared/middleware/recovery_middleware.go:30.11,30.31 1 0
github.com/StevanoZ/dv-shared/middleware/recovery_middleware.go:30.31,33.47 2 0
github.com/StevanoZ/dv-shared/middleware/recovery_middleware.go:39.6,39.43 1 0
github.com/StevanoZ/dv-shared/middleware/recovery_middleware.go:33.47,38.7 2 0
github.com/StevanoZ/dv-shared/middleware/recovery_middleware.go:40.11,46.6 3 0
github.com/StevanoZ/dv-shared/utils/config.go:44.74,58.2 9 1
github.com/StevanoZ/dv-shared/utils/config.go:60.68,62.32 2 0
github.com/StevanoZ/dv-shared/utils/config.go:67.2,67.33 1 0
github.com/StevanoZ/dv-shared/utils/config.go:71.2,71.15 1 0
github.com/StevanoZ/dv-shared/utils/config.go:62.32,65.3 2 0
github.com/StevanoZ/dv-shared/utils/config.go:67.33,69.3 1 0
github.com/StevanoZ/dv-shared/utils/request.go:17.72,21.16 3 0
github.com/StevanoZ/dv-shared/utils/request.go:25.2,25.13 1 0
github.com/StevanoZ/dv-shared/utils/request.go:21.16,23.3 1 0
github.com/StevanoZ/dv-shared/utils/request.go:28.67,32.16 3 0
github.com/StevanoZ/dv-shared/utils/request.go:36.2,36.18 1 0
github.com/StevanoZ/dv-shared/utils/request.go:40.2,40.17 1 0
github.com/StevanoZ/dv-shared/utils/request.go:32.16,34.3 1 0
github.com/StevanoZ/dv-shared/utils/request.go:36.18,38.3 1 0
github.com/StevanoZ/dv-shared/utils/request.go:43.29,54.2 1 0
github.com/StevanoZ/dv-shared/service/cache_service.go:37.79,42.2 1 0
github.com/StevanoZ/dv-shared/service/cache_service.go:44.66,52.2 2 0
github.com/StevanoZ/dv-shared/service/cache_service.go:54.76,62.2 2 0
github.com/StevanoZ/dv-shared/service/cache_service.go:64.104,66.15 2 0
github.com/StevanoZ/dv-shared/service/cache_service.go:71.2,72.14 2 0
github.com/StevanoZ/dv-shared/service/cache_service.go:77.2,78.22 2 0
github.com/StevanoZ/dv-shared/service/cache_service.go:83.2,83.17 1 0
github.com/StevanoZ/dv-shared/service/cache_service.go:106.2,108.12 2 0
github.com/StevanoZ/dv-shared/service/cache_service.go:66.15,69.3 2 0
github.com/StevanoZ/dv-shared/service/cache_service.go:72.14,75.3 2 0
github.com/StevanoZ/dv-shared/service/cache_service.go:78.22,81.3 2 0
github.com/StevanoZ/dv-shared/service/cache_service.go:83.17,84.51 1 0
github.com/StevanoZ/dv-shared/service/cache_service.go:91.3,92.17 2 0
github.com/StevanoZ/dv-shared/service/cache_service.go:96.3,99.24 3 0
github.com/StevanoZ/dv-shared/service/cache_service.go:103.3,103.62 1 0
github.com/StevanoZ/dv-shared/service/cache_service.go:84.51,85.40 1 0
github.com/StevanoZ/dv-shared/service/cache_service.go:85.40,88.5 2 0
github.com/StevanoZ/dv-shared/service/cache_service.go:92.17,94.4 1 0
github.com/StevanoZ/dv-shared/service/cache_service.go:99.24,101.4 1 0
github.com/StevanoZ/dv-shared/service/cache_service.go:111.79,113.16 2 0
github.com/StevanoZ/dv-shared/service/cache_service.go:118.2,120.16 2 0
github.com/StevanoZ/dv-shared/service/cache_service.go:125.2,127.12 2 0
github.com/StevanoZ/dv-shared/service/cache_service.go:113.16,116.3 2 0
github.com/StevanoZ/dv-shared/service/cache_service.go:120.16,123.3 2 0
github.com/StevanoZ/dv-shared/service/cache_service.go:130.76,135.21 4 0
github.com/StevanoZ/dv-shared/service/cache_service.go:141.2,141.35 1 0
github.com/StevanoZ/dv-shared/service/cache_service.go:145.2,145.73 1 0
github.com/StevanoZ/dv-shared/service/cache_service.go:135.21,139.3 3 0
github.com/StevanoZ/dv-shared/service/cache_service.go:141.35,143.3 1 0
github.com/StevanoZ/dv-shared/service/cache_service.go:148.127,152.36 3 0
github.com/StevanoZ/dv-shared/service/cache_service.go:159.2,159.16 1 0
github.com/StevanoZ/dv-shared/service/cache_service.go:163.2,163.18 1 0
github.com/StevanoZ/dv-shared/service/cache_service.go:152.36,157.3 3 0
github.com/StevanoZ/dv-shared/service/cache_service.go:159.16,161.3 1 0
github.com/StevanoZ/dv-shared/service/cache_service.go:166.67,168.16 2 0
github.com/StevanoZ/dv-shared/service/cache_service.go:173.2,173.12 1 0
github.com/StevanoZ/dv-shared/service/cache_service.go:168.16,171.3 2 0
github.com/StevanoZ/dv-shared/service/cache_service.go:176.44,178.2 1 0
github.com/StevanoZ/dv-shared/message/utils.go:11.91,12.61 1 2
github.com/StevanoZ/dv-shared/message/utils.go:18.2,18.60 1 2
github.com/StevanoZ/dv-shared/message/utils.go:12.61,16.3 3 1
github.com/StevanoZ/dv-shared/message/utils.go:18.60,22.3 3 1
github.com/StevanoZ/dv-shared/message/utils.go:25.55,27.2 1 1
github.com/StevanoZ/dv-shared/utils/connect.go:11.51,22.2 7 0
github.com/StevanoZ/dv-shared/utils/logger.go:13.13,24.27 7 1
github.com/StevanoZ/dv-shared/utils/logger.go:28.2,32.102 4 1
github.com/StevanoZ/dv-shared/utils/logger.go:35.2,40.16 4 1
github.com/StevanoZ/dv-shared/utils/logger.go:24.27,26.3 1 0
github.com/StevanoZ/dv-shared/utils/logger.go:32.102,34.3 1 2
github.com/StevanoZ/dv-shared/utils/logger.go:40.16,42.3 1 0
github.com/StevanoZ/dv-shared/utils/logger.go:45.51,47.2 1 2
github.com/StevanoZ/dv-shared/utils/logger.go:49.52,51.2 1 0
github.com/StevanoZ/dv-shared/utils/logger.go:53.52,55.2 1 0
github.com/StevanoZ/dv-shared/utils/logger.go:57.52,59.2 1 0
github.com/StevanoZ/dv-shared/utils/logger.go:61.52,63.2 1 0
github.com/StevanoZ/dv-shared/middleware/middleware.go:11.69,12.85 1 0
github.com/StevanoZ/dv-shared/middleware/middleware.go:12.85,14.3 1 0
github.com/StevanoZ/dv-shared/middleware/middleware.go:14.8,21.3 5 0
github.com/StevanoZ/dv-shared/utils/random.go:12.13,14.2 1 1
github.com/StevanoZ/dv-shared/utils/random.go:16.38,18.2 1 0
github.com/StevanoZ/dv-shared/utils/random.go:20.33,24.25 3 0
github.com/StevanoZ/dv-shared/utils/random.go:29.2,29.20 1 0
github.com/StevanoZ/dv-shared/utils/random.go:24.25,27.3 2 0
github.com/StevanoZ/dv-shared/utils/random.go:32.30,34.2 1 0
github.com/StevanoZ/dv-shared/utils/random.go:36.27,38.2 1 0
github.com/StevanoZ/dv-shared/middleware/auth_middleware.go:19.68,23.2 1 0
github.com/StevanoZ/dv-shared/middleware/auth_middleware.go:25.122,26.54 1 0
github.com/StevanoZ/dv-shared/middleware/auth_middleware.go:26.54,29.59 2 0
github.com/StevanoZ/dv-shared/middleware/auth_middleware.go:33.3,35.17 3 0
github.com/StevanoZ/dv-shared/middleware/auth_middleware.go:39.3,39.33 1 0
github.com/StevanoZ/dv-shared/middleware/auth_middleware.go:43.3,44.33 2 0
github.com/StevanoZ/dv-shared/middleware/auth_middleware.go:29.59,31.4 1 0
github.com/StevanoZ/dv-shared/middleware/auth_middleware.go:35.17,37.4 1 0
github.com/StevanoZ/dv-shared/middleware/auth_middleware.go:39.33,41.4 1 0
github.com/StevanoZ/dv-shared/pubsub/pubsub.go:27.83,32.2 3 0
github.com/StevanoZ/dv-shared/pubsub/pubsub.go:34.100,36.2 1 0
github.com/StevanoZ/dv-shared/pubsub/pubsub.go:38.113,42.16 3 0
github.com/StevanoZ/dv-shared/pubsub/pubsub.go:46.2,46.8 1 0
github.com/StevanoZ/dv-shared/pubsub/pubsub.go:50.2,53.17 3 0
github.com/StevanoZ/dv-shared/pubsub/pubsub.go:42.16,44.3 1 0
github.com/StevanoZ/dv-shared/pubsub/pubsub.go:46.8,48.3 1 0
github.com/StevanoZ/dv-shared/pubsub/pubsub.go:56.141,60.16 3 0
github.com/StevanoZ/dv-shared/pubsub/pubsub.go:64.2,64.8 1 0
github.com/StevanoZ/dv-shared/pubsub/pubsub.go:68.2,76.4 1 0
github.com/StevanoZ/dv-shared/pubsub/pubsub.go:60.16,62.3 1 0
github.com/StevanoZ/dv-shared/pubsub/pubsub.go:64.8,66.3 1 0
github.com/StevanoZ/dv-shared/pubsub/pubsub.go:79.123,83.16 3 0
github.com/StevanoZ/dv-shared/pubsub/pubsub.go:87.2,87.31 1 0
github.com/StevanoZ/dv-shared/pubsub/pubsub.go:96.2,96.33 1 0
github.com/StevanoZ/dv-shared/pubsub/pubsub.go:104.2,104.12 1 0
github.com/StevanoZ/dv-shared/pubsub/pubsub.go:83.16,85.3 1 0
github.com/StevanoZ/dv-shared/pubsub/pubsub.go:87.31,94.3 3 0
github.com/StevanoZ/dv-shared/pubsub/pubsub.go:96.33,98.17 2 0
github.com/StevanoZ/dv-shared/pubsub/pubsub.go:101.3,101.69 1 0
github.com/StevanoZ/dv-shared/pubsub/pubsub.go:98.17,100.4 1 0
github.com/StevanoZ/dv-shared/pubsub/pubsub.go:107.157,111.16 3 0
github.com/StevanoZ/dv-shared/pubsub/pubsub.go:117.2,117.73 1 0
github.com/StevanoZ/dv-shared/pubsub/pubsub.go:111.16,113.3 1 0
github.com/StevanoZ/dv-shared/pubsub/pubsub.go:117.73,121.3 2 0
github.com/StevanoZ/dv-shared/pubsub/pubsub.go:124.42,126.2 1 0
github.com/StevanoZ/dv-shared/pubsub/pubsub.go:133.3,134.26 1 0
github.com/StevanoZ/dv-shared/pubsub/pubsub.go:137.2,138.28 2 0
github.com/StevanoZ/dv-shared/pubsub/pubsub.go:146.2,147.28 2 0
github.com/StevanoZ/dv-shared/pubsub/pubsub.go:134.26,136.3 1 0
github.com/StevanoZ/dv-shared/pubsub/pubsub.go:138.28,140.17 2 0
github.com/StevanoZ/dv-shared/pubsub/pubsub.go:144.3,144.20 1 0
github.com/StevanoZ/dv-shared/pubsub/pubsub.go:140.17,143.4 2 0
github.com/StevanoZ/dv-shared/token/payload.go:30.72,41.2 2 0
github.com/StevanoZ/dv-shared/token/payload.go:43.39,44.41 1 0
github.com/StevanoZ/dv-shared/token/payload.go:47.2,47.12 1 0
github.com/StevanoZ/dv-shared/token/payload.go:44.41,46.3 1 0
github.com/StevanoZ/dv-shared/utils/convert.go:5.42,11.2 4 0
github.com/StevanoZ/dv-shared/utils/convert.go:13.48,15.16 2 0
github.com/StevanoZ/dv-shared/utils/convert.go:18.2,18.33 1 0
github.com/StevanoZ/dv-shared/utils/convert.go:15.16,17.3 1 0
github.com/StevanoZ/dv-shared/service/email_service.go:34.66,36.2 1 0
github.com/StevanoZ/dv-shared/service/email_service.go:41.12,43.2 1 0
github.com/StevanoZ/dv-shared/service/email_service.go:45.90,54.16 8 0
github.com/StevanoZ/dv-shared/service/email_service.go:62.2,62.12 1 0
github.com/StevanoZ/dv-shared/service/email_service.go:54.16,57.3 2 0
github.com/StevanoZ/dv-shared/service/email_service.go:57.8,60.3 2 0
github.com/StevanoZ/dv-shared/utils/transaction.go:18.90,20.16 2 0
github.com/StevanoZ/dv-shared/utils/transaction.go:24.2,25.16 2 0
github.com/StevanoZ/dv-shared/utils/transaction.go:32.2,32.20 1 0
github.com/StevanoZ/dv-shared/utils/transaction.go:20.16,22.3 1 0
github.com/StevanoZ/dv-shared/utils/transaction.go:25.16,26.43 1 0
github.com/StevanoZ/dv-shared/utils/transaction.go:29.3,29.13 1 0
github.com/StevanoZ/dv-shared/utils/transaction.go:26.43,28.4 1 0
github.com/StevanoZ/dv-shared/utils/transaction.go:35.99,36.31 1 0
github.com/StevanoZ/dv-shared/utils/transaction.go:53.2,54.25 2 0
github.com/StevanoZ/dv-shared/utils/transaction.go:70.2,70.12 1 0
github.com/StevanoZ/dv-shared/utils/transaction.go:36.31,38.17 2 0
github.com/StevanoZ/dv-shared/utils/transaction.go:42.3,43.17 2 0
github.com/StevanoZ/dv-shared/utils/transaction.go:50.3,50.21 1 0
github.com/StevanoZ/dv-shared/utils/transaction.go:38.17,40.4 1 0
github.com/StevanoZ/dv-shared/utils/transaction.go:43.17,44.44 1 0
github.com/StevanoZ/dv-shared/utils/transaction.go:47.4,47.14 1 0
github.com/StevanoZ/dv-shared/utils/transaction.go:44.44,46.5 1 0
github.com/StevanoZ/dv-shared/utils/transaction.go:54.25,55.17 1 0
github.com/StevanoZ/dv-shared/utils/transaction.go:55.17,56.9 1 0
github.com/StevanoZ/dv-shared/utils/transaction.go:57.9,60.52 1 0
github.com/StevanoZ/dv-shared/utils/transaction.go:60.52,64.4 3 0
github.com/StevanoZ/dv-shared/utils/transaction.go:64.9,66.9 1 0
github.com/StevanoZ/dv-shared/token/token_util.go:15.87,17.2 1 0
github.com/StevanoZ/dv-shared/token/token_util.go:19.58,21.2 1 0
github.com/StevanoZ/dv-shared/token/token_util.go:23.60,26.37 2 0
github.com/StevanoZ/dv-shared/token/token_util.go:26.37,28.3 1 0
github.com/StevanoZ/dv-shared/utils/response.go:28.83,43.2 7 0
github.com/StevanoZ/dv-shared/utils/response.go:45.81,60.2 7 0
github.com/StevanoZ/dv-shared/main.go:13.13,29.89 9 0
github.com/StevanoZ/dv-shared/main.go:29.89,31.3 1 0
github.com/StevanoZ/dv-shared/utils/file.go:9.29,12.2 2 0
github.com/StevanoZ/dv-shared/utils/file.go:14.43,16.2 1 0
github.com/StevanoZ/dv-shared/utils/file.go:18.48,20.2 1 0
github.com/StevanoZ/dv-shared/utils/file.go:22.36,24.2 1 0
github.com/StevanoZ/dv-shared/utils/file.go:26.42,28.24 2 0
github.com/StevanoZ/dv-shared/utils/file.go:31.2,31.22 1 0
github.com/StevanoZ/dv-shared/utils/file.go:28.24,30.3 1 0
github.com/StevanoZ/dv-shared/utils/password.go:5.54,8.2 2 0
github.com/StevanoZ/dv-shared/utils/password.go:10.68,12.2 1 0
github.com/StevanoZ/dv-shared/s3/s3_client.go:17.66,25.2 3 0
github.com/StevanoZ/dv-shared/s3/s3_client.go:27.57,29.2 1 0
github.com/StevanoZ/dv-shared/s3/s3_client.go:41.24,47.2 1 0
github.com/StevanoZ/dv-shared/s3/s3_client.go:49.113,55.16 2 0
github.com/StevanoZ/dv-shared/s3/s3_client.go:59.2,62.16 3 0
github.com/StevanoZ/dv-shared/s3/s3_client.go:66.2,66.24 1 0
github.com/StevanoZ/dv-shared/s3/s3_client.go:55.16,57.3 1 0
github.com/StevanoZ/dv-shared/s3/s3_client.go:62.16,64.3 1 0
github.com/StevanoZ/dv-shared/s3/s3_client.go:69.112,76.16 2 0
github.com/StevanoZ/dv-shared/s3/s3_client.go:80.2,80.36 1 0
github.com/StevanoZ/dv-shared/s3/s3_client.go:76.16,78.3 1 0
github.com/StevanoZ/dv-shared/s3/s3_client.go:83.94,90.2 2 0
github.com/StevanoZ/dv-shared/s3/s3_client.go:92.88,99.83 2 0
github.com/StevanoZ/dv-shared/s3/s3_client.go:102.2,102.16 1 0
github.com/StevanoZ/dv-shared/s3/s3_client.go:106.2,106.22 1 0
github.com/StevanoZ/dv-shared/s3/s3_client.go:99.83,101.3 1 0
github.com/StevanoZ/dv-shared/s3/s3_client.go:102.16,104.3 1 0
github.com/StevanoZ/dv-shared/s3/s3_client.go:109.59,115.2 1 0
github.com/StevanoZ/dv-shared/utils/config.go:44.74,58.2 9 0
github.com/StevanoZ/dv-shared/utils/config.go:60.68,62.32 2 0
github.com/StevanoZ/dv-shared/utils/config.go:67.2,67.33 1 0
github.com/StevanoZ/dv-shared/utils/config.go:71.2,71.15 1 0
github.com/StevanoZ/dv-shared/utils/config.go:62.32,65.3 2 0
github.com/StevanoZ/dv-shared/utils/config.go:67.33,69.3 1 0
github.com/StevanoZ/dv-shared/utils/convert.go:5.42,11.2 4 0
github.com/StevanoZ/dv-shared/utils/convert.go:13.48,15.16 2 0
github.com/StevanoZ/dv-shared/utils/convert.go:18.2,18.33 1 0
github.com/StevanoZ/dv-shared/utils/convert.go:15.16,17.3 1 0
github.com/StevanoZ/dv-shared/utils/migration.go:12.51,21.60 5 0
github.com/StevanoZ/dv-shared/utils/migration.go:25.2,25.37 1 0
github.com/StevanoZ/dv-shared/utils/migration.go:21.60,23.3 1 0
github.com/StevanoZ/dv-shared/utils/file.go:9.29,12.2 2 0
github.com/StevanoZ/dv-shared/utils/file.go:14.43,16.2 1 0
github.com/StevanoZ/dv-shared/utils/file.go:18.48,20.2 1 0
github.com/StevanoZ/dv-shared/utils/file.go:22.36,24.2 1 0
github.com/StevanoZ/dv-shared/utils/file.go:26.42,28.24 2 0
github.com/StevanoZ/dv-shared/utils/file.go:31.2,31.22 1 0
github.com/StevanoZ/dv-shared/utils/file.go:28.24,30.3 1 0
github.com/StevanoZ/dv-shared/utils/logger.go:13.13,24.27 7 1
github.com/StevanoZ/dv-shared/utils/logger.go:28.2,32.102 4 1
github.com/StevanoZ/dv-shared/utils/logger.go:35.2,40.16 4 1
github.com/StevanoZ/dv-shared/utils/logger.go:24.27,26.3 1 0
github.com/StevanoZ/dv-shared/utils/logger.go:32.102,34.3 1 3
github.com/StevanoZ/dv-shared/utils/logger.go:40.16,42.3 1 0
github.com/StevanoZ/dv-shared/utils/logger.go:45.51,47.2 1 0
github.com/StevanoZ/dv-shared/utils/logger.go:49.52,51.2 1 0
github.com/StevanoZ/dv-shared/utils/logger.go:53.52,55.2 1 0
github.com/StevanoZ/dv-shared/utils/logger.go:57.52,59.2 1 0
github.com/StevanoZ/dv-shared/utils/logger.go:61.52,63.2 1 3
github.com/StevanoZ/dv-shared/utils/transaction.go:18.90,20.16 2 0
github.com/StevanoZ/dv-shared/utils/transaction.go:24.2,25.16 2 0
github.com/StevanoZ/dv-shared/utils/transaction.go:32.2,32.20 1 0
github.com/StevanoZ/dv-shared/utils/transaction.go:20.16,22.3 1 0
github.com/StevanoZ/dv-shared/utils/transaction.go:25.16,26.43 1 0
github.com/StevanoZ/dv-shared/utils/transaction.go:29.3,29.13 1 0
github.com/StevanoZ/dv-shared/utils/transaction.go:26.43,28.4 1 0
github.com/StevanoZ/dv-shared/utils/transaction.go:35.99,36.31 1 0
github.com/StevanoZ/dv-shared/utils/transaction.go:53.2,54.25 2 0
github.com/StevanoZ/dv-shared/utils/transaction.go:70.2,70.12 1 0
github.com/StevanoZ/dv-shared/utils/transaction.go:36.31,38.17 2 0
github.com/StevanoZ/dv-shared/utils/transaction.go:42.3,43.17 2 0
github.com/StevanoZ/dv-shared/utils/transaction.go:50.3,50.21 1 0
github.com/StevanoZ/dv-shared/utils/transaction.go:38.17,40.4 1 0
github.com/StevanoZ/dv-shared/utils/transaction.go:43.17,44.44 1 0
github.com/StevanoZ/dv-shared/utils/transaction.go:47.4,47.14 1 0
github.com/StevanoZ/dv-shared/utils/transaction.go:44.44,46.5 1 0
github.com/StevanoZ/dv-shared/utils/transaction.go:54.25,55.17 1 0
github.com/StevanoZ/dv-shared/utils/transaction.go:55.17,56.9 1 0
github.com/StevanoZ/dv-shared/utils/transaction.go:57.9,60.52 1 0
github.com/StevanoZ/dv-shared/utils/transaction.go:60.52,64.4 3 0
github.com/StevanoZ/dv-shared/utils/transaction.go:64.9,66.9 1 0
github.com/StevanoZ/dv-shared/service/cache_service.go:37.79,42.2 1 0
github.com/StevanoZ/dv-shared/service/cache_service.go:44.66,52.2 2 0
github.com/StevanoZ/dv-shared/service/cache_service.go:54.76,62.2 2 0
github.com/StevanoZ/dv-shared/service/cache_service.go:64.104,66.15 2 0
github.com/StevanoZ/dv-shared/service/cache_service.go:71.2,72.14 2 0
github.com/StevanoZ/dv-shared/service/cache_service.go:77.2,78.22 2 0
github.com/StevanoZ/dv-shared/service/cache_service.go:83.2,83.17 1 0
github.com/StevanoZ/dv-shared/service/cache_service.go:106.2,108.12 2 0
github.com/StevanoZ/dv-shared/service/cache_service.go:66.15,69.3 2 0
github.com/StevanoZ/dv-shared/service/cache_service.go:72.14,75.3 2 0
github.com/StevanoZ/dv-shared/service/cache_service.go:78.22,81.3 2 0
github.com/StevanoZ/dv-shared/service/cache_service.go:83.17,84.51 1 0
github.com/StevanoZ/dv-shared/service/cache_service.go:91.3,92.17 2 0
github.com/StevanoZ/dv-shared/service/cache_service.go:96.3,99.24 3 0
github.com/StevanoZ/dv-shared/service/cache_service.go:103.3,103.62 1 0
github.com/StevanoZ/dv-shared/service/cache_service.go:84.51,85.40 1 0
github.com/StevanoZ/dv-shared/service/cache_service.go:85.40,88.5 2 0
github.com/StevanoZ/dv-shared/service/cache_service.go:92.17,94.4 1 0
github.com/StevanoZ/dv-shared/service/cache_service.go:99.24,101.4 1 0
github.com/StevanoZ/dv-shared/service/cache_service.go:111.79,113.16 2 0
github.com/StevanoZ/dv-shared/service/cache_service.go:118.2,120.16 2 0
github.com/StevanoZ/dv-shared/service/cache_service.go:125.2,127.12 2 0
github.com/StevanoZ/dv-shared/service/cache_service.go:113.16,116.3 2 0
github.com/StevanoZ/dv-shared/service/cache_service.go:120.16,123.3 2 0
github.com/StevanoZ/dv-shared/service/cache_service.go:130.76,135.21 4 0
github.com/StevanoZ/dv-shared/service/cache_service.go:141.2,141.35 1 0
github.com/StevanoZ/dv-shared/service/cache_service.go:145.2,145.73 1 0
github.com/StevanoZ/dv-shared/service/cache_service.go:135.21,139.3 3 0
github.com/StevanoZ/dv-shared/service/cache_service.go:141.35,143.3 1 0
github.com/StevanoZ/dv-shared/service/cache_service.go:148.127,152.36 3 0
github.com/StevanoZ/dv-shared/service/cache_service.go:159.2,159.16 1 0
github.com/StevanoZ/dv-shared/service/cache_service.go:163.2,163.18 1 0
github.com/StevanoZ/dv-shared/service/cache_service.go:152.36,157.3 3 0
github.com/StevanoZ/dv-shared/service/cache_service.go:159.16,161.3 1 0
github.com/StevanoZ/dv-shared/service/cache_service.go:166.67,168.16 2 0
github.com/StevanoZ/dv-shared/service/cache_service.go:173.2,173.12 1 0
github.com/StevanoZ/dv-shared/service/cache_service.go:168.16,171.3 2 0
github.com/StevanoZ/dv-shared/service/cache_service.go:176.44,178.2 1 0
github.com/StevanoZ/dv-shared/service/email_service.go:34.66,36.2 1 0
github.com/StevanoZ/dv-shared/service/email_service.go:41.12,43.2 1 0
github.com/StevanoZ/dv-shared/service/email_service.go:45.90,54.16 8 0
github.com/StevanoZ/dv-shared/service/email_service.go:62.2,62.12 1 0
github.com/StevanoZ/dv-shared/service/email_service.go:54.16,57.3 2 0
github.com/StevanoZ/dv-shared/service/email_service.go:57.8,60.3 2 0
github.com/StevanoZ/dv-shared/s3/s3_client.go:17.66,25.2 3 0
github.com/StevanoZ/dv-shared/s3/s3_client.go:27.57,29.2 1 0
github.com/StevanoZ/dv-shared/s3/s3_client.go:41.24,47.2 1 0
github.com/StevanoZ/dv-shared/s3/s3_client.go:49.113,55.16 2 0
github.com/StevanoZ/dv-shared/s3/s3_client.go:59.2,62.16 3 0
github.com/StevanoZ/dv-shared/s3/s3_client.go:66.2,66.24 1 0
github.com/StevanoZ/dv-shared/s3/s3_client.go:55.16,57.3 1 0
github.com/StevanoZ/dv-shared/s3/s3_client.go:62.16,64.3 1 0
github.com/StevanoZ/dv-shared/s3/s3_client.go:69.112,76.16 2 0
github.com/StevanoZ/dv-shared/s3/s3_client.go:80.2,80.36 1 0
github.com/StevanoZ/dv-shared/s3/s3_client.go:76.16,78.3 1 0
github.com/StevanoZ/dv-shared/s3/s3_client.go:83.94,90.2 2 0
github.com/StevanoZ/dv-shared/s3/s3_client.go:92.88,99.83 2 0
github.com/StevanoZ/dv-shared/s3/s3_client.go:102.2,102.16 1 0
github.com/StevanoZ/dv-shared/s3/s3_client.go:106.2,106.22 1 0
github.com/StevanoZ/dv-shared/s3/s3_client.go:99.83,101.3 1 0
github.com/StevanoZ/dv-shared/s3/s3_client.go:102.16,104.3 1 0
github.com/StevanoZ/dv-shared/s3/s3_client.go:109.59,115.2 1 0
github.com/StevanoZ/dv-shared/utils/request.go:17.72,21.16 3 0
github.com/StevanoZ/dv-shared/utils/request.go:25.2,25.13 1 0
github.com/StevanoZ/dv-shared/utils/request.go:21.16,23.3 1 0
github.com/StevanoZ/dv-shared/utils/request.go:28.67,32.16 3 0
github.com/StevanoZ/dv-shared/utils/request.go:36.2,36.18 1 0
github.com/StevanoZ/dv-shared/utils/request.go:40.2,40.17 1 0
github.com/StevanoZ/dv-shared/utils/request.go:32.16,34.3 1 0
github.com/StevanoZ/dv-shared/utils/request.go:36.18,38.3 1 0
github.com/StevanoZ/dv-shared/utils/request.go:43.29,54.2 1 0
github.com/StevanoZ/dv-shared/utils/response.go:28.83,43.2 7 0
github.com/StevanoZ/dv-shared/utils/response.go:45.81,60.2 7 3
github.com/StevanoZ/dv-shared/utils/tracer.go:10.65,14.16 3 0
github.com/StevanoZ/dv-shared/utils/tracer.go:14.16,17.17 2 0
github.com/StevanoZ/dv-shared/utils/tracer.go:17.17,20.16 3 0
github.com/StevanoZ/dv-shared/utils/tracer.go:24.4,24.20 1 0
github.com/StevanoZ/dv-shared/utils/tracer.go:28.4,28.14 1 0
github.com/StevanoZ/dv-shared/utils/tracer.go:20.16,22.5 1 0
github.com/StevanoZ/dv-shared/utils/tracer.go:24.20,26.5 1 0
github.com/StevanoZ/dv-shared/utils/tracer.go:29.9,31.4 1 0
github.com/StevanoZ/dv-shared/token/payload.go:30.72,41.2 2 0
github.com/StevanoZ/dv-shared/token/payload.go:43.39,44.41 1 0
github.com/StevanoZ/dv-shared/token/payload.go:47.2,47.12 1 0
github.com/StevanoZ/dv-shared/token/payload.go:44.41,46.3 1 0
github.com/StevanoZ/dv-shared/middleware/middleware.go:11.69,12.85 1 0
github.com/StevanoZ/dv-shared/middleware/middleware.go:12.85,14.3 1 0
github.com/StevanoZ/dv-shared/middleware/middleware.go:14.8,21.3 5 0
github.com/StevanoZ/dv-shared/utils/cache_key.go:8.88,11.27 3 0
github.com/StevanoZ/dv-shared/utils/cache_key.go:30.2,30.50 1 0
github.com/StevanoZ/dv-shared/utils/cache_key.go:11.27,13.22 1 0
github.com/StevanoZ/dv-shared/utils/cache_key.go:17.3,18.37 2 0
github.com/StevanoZ/dv-shared/utils/cache_key.go:13.22,15.4 1 0
github.com/StevanoZ/dv-shared/utils/cache_key.go:18.37,20.35 2 0
github.com/StevanoZ/dv-shared/utils/cache_key.go:20.35,22.5 1 0
github.com/StevanoZ/dv-shared/utils/cache_key.go:22.10,22.69 1 0
github.com/StevanoZ/dv-shared/utils/cache_key.go:22.69,24.5 1 0
github.com/StevanoZ/dv-shared/utils/cache_key.go:24.10,24.23 1 0
github.com/StevanoZ/dv-shared/utils/cache_key.go:24.23,26.5 1 0
github.com/StevanoZ/dv-shared/utils/cache_key.go:33.44,36.27 2 0
github.com/StevanoZ/dv-shared/utils/cache_key.go:44.2,44.18 1 0
github.com/StevanoZ/dv-shared/utils/cache_key.go:36.27,37.22 1 0
github.com/StevanoZ/dv-shared/utils/cache_key.go:37.22,39.4 1 0
github.com/StevanoZ/dv-shared/utils/cache_key.go:39.9,41.4 1 0
github.com/StevanoZ/dv-shared/utils/errors.go:19.36,21.2 1 0
github.com/StevanoZ/dv-shared/utils/errors.go:27.43,29.2 1 0
github.com/StevanoZ/dv-shared/utils/errors.go:36.44,38.2 1 0
github.com/StevanoZ/dv-shared/utils/errors.go:40.56,42.2 1 3
github.com/StevanoZ/dv-shared/utils/errors.go:44.76,46.2 1 1
github.com/StevanoZ/dv-shared/utils/errors.go:48.30,49.16 1 4
github.com/StevanoZ/dv-shared/utils/errors.go:49.16,54.27 4 4
github.com/StevanoZ/dv-shared/utils/errors.go:58.3,62.16 2 4
github.com/StevanoZ/dv-shared/utils/errors.go:54.27,56.4 1 4
github.com/StevanoZ/dv-shared/utils/errors.go:66.65,67.16 1 6
github.com/StevanoZ/dv-shared/utils/errors.go:67.16,70.3 2 0
github.com/StevanoZ/dv-shared/utils/errors.go:73.52,76.2 2 0
github.com/StevanoZ/dv-shared/utils/errors.go:78.69,83.25 2 1
github.com/StevanoZ/dv-shared/utils/errors.go:86.39,91.26 4 0
github.com/StevanoZ/dv-shared/utils/errors.go:91.26,92.66 1 0
github.com/StevanoZ/dv-shared/utils/errors.go:97.3,97.46 1 0
github.com/StevanoZ/dv-shared/utils/errors.go:92.66,96.4 3 0
github.com/StevanoZ/dv-shared/utils/errors.go:101.66,106.2 3 0
github.com/StevanoZ/dv-shared/utils/errors.go:108.40,109.35 1 0
github.com/StevanoZ/dv-shared/utils/errors.go:109.35,111.3 1 0
github.com/StevanoZ/dv-shared/utils/errors.go:114.28,115.16 1 0
github.com/StevanoZ/dv-shared/utils/errors.go:115.16,117.3 1 0
github.com/StevanoZ/dv-shared/utils/errors.go:120.52,121.16 1 0
github.com/StevanoZ/dv-shared/utils/errors.go:121.16,124.13 3 0
github.com/StevanoZ/dv-shared/message/utils.go:11.91,12.61 1 0
github.com/StevanoZ/dv-shared/message/utils.go:18.2,18.60 1 0
github.com/StevanoZ/dv-shared/message/utils.go:12.61,16.3 3 0
github.com/StevanoZ/dv-shared/message/utils.go:18.60,22.3 3 0
github.com/StevanoZ/dv-shared/message/utils.go:25.55,27.2 1 0
github.com/StevanoZ/dv-shared/main.go:13.13,29.89 9 0
github.com/StevanoZ/dv-shared/main.go:29.89,31.3 1 0
github.com/StevanoZ/dv-shared/token/paseto_maker.go:17.67,19.42 2 0
github.com/StevanoZ/dv-shared/token/paseto_maker.go:23.2,27.19 2 0
github.com/StevanoZ/dv-shared/token/paseto_maker.go:19.42,21.3 1 0
github.com/StevanoZ/dv-shared/token/paseto_maker.go:30.107,35.2 3 0
github.com/StevanoZ/dv-shared/token/paseto_maker.go:37.67,41.16 3 0
github.com/StevanoZ/dv-shared/token/paseto_maker.go:45.2,46.16 2 0
github.com/StevanoZ/dv-shared/token/paseto_maker.go:50.2,50.21 1 0
github.com/StevanoZ/dv-shared/token/paseto_maker.go:41.16,43.3 1 0
github.com/StevanoZ/dv-shared/token/paseto_maker.go:46.16,48.3 1 0
github.com/StevanoZ/dv-shared/kafka/kafka_client.go:20.79,24.27 3 0
github.com/StevanoZ/dv-shared/kafka/kafka_client.go:40.2,40.22 1 0
github.com/StevanoZ/dv-shared/kafka/kafka_client.go:24.27,33.3 1 0
github.com/StevanoZ/dv-shared/kafka/kafka_client.go:33.8,38.3 1 0
github.com/StevanoZ/dv-shared/kafka/kafka_client.go:43.79,47.27 3 0
github.com/StevanoZ/dv-shared/kafka/kafka_client.go:47.27,58.3 2 0
github.com/StevanoZ/dv-shared/kafka/kafka_client.go:58.8,66.3 2 0
github.com/StevanoZ/dv-shared/kafka/kafka_client.go:69.102,74.2 1 0
github.com/StevanoZ/dv-shared/kafka/kafka_client.go:76.94,79.24 3 0
github.com/StevanoZ/dv-shared/kafka/kafka_client.go:101.2,101.35 1 0
github.com/StevanoZ/dv-shared/kafka/kafka_client.go:104.2,104.12 1 0
github.com/StevanoZ/dv-shared/kafka/kafka_client.go:79.24,81.23 2 0
github.com/StevanoZ/dv-shared/kafka/kafka_client.go:81.23,91.18 2 0
github.com/StevanoZ/dv-shared/kafka/kafka_client.go:95.4,97.14 3 0
github.com/StevanoZ/dv-shared/kafka/kafka_client.go:91.18,93.5 1 0
github.com/StevanoZ/dv-shared/kafka/kafka_client.go:101.35,103.3 1 0
github.com/StevanoZ/dv-shared/kafka/kafka_client.go:107.109,111.16 3 0
github.com/StevanoZ/dv-shared/kafka/kafka_client.go:116.2,119.18 3 0
github.com/StevanoZ/dv-shared/kafka/kafka_client.go:122.2,122.18 1 0
github.com/StevanoZ/dv-shared/kafka/kafka_client.go:134.2,134.12 1 0
github.com/StevanoZ/dv-shared/kafka/kafka_client.go:111.16,114.3 2 0
github.com/StevanoZ/dv-shared/kafka/kafka_client.go:119.18,121.3 1 0
github.com/StevanoZ/dv-shared/kafka/kafka_client.go:122.18,124.17 2 0
github.com/StevanoZ/dv-shared/kafka/kafka_client.go:124.17,126.4 1 0
github.com/StevanoZ/dv-shared/kafka/kafka_client.go:126.9,131.4 3 0
github.com/StevanoZ/dv-shared/utils/random.go:12.13,14.2 1 1
github.com/StevanoZ/dv-shared/utils/random.go:16.38,18.2 1 0
github.com/StevanoZ/dv-shared/utils/random.go:20.33,24.25 3 3
github.com/StevanoZ/dv-shared/utils/random.go:29.2,29.20 1 3
github.com/StevanoZ/dv-shared/utils/random.go:24.25,27.3 2 24
github.com/StevanoZ/dv-shared/utils/random.go:32.30,34.2 1 0
github.com/StevanoZ/dv-shared/utils/random.go:36.27,38.2 1 3
github.com/StevanoZ/dv-shared/token/token_util.go:15.87,17.2 1 1
github.com/StevanoZ/dv-shared/token/token_util.go:19.58,21.2 1 0
github.com/StevanoZ/dv-shared/token/token_util.go:23.60,26.37 2 0
github.com/StevanoZ/dv-shared/token/token_util.go:26.37,28.3 1 0
github.com/StevanoZ/dv-shared/middleware/auth_middleware.go:19.68,23.2 1 1
github.com/StevanoZ/dv-shared/middleware/auth_middleware.go:25.122,26.54 1 1
github.com/StevanoZ/dv-shared/middleware/auth_middleware.go:26.54,29.59 2 4
github.com/StevanoZ/dv-shared/middleware/auth_middleware.go:33.3,35.17 3 3
github.com/StevanoZ/dv-shared/middleware/auth_middleware.go:39.3,39.33 1 2
github.com/StevanoZ/dv-shared/middleware/auth_middleware.go:43.3,44.33 2 1
github.com/StevanoZ/dv-shared/middleware/auth_middleware.go:29.59,31.4 1 1
github.com/StevanoZ/dv-shared/middleware/auth_middleware.go:35.17,37.4 1 1
github.com/StevanoZ/dv-shared/middleware/auth_middleware.go:39.33,41.4 1 1
github.com/StevanoZ/dv-shared/utils/password.go:5.54,8.2 2 0
github.com/StevanoZ/dv-shared/utils/password.go:10.68,12.2 1 0
github.com/StevanoZ/dv-shared/pubsub/pubsub.go:27.83,32.2 3 0
github.com/StevanoZ/dv-shared/pubsub/pubsub.go:34.100,36.2 1 0
github.com/StevanoZ/dv-shared/pubsub/pubsub.go:38.113,42.16 3 0
github.com/StevanoZ/dv-shared/pubsub/pubsub.go:46.2,46.8 1 0
github.com/StevanoZ/dv-shared/pubsub/pubsub.go:50.2,53.17 3 0
github.com/StevanoZ/dv-shared/pubsub/pubsub.go:42.16,44.3 1 0
github.com/StevanoZ/dv-shared/pubsub/pubsub.go:46.8,48.3 1 0
github.com/StevanoZ/dv-shared/pubsub/pubsub.go:56.141,60.16 3 0
github.com/StevanoZ/dv-shared/pubsub/pubsub.go:64.2,64.8 1 0
github.com/StevanoZ/dv-shared/pubsub/pubsub.go:68.2,76.4 1 0
github.com/StevanoZ/dv-shared/pubsub/pubsub.go:60.16,62.3 1 0
github.com/StevanoZ/dv-shared/pubsub/pubsub.go:64.8,66.3 1 0
github.com/StevanoZ/dv-shared/pubsub/pubsub.go:79.123,83.16 3 0
github.com/StevanoZ/dv-shared/pubsub/pubsub.go:87.2,87.31 1 0
github.com/StevanoZ/dv-shared/pubsub/pubsub.go:96.2,96.33 1 0
github.com/StevanoZ/dv-shared/pubsub/pubsub.go:104.2,104.12 1 0
github.com/StevanoZ/dv-shared/pubsub/pubsub.go:83.16,85.3 1 0
github.com/StevanoZ/dv-shared/pubsub/pubsub.go:87.31,94.3 3 0
github.com/StevanoZ/dv-shared/pubsub/pubsub.go:96.33,98.17 2 0
github.com/StevanoZ/dv-shared/pubsub/pubsub.go:101.3,101.69 1 0
github.com/StevanoZ/dv-shared/pubsub/pubsub.go:98.17,100.4 1 0
github.com/StevanoZ/dv-shared/pubsub/pubsub.go:107.157,111.16 3 0
github.com/StevanoZ/dv-shared/pubsub/pubsub.go:117.2,117.73 1 0
github.com/StevanoZ/dv-shared/pubsub/pubsub.go:111.16,113.3 1 0
github.com/StevanoZ/dv-shared/pubsub/pubsub.go:117.73,121.3 2 0
github.com/StevanoZ/dv-shared/pubsub/pubsub.go:124.42,126.2 1 0
github.com/StevanoZ/dv-shared/pubsub/pubsub.go:133.3,134.26 1 0
github.com/StevanoZ/dv-shared/pubsub/pubsub.go:137.2,138.28 2 0
github.com/StevanoZ/dv-shared/pubsub/pubsub.go:146.2,147.28 2 0
github.com/StevanoZ/dv-shared/pubsub/pubsub.go:134.26,136.3 1 0
github.com/StevanoZ/dv-shared/pubsub/pubsub.go:138.28,140.17 2 0
github.com/StevanoZ/dv-shared/pubsub/pubsub.go:144.3,144.20 1 0
github.com/StevanoZ/dv-shared/pubsub/pubsub.go:140.17,143.4 2 0
github.com/StevanoZ/dv-shared/middleware/recovery_middleware.go:11.47,12.71 1 3
github.com/StevanoZ/dv-shared/middleware/recovery_middleware.go:12.71,13.16 1 3
github.com/StevanoZ/dv-shared/middleware/recovery_middleware.go:51.3,51.23 1 3
github.com/StevanoZ/dv-shared/middleware/recovery_middleware.go:13.16,15.18 2 3
github.com/StevanoZ/dv-shared/middleware/recovery_middleware.go:15.18,22.17 5 3
github.com/StevanoZ/dv-shared/middleware/recovery_middleware.go:48.5,48.59 1 3
github.com/StevanoZ/dv-shared/middleware/recovery_middleware.go:22.17,30.6 4 1
github.com/StevanoZ/dv-shared/middleware/recovery_middleware.go:30.11,30.31 1 2
github.com/StevanoZ/dv-shared/middleware/recovery_middleware.go:30.31,33.47 2 1
github.com/StevanoZ/dv-shared/middleware/recovery_middleware.go:39.6,39.43 1 1
github.com/StevanoZ/dv-shared/middleware/recovery_middleware.go:33.47,38.7 2 2
github.com/StevanoZ/dv-shared/middleware/recovery_middleware.go:40.11,46.6 3 1
github.com/StevanoZ/dv-shared/utils/connect.go:11.51,22.2 7 0
github.com/StevanoZ/dv-shared/utils/config.go:44.74,58.2 9 4
github.com/StevanoZ/dv-shared/utils/config.go:60.68,62.32 2 0
github.com/StevanoZ/dv-shared/utils/config.go:67.2,67.33 1 0
github.com/StevanoZ/dv-shared/utils/config.go:71.2,71.15 1 0
github.com/StevanoZ/dv-shared/utils/config.go:62.32,65.3 2 0
github.com/StevanoZ/dv-shared/utils/config.go:67.33,69.3 1 0
github.com/StevanoZ/dv-shared/message/utils.go:11.91,12.61 1 0
github.com/StevanoZ/dv-shared/message/utils.go:18.2,18.60 1 0
github.com/StevanoZ/dv-shared/message/utils.go:12.61,16.3 3 0
github.com/StevanoZ/dv-shared/message/utils.go:18.60,22.3 3 0
github.com/StevanoZ/dv-shared/message/utils.go:25.55,27.2 1 0
github.com/StevanoZ/dv-shared/kafka/kafka_client.go:20.79,24.27 3 0
github.com/StevanoZ/dv-shared/kafka/kafka_client.go:40.2,40.22 1 0
github.com/StevanoZ/dv-shared/kafka/kafka_client.go:24.27,33.3 1 0
github.com/StevanoZ/dv-shared/kafka/kafka_client.go:33.8,38.3 1 0
github.com/StevanoZ/dv-shared/kafka/kafka_client.go:43.79,47.27 3 0
github.com/StevanoZ/dv-shared/kafka/kafka_client.go:47.27,58.3 2 0
github.com/StevanoZ/dv-shared/kafka/kafka_client.go:58.8,66.3 2 0
github.com/StevanoZ/dv-shared/kafka/kafka_client.go:69.102,74.2 1 0
github.com/StevanoZ/dv-shared/kafka/kafka_client.go:76.94,79.24 3 0
github.com/StevanoZ/dv-shared/kafka/kafka_client.go:101.2,101.35 1 0
github.com/StevanoZ/dv-shared/kafka/kafka_client.go:104.2,104.12 1 0
github.com/StevanoZ/dv-shared/kafka/kafka_client.go:79.24,81.23 2 0
github.com/StevanoZ/dv-shared/kafka/kafka_client.go:81.23,91.18 2 0
github.com/StevanoZ/dv-shared/kafka/kafka_client.go:95.4,97.14 3 0
github.com/StevanoZ/dv-shared/kafka/kafka_client.go:91.18,93.5 1 0
github.com/StevanoZ/dv-shared/kafka/kafka_client.go:101.35,103.3 1 0
github.com/StevanoZ/dv-shared/kafka/kafka_client.go:107.109,111.16 3 0
github.com/StevanoZ/dv-shared/kafka/kafka_client.go:116.2,119.18 3 0
github.com/StevanoZ/dv-shared/kafka/kafka_client.go:122.2,122.18 1 0
github.com/StevanoZ/dv-shared/kafka/kafka_client.go:134.2,134.12 1 0
github.com/StevanoZ/dv-shared/kafka/kafka_client.go:111.16,114.3 2 0
github.com/StevanoZ/dv-shared/kafka/kafka_client.go:119.18,121.3 1 0
github.com/StevanoZ/dv-shared/kafka/kafka_client.go:122.18,124.17 2 0
github.com/StevanoZ/dv-shared/kafka/kafka_client.go:124.17,126.4 1 0
github.com/StevanoZ/dv-shared/kafka/kafka_client.go:126.9,131.4 3 0
github.com/StevanoZ/dv-shared/middleware/auth_middleware.go:19.68,23.2 1 0
github.com/StevanoZ/dv-shared/middleware/auth_middleware.go:25.122,26.54 1 0
github.com/StevanoZ/dv-shared/middleware/auth_middleware.go:26.54,29.59 2 0
github.com/StevanoZ/dv-shared/middleware/auth_middleware.go:33.3,35.17 3 0
github.com/StevanoZ/dv-shared/middleware/auth_middleware.go:39.3,39.33 1 0
github.com/StevanoZ/dv-shared/middleware/auth_middleware.go:43.3,44.33 2 0
github.com/StevanoZ/dv-shared/middleware/auth_middleware.go:29.59,31.4 1 0
github.com/StevanoZ/dv-shared/middleware/auth_middleware.go:35.17,37.4 1 0
github.com/StevanoZ/dv-shared/middleware/auth_middleware.go:39.33,41.4 1 0
github.com/StevanoZ/dv-shared/utils/errors.go:19.36,21.2 1 0
github.com/StevanoZ/dv-shared/utils/errors.go:27.43,29.2 1 0
github.com/StevanoZ/dv-shared/utils/errors.go:36.44,38.2 1 0
github.com/StevanoZ/dv-shared/utils/errors.go:40.56,42.2 1 0
github.com/StevanoZ/dv-shared/utils/errors.go:44.76,46.2 1 0
github.com/StevanoZ/dv-shared/utils/errors.go:48.30,49.16 1 0
github.com/StevanoZ/dv-shared/utils/errors.go:49.16,54.27 4 0
github.com/StevanoZ/dv-shared/utils/errors.go:58.3,62.16 2 0
github.com/StevanoZ/dv-shared/utils/errors.go:54.27,56.4 1 0
github.com/StevanoZ/dv-shared/utils/errors.go:66.65,67.16 1 0
github.com/StevanoZ/dv-shared/utils/errors.go:67.16,70.3 2 0
github.com/StevanoZ/dv-shared/utils/errors.go:73.52,76.2 2 0
github.com/StevanoZ/dv-shared/utils/errors.go:78.69,83.25 2 0
github.com/StevanoZ/dv-shared/utils/errors.go:86.39,91.26 4 0
github.com/StevanoZ/dv-shared/utils/errors.go:91.26,92.66 1 0
github.com/StevanoZ/dv-shared/utils/errors.go:97.3,97.46 1 0
github.com/StevanoZ/dv-shared/utils/errors.go:92.66,96.4 3 0
github.com/StevanoZ/dv-shared/utils/errors.go:101.66,106.2 3 0
github.com/StevanoZ/dv-shared/utils/errors.go:108.40,109.35 1 0
github.com/StevanoZ/dv-shared/utils/errors.go:109.35,111.3 1 0
github.com/StevanoZ/dv-shared/utils/errors.go:114.28,115.16 1 0
github.com/StevanoZ/dv-shared/utils/errors.go:115.16,117.3 1 0
github.com/StevanoZ/dv-shared/utils/errors.go:120.52,121.16 1 8
github.com/StevanoZ/dv-shared/utils/errors.go:121.16,124.13 3 0
github.com/StevanoZ/dv-shared/utils/random.go:12.13,14.2 1 1
github.com/StevanoZ/dv-shared/utils/random.go:16.38,18.2 1 0
github.com/StevanoZ/dv-shared/utils/random.go:20.33,24.25 3 0
github.com/StevanoZ/dv-shared/utils/random.go:29.2,29.20 1 0
github.com/StevanoZ/dv-shared/utils/random.go:24.25,27.3 2 0
github.com/StevanoZ/dv-shared/utils/random.go:32.30,34.2 1 0
github.com/StevanoZ/dv-shared/utils/random.go:36.27,38.2 1 0
github.com/StevanoZ/dv-shared/token/token_util.go:15.87,17.2 1 0
github.com/StevanoZ/dv-shared/token/token_util.go:19.58,21.2 1 0
github.com/StevanoZ/dv-shared/token/token_util.go:23.60,26.37 2 0
github.com/StevanoZ/dv-shared/token/token_util.go:26.37,28.3 1 0
github.com/StevanoZ/dv-shared/middleware/recovery_middleware.go:11.47,12.71 1 0
github.com/StevanoZ/dv-shared/middleware/recovery_middleware.go:12.71,13.16 1 0
github.com/StevanoZ/dv-shared/middleware/recovery_middleware.go:51.3,51.23 1 0
github.com/StevanoZ/dv-shared/middleware/recovery_middleware.go:13.16,15.18 2 0
github.com/StevanoZ/dv-shared/middleware/recovery_middleware.go:15.18,22.17 5 0
github.com/StevanoZ/dv-shared/middleware/recovery_middleware.go:48.5,48.59 1 0
github.com/StevanoZ/dv-shared/middleware/recovery_middleware.go:22.17,30.6 4 0
github.com/StevanoZ/dv-shared/middleware/recovery_middleware.go:30.11,30.31 1 0
github.com/StevanoZ/dv-shared/middleware/recovery_middleware.go:30.31,33.47 2 0
github.com/StevanoZ/dv-shared/middleware/recovery_middleware.go:39.6,39.43 1 0
github.com/StevanoZ/dv-shared/middleware/recovery_middleware.go:33.47,38.7 2 0
github.com/StevanoZ/dv-shared/middleware/recovery_middleware.go:40.11,46.6 3 0
github.com/StevanoZ/dv-shared/utils/file.go:9.29,12.2 2 0
github.com/StevanoZ/dv-shared/utils/file.go:14.43,16.2 1 0
github.com/StevanoZ/dv-shared/utils/file.go:18.48,20.2 1 0
github.com/StevanoZ/dv-shared/utils/file.go:22.36,24.2 1 0
github.com/StevanoZ/dv-shared/utils/file.go:26.42,28.24 2 0
github.com/StevanoZ/dv-shared/utils/file.go:31.2,31.22 1 0
github.com/StevanoZ/dv-shared/utils/file.go:28.24,30.3 1 0
github.com/StevanoZ/dv-shared/utils/password.go:5.54,8.2 2 0
github.com/StevanoZ/dv-shared/utils/password.go:10.68,12.2 1 0
github.com/StevanoZ/dv-shared/main.go:13.13,29.89 9 0
github.com/StevanoZ/dv-shared/main.go:29.89,31.3 1 0
github.com/StevanoZ/dv-shared/utils/logger.go:13.13,24.27 7 1
github.com/StevanoZ/dv-shared/utils/logger.go:28.2,32.102 4 1
github.com/StevanoZ/dv-shared/utils/logger.go:35.2,40.16 4 1
github.com/StevanoZ/dv-shared/utils/logger.go:24.27,26.3 1 0
github.com/StevanoZ/dv-shared/utils/logger.go:32.102,34.3 1 44
github.com/StevanoZ/dv-shared/utils/logger.go:40.16,42.3 1 0
github.com/StevanoZ/dv-shared/utils/logger.go:45.51,47.2 1 42
github.com/StevanoZ/dv-shared/utils/logger.go:49.52,51.2 1 0
github.com/StevanoZ/dv-shared/utils/logger.go:53.52,55.2 1 0
github.com/StevanoZ/dv-shared/utils/logger.go:57.52,59.2 1 0
github.com/StevanoZ/dv-shared/utils/logger.go:61.52,63.2 1 2
github.com/StevanoZ/dv-shared/utils/tracer.go:10.65,14.16 3 0
github.com/StevanoZ/dv-shared/utils/tracer.go:14.16,17.17 2 0
github.com/StevanoZ/dv-shared/utils/tracer.go:17.17,20.16 3 0
github.com/StevanoZ/dv-shared/utils/tracer.go:24.4,24.20 1 0
github.com/StevanoZ/dv-shared/utils/tracer.go:28.4,28.14 1 0
github.com/StevanoZ/dv-shared/utils/tracer.go:20.16,22.5 1 0
github.com/StevanoZ/dv-shared/utils/tracer.go:24.20,26.5 1 0
github.com/StevanoZ/dv-shared/utils/tracer.go:29.9,31.4 1 0
github.com/StevanoZ/dv-shared/token/payload.go:30.72,41.2 2 0
github.com/StevanoZ/dv-shared/token/payload.go:43.39,44.41 1 0
github.com/StevanoZ/dv-shared/token/payload.go:47.2,47.12 1 0
github.com/StevanoZ/dv-shared/token/payload.go:44.41,46.3 1 0
github.com/StevanoZ/dv-shared/middleware/middleware.go:11.69,12.85 1 0
github.com/StevanoZ/dv-shared/middleware/middleware.go:12.85,14.3 1 0
github.com/StevanoZ/dv-shared/middleware/middleware.go:14.8,21.3 5 0
github.com/StevanoZ/dv-shared/utils/connect.go:11.51,22.2 7 0
github.com/StevanoZ/dv-shared/utils/convert.go:5.42,11.2 4 0
github.com/StevanoZ/dv-shared/utils/convert.go:13.48,15.16 2 1
github.com/StevanoZ/dv-shared/utils/convert.go:18.2,18.33 1 1
github.com/StevanoZ/dv-shared/utils/convert.go:15.16,17.3 1 0
github.com/StevanoZ/dv-shared/utils/response.go:28.83,43.2 7 0
github.com/StevanoZ/dv-shared/utils/response.go:45.81,60.2 7 0
github.com/StevanoZ/dv-shared/utils/cache_key.go:8.88,11.27 3 0
github.com/StevanoZ/dv-shared/utils/cache_key.go:30.2,30.50 1 0
github.com/StevanoZ/dv-shared/utils/cache_key.go:11.27,13.22 1 0
github.com/StevanoZ/dv-shared/utils/cache_key.go:17.3,18.37 2 0
github.com/StevanoZ/dv-shared/utils/cache_key.go:13.22,15.4 1 0
github.com/StevanoZ/dv-shared/utils/cache_key.go:18.37,20.35 2 0
github.com/StevanoZ/dv-shared/utils/cache_key.go:20.35,22.5 1 0
github.com/StevanoZ/dv-shared/utils/cache_key.go:22.10,22.69 1 0
github.com/StevanoZ/dv-shared/utils/cache_key.go:22.69,24.5 1 0
github.com/StevanoZ/dv-shared/utils/cache_key.go:24.10,24.23 1 0
github.com/StevanoZ/dv-shared/utils/cache_key.go:24.23,26.5 1 0
github.com/StevanoZ/dv-shared/utils/cache_key.go:33.44,36.27 2 0
github.com/StevanoZ/dv-shared/utils/cache_key.go:44.2,44.18 1 0
github.com/StevanoZ/dv-shared/utils/cache_key.go:36.27,37.22 1 0
github.com/StevanoZ/dv-shared/utils/cache_key.go:37.22,39.4 1 0
github.com/StevanoZ/dv-shared/utils/cache_key.go:39.9,41.4 1 0
github.com/StevanoZ/dv-shared/utils/migration.go:12.51,21.60 5 0
github.com/StevanoZ/dv-shared/utils/migration.go:25.2,25.37 1 0
github.com/StevanoZ/dv-shared/utils/migration.go:21.60,23.3 1 0
github.com/StevanoZ/dv-shared/utils/transaction.go:18.90,20.16 2 0
github.com/StevanoZ/dv-shared/utils/transaction.go:24.2,25.16 2 0
github.com/StevanoZ/dv-shared/utils/transaction.go:32.2,32.20 1 0
github.com/StevanoZ/dv-shared/utils/transaction.go:20.16,22.3 1 0
github.com/StevanoZ/dv-shared/utils/transaction.go:25.16,26.43 1 0
github.com/StevanoZ/dv-shared/utils/transaction.go:29.3,29.13 1 0
github.com/StevanoZ/dv-shared/utils/transaction.go:26.43,28.4 1 0
github.com/StevanoZ/dv-shared/utils/transaction.go:35.99,36.31 1 0
github.com/StevanoZ/dv-shared/utils/transaction.go:53.2,54.25 2 0
github.com/StevanoZ/dv-shared/utils/transaction.go:70.2,70.12 1 0
github.com/StevanoZ/dv-shared/utils/transaction.go:36.31,38.17 2 0
github.com/StevanoZ/dv-shared/utils/transaction.go:42.3,43.17 2 0
github.com/StevanoZ/dv-shared/utils/transaction.go:50.3,50.21 1 0
github.com/StevanoZ/dv-shared/utils/transaction.go:38.17,40.4 1 0
github.com/StevanoZ/dv-shared/utils/transaction.go:43.17,44.44 1 0
github.com/StevanoZ/dv-shared/utils/transaction.go:47.4,47.14 1 0
github.com/StevanoZ/dv-shared/utils/transaction.go:44.44,46.5 1 0
github.com/StevanoZ/dv-shared/utils/transaction.go:54.25,55.17 1 0
github.com/StevanoZ/dv-shared/utils/transaction.go:55.17,56.9 1 0
github.com/StevanoZ/dv-shared/utils/transaction.go:57.9,60.52 1 0
github.com/StevanoZ/dv-shared/utils/transaction.go:60.52,64.4 3 0
github.com/StevanoZ/dv-shared/utils/transaction.go:64.9,66.9 1 0
github.com/StevanoZ/dv-shared/service/cache_service.go:37.79,42.2 1 1
github.com/StevanoZ/dv-shared/service/cache_service.go:44.66,52.2 2 1
github.com/StevanoZ/dv-shared/service/cache_service.go:54.76,62.2 2 1
github.com/StevanoZ/dv-shared/service/cache_service.go:64.104,66.15 2 12
github.com/StevanoZ/dv-shared/service/cache_service.go:71.2,72.14 2 11
github.com/StevanoZ/dv-shared/service/cache_service.go:77.2,78.22 2 10
github.com/StevanoZ/dv-shared/service/cache_service.go:83.2,83.17 1 9
github.com/StevanoZ/dv-shared/service/cache_service.go:106.2,108.12 2 1
github.com/StevanoZ/dv-shared/service/cache_service.go:66.15,69.3 2 1
github.com/StevanoZ/dv-shared/service/cache_service.go:72.14,75.3 2 1
github.com/StevanoZ/dv-shared/service/cache_service.go:78.22,81.3 2 1
github.com/StevanoZ/dv-shared/service/cache_service.go:83.17,84.51 1 8
github.com/StevanoZ/dv-shared/service/cache_service.go:91.3,92.17 2 7
github.com/StevanoZ/dv-shared/service/cache_service.go:96.3,99.24 3 6
github.com/StevanoZ/dv-shared/service/cache_service.go:103.3,103.62 1 6
github.com/StevanoZ/dv-shared/service/cache_service.go:84.51,85.40 1 5
github.com/StevanoZ/dv-shared/service/cache_service.go:85.40,88.5 2 1
github.com/StevanoZ/dv-shared/service/cache_service.go:92.17,94.4 1 1
github.com/StevanoZ/dv-shared/service/cache_service.go:99.24,101.4 1 2
github.com/StevanoZ/dv-shared/service/cache_service.go:111.79,113.16 2 14
github.com/StevanoZ/dv-shared/service/cache_service.go:118.2,120.16 2 6
github.com/StevanoZ/dv-shared/service/cache_service.go:125.2,127.12 2 5
github.com/StevanoZ/dv-shared/service/cache_service.go:113.16,116.3 2 8
github.com/StevanoZ/dv-shared/service/cache_service.go:120.16,123.3 2 1
github.com/StevanoZ/dv-shared/service/cache_service.go:130.76,135.21 4 5
github.com/StevanoZ/dv-shared/service/cache_service.go:141.2,141.35 1 5
github.com/StevanoZ/dv-shared/service/cache_service.go:145.2,145.73 1 5
github.com/StevanoZ/dv-shared/service/cache_service.go:135.21,139.3 3 5
github.com/StevanoZ/dv-shared/service/cache_service.go:141.35,143.3 1 0
github.com/StevanoZ/dv-shared/service/cache_service.go:148.127,152.36 3 2
github.com/StevanoZ/dv-shared/service/cache_service.go:159.2,159.16 1 1
github.com/StevanoZ/dv-shared/service/cache_service.go:163.2,163.18 1 1
github.com/StevanoZ/dv-shared/service/cache_service.go:152.36,157.3 3 1
github.com/StevanoZ/dv-shared/service/cache_service.go:159.16,161.3 1 0
github.com/StevanoZ/dv-shared/service/cache_service.go:166.67,168.16 2 2
github.com/StevanoZ/dv-shared/service/cache_service.go:173.2,173.12 1 1
github.com/StevanoZ/dv-shared/service/cache_service.go:168.16,171.3 2 1
github.com/StevanoZ/dv-shared/service/cache_service.go:176.44,178.2 1 1
github.com/StevanoZ/dv-shared/utils/request.go:17.72,21.16 3 0
github.com/StevanoZ/dv-shared/utils/request.go:25.2,25.13 1 0
github.com/StevanoZ/dv-shared/utils/request.go:21.16,23.3 1 0
github.com/StevanoZ/dv-shared/utils/request.go:28.67,32.16 3 0
github.com/StevanoZ/dv-shared/utils/request.go:36.2,36.18 1 0
github.com/StevanoZ/dv-shared/utils/request.go:40.2,40.17 1 0
github.com/StevanoZ/dv-shared/utils/request.go:32.16,34.3 1 0
github.com/StevanoZ/dv-shared/utils/request.go:36.18,38.3 1 0
github.com/StevanoZ/dv-shared/utils/request.go:43.29,54.2 1 0
github.com/StevanoZ/dv-shared/token/paseto_maker.go:17.67,19.42 2 0
github.com/StevanoZ/dv-shared/token/paseto_maker.go:23.2,27.19 2 0
github.com/StevanoZ/dv-shared/token/paseto_maker.go:19.42,21.3 1 0
github.com/StevanoZ/dv-shared/token/paseto_maker.go:30.107,35.2 3 0
github.com/StevanoZ/dv-shared/token/paseto_maker.go:37.67,41.16 3 0
github.com/StevanoZ/dv-shared/token/paseto_maker.go:45.2,46.16 2 0
github.com/StevanoZ/dv-shared/token/paseto_maker.go:50.2,50.21 1 0
github.com/StevanoZ/dv-shared/token/paseto_maker.go:41.16,43.3 1 0
github.com/StevanoZ/dv-shared/token/paseto_maker.go:46.16,48.3 1 0
github.com/StevanoZ/dv-shared/s3/s3_client.go:17.66,25.2 3 0
github.com/StevanoZ/dv-shared/s3/s3_client.go:27.57,29.2 1 0
github.com/StevanoZ/dv-shared/s3/s3_client.go:41.24,47.2 1 0
github.com/StevanoZ/dv-shared/s3/s3_client.go:49.113,55.16 2 0
github.com/StevanoZ/dv-shared/s3/s3_client.go:59.2,62.16 3 0
github.com/StevanoZ/dv-shared/s3/s3_client.go:66.2,66.24 1 0
github.com/StevanoZ/dv-shared/s3/s3_client.go:55.16,57.3 1 0
github.com/StevanoZ/dv-shared/s3/s3_client.go:62.16,64.3 1 0
github.com/StevanoZ/dv-shared/s3/s3_client.go:69.112,76.16 2 0
github.com/StevanoZ/dv-shared/s3/s3_client.go:80.2,80.36 1 0
github.com/StevanoZ/dv-shared/s3/s3_client.go:76.16,78.3 1 0
github.com/StevanoZ/dv-shared/s3/s3_client.go:83.94,90.2 2 0
github.com/StevanoZ/dv-shared/s3/s3_client.go:92.88,99.83 2 0
github.com/StevanoZ/dv-shared/s3/s3_client.go:102.2,102.16 1 0
github.com/StevanoZ/dv-shared/s3/s3_client.go:106.2,106.22 1 0
github.com/StevanoZ/dv-shared/s3/s3_client.go:99.83,101.3 1 0
github.com/StevanoZ/dv-shared/s3/s3_client.go:102.16,104.3 1 0
github.com/StevanoZ/dv-shared/s3/s3_client.go:109.59,115.2 1 0
github.com/StevanoZ/dv-shared/service/email_service.go:34.66,36.2 1 1
github.com/StevanoZ/dv-shared/service/email_service.go:41.12,43.2 1 1
github.com/StevanoZ/dv-shared/service/email_service.go:45.90,54.16 8 2
github.com/StevanoZ/dv-shared/service/email_service.go:62.2,62.12 1 1
github.com/StevanoZ/dv-shared/service/email_service.go:54.16,57.3 2 1
github.com/StevanoZ/dv-shared/service/email_service.go:57.8,60.3 2 1
github.com/StevanoZ/dv-shared/pubsub/pubsub.go:27.83,32.2 3 0
github.com/StevanoZ/dv-shared/pubsub/pubsub.go:34.100,36.2 1 0
github.com/StevanoZ/dv-shared/pubsub/pubsub.go:38.113,42.16 3 0
github.com/StevanoZ/dv-shared/pubsub/pubsub.go:46.2,46.8 1 0
github.com/StevanoZ/dv-shared/pubsub/pubsub.go:50.2,53.17 3 0
github.com/StevanoZ/dv-shared/pubsub/pubsub.go:42.16,44.3 1 0
github.com/StevanoZ/dv-shared/pubsub/pubsub.go:46.8,48.3 1 0
github.com/StevanoZ/dv-shared/pubsub/pubsub.go:56.141,60.16 3 0
github.com/StevanoZ/dv-shared/pubsub/pubsub.go:64.2,64.8 1 0
github.com/StevanoZ/dv-shared/pubsub/pubsub.go:68.2,76.4 1 0
github.com/StevanoZ/dv-shared/pubsub/pubsub.go:60.16,62.3 1 0
github.com/StevanoZ/dv-shared/pubsub/pubsub.go:64.8,66.3 1 0
github.com/StevanoZ/dv-shared/pubsub/pubsub.go:79.123,83.16 3 0
github.com/StevanoZ/dv-shared/pubsub/pubsub.go:87.2,87.31 1 0
github.com/StevanoZ/dv-shared/pubsub/pubsub.go:96.2,96.33 1 0
github.com/StevanoZ/dv-shared/pubsub/pubsub.go:104.2,104.12 1 0
github.com/StevanoZ/dv-shared/pubsub/pubsub.go:83.16,85.3 1 0
github.com/StevanoZ/dv-shared/pubsub/pubsub.go:87.31,94.3 3 0
github.com/StevanoZ/dv-shared/pubsub/pubsub.go:96.33,98.17 2 0
github.com/StevanoZ/dv-shared/pubsub/pubsub.go:101.3,101.69 1 0
github.com/StevanoZ/dv-shared/pubsub/pubsub.go:98.17,100.4 1 0
github.com/StevanoZ/dv-shared/pubsub/pubsub.go:107.157,111.16 3 0
github.com/StevanoZ/dv-shared/pubsub/pubsub.go:117.2,117.73 1 0
github.com/StevanoZ/dv-shared/pubsub/pubsub.go:111.16,113.3 1 0
github.com/StevanoZ/dv-shared/pubsub/pubsub.go:117.73,121.3 2 0
github.com/StevanoZ/dv-shared/pubsub/pubsub.go:124.42,126.2 1 0
github.com/StevanoZ/dv-shared/pubsub/pubsub.go:133.3,134.26 1 0
github.com/StevanoZ/dv-shared/pubsub/pubsub.go:137.2,138.28 2 0
github.com/StevanoZ/dv-shared/pubsub/pubsub.go:146.2,147.28 2 0
github.com/StevanoZ/dv-shared/pubsub/pubsub.go:134.26,136.3 1 0
github.com/StevanoZ/dv-shared/pubsub/pubsub.go:138.28,140.17 2 0
github.com/StevanoZ/dv-shared/pubsub/pubsub.go:144.3,144.20 1 0
github.com/StevanoZ/dv-shared/pubsub/pubsub.go:140.17,143.4 2 0
github.com/StevanoZ/dv-shared/utils/random.go:12.13,14.2 1 1
github.com/StevanoZ/dv-shared/utils/random.go:16.38,18.2 1 0
github.com/StevanoZ/dv-shared/utils/random.go:20.33,24.25 3 0
github.com/StevanoZ/dv-shared/utils/random.go:29.2,29.20 1 0
github.com/StevanoZ/dv-shared/utils/random.go:24.25,27.3 2 0
github.com/StevanoZ/dv-shared/utils/random.go:32.30,34.2 1 0
github.com/StevanoZ/dv-shared/utils/random.go:36.27,38.2 1 0
github.com/StevanoZ/dv-shared/main.go:13.13,29.89 9 0
github.com/StevanoZ/dv-shared/main.go:29.89,31.3 1 0
github.com/StevanoZ/dv-shared/token/token_util.go:15.87,17.2 1 0
github.com/StevanoZ/dv-shared/token/token_util.go:19.58,21.2 1 0
github.com/StevanoZ/dv-shared/token/token_util.go:23.60,26.37 2 0
github.com/StevanoZ/dv-shared/token/token_util.go:26.37,28.3 1 0
github.com/StevanoZ/dv-shared/s3/s3_client.go:17.66,25.2 3 1
github.com/StevanoZ/dv-shared/s3/s3_client.go:27.57,29.2 1 0
github.com/StevanoZ/dv-shared/s3/s3_client.go:41.24,47.2 1 3
github.com/StevanoZ/dv-shared/s3/s3_client.go:49.113,55.16 2 3
github.com/StevanoZ/dv-shared/s3/s3_client.go:59.2,62.16 3 2
github.com/StevanoZ/dv-shared/s3/s3_client.go:66.2,66.24 1 1
github.com/StevanoZ/dv-shared/s3/s3_client.go:55.16,57.3 1 1
github.com/StevanoZ/dv-shared/s3/s3_client.go:62.16,64.3 1 1
github.com/StevanoZ/dv-shared/s3/s3_client.go:69.112,76.16 2 2
github.com/StevanoZ/dv-shared/s3/s3_client.go:80.2,80.36 1 1
github.com/StevanoZ/dv-shared/s3/s3_client.go:76.16,78.3 1 1
github.com/StevanoZ/dv-shared/s3/s3_client.go:83.94,90.2 2 2
github.com/StevanoZ/dv-shared/s3/s3_client.go:92.88,99.83 2 2
github.com/StevanoZ/dv-shared/s3/s3_client.go:102.2,102.16 1 2
github.com/StevanoZ/dv-shared/s3/s3_client.go:106.2,106.22 1 1
github.com/StevanoZ/dv-shared/s3/s3_client.go:99.83,101.3 1 1
github.com/StevanoZ/dv-shared/s3/s3_client.go:102.16,104.3 1 1
github.com/StevanoZ/dv-shared/s3/s3_client.go:109.59,115.2 1 1
github.com/StevanoZ/dv-shared/utils/connect.go:11.51,22.2 7 0
github.com/StevanoZ/dv-shared/utils/errors.go:19.36,21.2 1 0
github.com/StevanoZ/dv-shared/utils/errors.go:27.43,29.2 1 0
github.com/StevanoZ/dv-shared/utils/errors.go:36.44,38.2 1 0
github.com/StevanoZ/dv-shared/utils/errors.go:40.56,42.2 1 0
github.com/StevanoZ/dv-shared/utils/errors.go:44.76,46.2 1 0
github.com/StevanoZ/dv-shared/utils/errors.go:48.30,49.16 1 0
github.com/StevanoZ/dv-shared/utils/errors.go:49.16,54.27 4 0
github.com/StevanoZ/dv-shared/utils/errors.go:58.3,62.16 2 0
github.com/StevanoZ/dv-shared/utils/errors.go:54.27,56.4 1 0
github.com/StevanoZ/dv-shared/utils/errors.go:66.65,67.16 1 0
github.com/StevanoZ/dv-shared/utils/errors.go:67.16,70.3 2 0
github.com/StevanoZ/dv-shared/utils/errors.go:73.52,76.2 2 0
github.com/StevanoZ/dv-shared/utils/errors.go:78.69,83.25 2 0
github.com/StevanoZ/dv-shared/utils/errors.go:86.39,91.26 4 0
github.com/StevanoZ/dv-shared/utils/errors.go:91.26,92.66 1 0
github.com/StevanoZ/dv-shared/utils/errors.go:97.3,97.46 1 0
github.com/StevanoZ/dv-shared/utils/errors.go:92.66,96.4 3 0
github.com/StevanoZ/dv-shared/utils/errors.go:101.66,106.2 3 0
github.com/StevanoZ/dv-shared/utils/errors.go:108.40,109.35 1 0
github.com/StevanoZ/dv-shared/utils/errors.go:109.35,111.3 1 0
github.com/StevanoZ/dv-shared/utils/errors.go:114.28,115.16 1 0
github.com/StevanoZ/dv-shared/utils/errors.go:115.16,117.3 1 0
github.com/StevanoZ/dv-shared/utils/errors.go:120.52,121.16 1 8
github.com/StevanoZ/dv-shared/utils/errors.go:121.16,124.13 3 0
github.com/StevanoZ/dv-shared/utils/tracer.go:10.65,14.16 3 0
github.com/StevanoZ/dv-shared/utils/tracer.go:14.16,17.17 2 0
github.com/StevanoZ/dv-shared/utils/tracer.go:17.17,20.16 3 0
github.com/StevanoZ/dv-shared/utils/tracer.go:24.4,24.20 1 0
[...]
github.com/StevanoZ/dv-shared/utils/errors.go:67.16,70.3 2 3
github.com/StevanoZ/dv-shared/utils/errors.go:73.52,76.2 2 2
github.com/StevanoZ/dv-shared/utils/errors.go:78.69,83.25 2 2
github.com/StevanoZ/dv-shared/utils/errors.go:86.39,91.26 4 2
github.com/StevanoZ/dv-shared/utils/errors.go:91.26,92.66 1 1
github.com/StevanoZ/dv-shared/utils/errors.go:97.3,97.46 1 1
github.com/StevanoZ/dv-shared/utils/errors.go:92.66,96.4 3 1
github.com/StevanoZ/dv-shared/utils/errors.go:101.66,106.2 3 1
github.com/StevanoZ/dv-shared/utils/errors.go:108.40,109.35 1 1
github.com/StevanoZ/dv-shared/utils/errors.go:109.35,111.3 1 1
github.com/StevanoZ/dv-shared/utils/errors.go:114.28,115.16 1 4
github.com/StevanoZ/dv-shared/utils/errors.go:115.16,117.3 1 1
github.com/StevanoZ/dv-shared/utils/errors.go:120.52,121.16 1 27
github.com/StevanoZ/dv-shared/utils/errors.go:121.16,124.13 3 1
github.com/StevanoZ/dv-shared/token/token_util.go:15.87,17.2 1 0
github.com/StevanoZ/dv-shared/token/token_util.go:19.58,21.2 1 0
github.com/StevanoZ/dv-shared/token/token_util.go:23.60,26.37 2 0
github.com/StevanoZ/dv-shared/token/token_util.go:26.37,28.3 1 0
github.com/StevanoZ/dv-shared/middleware/auth_middleware.go:19.68,23.2 1 0
github.com/StevanoZ/dv-shared/middleware/auth_middleware.go:25.122,26.54 1 0
github.com/StevanoZ/dv-shared/middleware/auth_middleware.go:26.54,29.59 2 0
github.com/StevanoZ/dv-shared/middleware/auth_middleware.go:33.3,35.17 3 0
github.com/StevanoZ/dv-shared/middleware/auth_middleware.go:39.3,39.33 1 0
github.com/StevanoZ/dv-shared/middleware/auth_middleware.go:43.3,44.33 2 0
github.com/StevanoZ/dv-shared/middleware/auth_middleware.go:29.59,31.4 1 0
github.com/StevanoZ/dv-shared/middleware/auth_middleware.go:35.17,37.4 1 0
github.com/StevanoZ/dv-shared/middleware/auth_middleware.go:39.33,41.4 1 0
github.com/StevanoZ/dv-shared/utils/migration.go:12.51,21.60 5 0
github.com/StevanoZ/dv-shared/utils/migration.go:25.2,25.37 1 0
github.com/StevanoZ/dv-shared/utils/migration.go:21.60,23.3 1 0
github.com/StevanoZ/dv-shared/token/paseto_maker.go:17.67,19.42 2 0
github.com/StevanoZ/dv-shared/token/paseto_maker.go:23.2,27.19 2 0
github.com/StevanoZ/dv-shared/token/paseto_maker.go:19.42,21.3 1 0
github.com/StevanoZ/dv-shared/token/paseto_maker.go:30.107,35.2 3 0
github.com/StevanoZ/dv-shared/token/paseto_maker.go:37.67,41.16 3 0
github.com/StevanoZ/dv-shared/token/paseto_maker.go:45.2,46.16 2 0
github.com/StevanoZ/dv-shared/token/paseto_maker.go:50.2,50.21 1 0
github.com/StevanoZ/dv-shared/token/paseto_maker.go:41.16,43.3 1 0
github.com/StevanoZ/dv-shared/token/paseto_maker.go:46.16,48.3 1 0
github.com/StevanoZ/dv-shared/middleware/middleware.go:11.69,12.85 1 0
github.com/StevanoZ/dv-shared/middleware/middleware.go:12.85,14.3 1 0
github.com/StevanoZ/dv-shared/middleware/middleware.go:14.8,21.3 5 0
github.com/StevanoZ/dv-shared/utils/file.go:9.29,12.2 2 0
github.com/StevanoZ/dv-shared/utils/file.go:14.43,16.2 1 0
github.com/StevanoZ/dv-shared/utils/file.go:18.48,20.2 1 0
github.com/StevanoZ/dv-shared/utils/file.go:22.36,24.2 1 0
github.com/StevanoZ/dv-shared/utils/file.go:26.42,28.24 2 0
github.com/StevanoZ/dv-shared/utils/file.go:31.2,31.22 1 0
github.com/StevanoZ/dv-shared/utils/file.go:28.24,30.3 1 0
github.com/StevanoZ/dv-shared/middleware/recovery_middleware.go:11.47,12.71 1 0
github.com/StevanoZ/dv-shared/middleware/recovery_middleware.go:12.71,13.16 1 0
github.com/StevanoZ/dv-shared/middleware/recovery_middleware.go:51.3,51.23 1 0
github.com/StevanoZ/dv-shared/middleware/recovery_middleware.go:13.16,15.18 2 0
github.com/StevanoZ/dv-shared/middleware/recovery_middleware.go:15.18,22.17 5 0
github.com/StevanoZ/dv-shared/middleware/recovery_middleware.go:48.5,48.59 1 0
github.com/StevanoZ/dv-shared/middleware/recovery_middleware.go:22.17,30.6 4 0
github.com/StevanoZ/dv-shared/middleware/recovery_middleware.go:30.11,30.31 1 0
github.com/StevanoZ/dv-shared/middleware/recovery_middleware.go:30.31,33.47 2 0
github.com/StevanoZ/dv-shared/middleware/recovery_middleware.go:39.6,39.43 1 0
github.com/StevanoZ/dv-shared/middleware/recovery_middleware.go:33.47,38.7 2 0
github.com/StevanoZ/dv-shared/middleware/recovery_middleware.go:40.11,46.6 3 0
github.com/StevanoZ/dv-shared/message/utils.go:11.91,12.61 1 0
github.com/StevanoZ/dv-shared/message/utils.go:18.2,18.60 1 0
github.com/StevanoZ/dv-shared/message/utils.go:12.61,16.3 3 0
github.com/StevanoZ/dv-shared/message/utils.go:18.60,22.3 3 0
github.com/StevanoZ/dv-shared/message/utils.go:25.55,27.2 1 0
github.com/StevanoZ/dv-shared/service/email_service.go:34.66,36.2 1 0
github.com/StevanoZ/dv-shared/service/email_service.go:41.12,43.2 1 0
github.com/StevanoZ/dv-shared/service/email_service.go:45.90,54.16 8 0
github.com/StevanoZ/dv-shared/service/email_service.go:62.2,62.12 1 0
github.com/StevanoZ/dv-shared/service/email_service.go:54.16,57.3 2 0
github.com/StevanoZ/dv-shared/service/email_service.go:57.8,60.3 2 0
github.com/StevanoZ/dv-shared/utils/errors.go:19.36,21.2 1 0
github.com/StevanoZ/dv-shared/utils/errors.go:27.43,29.2 1 0
github.com/StevanoZ/dv-shared/utils/errors.go:36.44,38.2 1 0
github.com/StevanoZ/dv-shared/utils/errors.go:40.56,42.2 1 0
github.com/StevanoZ/dv-shared/utils/errors.go:44.76,46.2 1 0
github.com/StevanoZ/dv-shared/utils/errors.go:48.30,49.16 1 0
github.com/StevanoZ/dv-shared/utils/errors.go:49.16,54.27 4 0
github.com/StevanoZ/dv-shared/utils/errors.go:58.3,62.16 2 0
github.com/StevanoZ/dv-shared/utils/errors.go:54.27,56.4 1 0
github.com/StevanoZ/dv-shared/utils/errors.go:66.65,67.16 1 0
github.com/StevanoZ/dv-shared/utils/errors.go:67.16,70.3 2 0
github.com/StevanoZ/dv-shared/utils/errors.go:73.52,76.2 2 0
github.com/StevanoZ/dv-shared/utils/errors.go:78.69,83.25 2 0
github.com/StevanoZ/dv-shared/utils/errors.go:86.39,91.26 4 0
github.com/StevanoZ/dv-shared/utils/errors.go:91.26,92.66 1 0
github.com/StevanoZ/dv-shared/utils/errors.go:97.3,97.46 1 0
github.com/StevanoZ/dv-shared/utils/errors.go:92.66,96.4 3 0
github.com/StevanoZ/dv-shared/utils/errors.go:101.66,106.2 3 0
github.com/StevanoZ/dv-shared/utils/errors.go:108.40,109.35 1 0
github.com/StevanoZ/dv-shared/utils/errors.go:109.35,111.3 1 0
github.com/StevanoZ/dv-shared/utils/errors.go:114.28,115.16 1 1
github.com/StevanoZ/dv-shared/utils/errors.go:115.16,117.3 1 0
github.com/StevanoZ/dv-shared/utils/errors.go:120.52,121.16 1 30
github.com/StevanoZ/dv-shared/utils/errors.go:121.16,124.13 3 0
github.com/StevanoZ/dv-shared/utils/random.go:12.13,14.2 1 1
github.com/StevanoZ/dv-shared/utils/random.go:16.38,18.2 1 0
github.com/StevanoZ/dv-shared/utils/random.go:20.33,24.25 3 0
github.com/StevanoZ/dv-shared/utils/random.go:29.2,29.20 1 0
github.com/StevanoZ/dv-shared/utils/random.go:24.25,27.3 2 0
github.com/StevanoZ/dv-shared/utils/random.go:32.30,34.2 1 0
github.com/StevanoZ/dv-shared/utils/random.go:36.27,38.2 1 0
github.com/StevanoZ/dv-shared/utils/transaction.go:18.90,20.16 2 0
github.com/StevanoZ/dv-shared/utils/transaction.go:24.2,25.16 2 0
github.com/StevanoZ/dv-shared/utils/transaction.go:32.2,32.20 1 0
github.com/StevanoZ/dv-shared/utils/transaction.go:20.16,22.3 1 0
github.com/StevanoZ/dv-shared/utils/transaction.go:25.16,26.43 1 0
github.com/StevanoZ/dv-shared/utils/transaction.go:29.3,29.13 1 0
github.com/StevanoZ/dv-shared/utils/transaction.go:26.43,28.4 1 0
github.com/StevanoZ/dv-shared/utils/transaction.go:35.99,36.31 1 0
github.com/StevanoZ/dv-shared/utils/transaction.go:53.2,54.25 2 0
github.com/StevanoZ/dv-shared/utils/transaction.go:70.2,70.12 1 0
github.com/StevanoZ/dv-shared/utils/transaction.go:36.31,38.17 2 0
github.com/StevanoZ/dv-shared/utils/transaction.go:42.3,43.17 2 0
github.com/StevanoZ/dv-shared/utils/transaction.go:50.3,50.21 1 0
github.com/StevanoZ/dv-shared/utils/transaction.go:38.17,40.4 1 0
github.com/StevanoZ/dv-shared/utils/transaction.go:43.17,44.44 1 0
github.com/StevanoZ/dv-shared/utils/transaction.go:47.4,47.14 1 0
github.com/StevanoZ/dv-shared/utils/transaction.go:44.44,46.5 1 0
github.com/StevanoZ/dv-shared/utils/transaction.go:54.25,55.17 1 0
github.com/StevanoZ/dv-shared/utils/transaction.go:55.17,56.9 1 0
github.com/StevanoZ/dv-shared/utils/transaction.go:57.9,60.52 1 0
github.com/StevanoZ/dv-shared/utils/transaction.go:60.52,64.4 3 0
github.com/StevanoZ/dv-shared/utils/transaction.go:64.9,66.9 1 0
github.com/StevanoZ/dv-shared/pubsub/pubsub.go:27.83,32.2 3 1
github.com/StevanoZ/dv-shared/pubsub/pubsub.go:34.100,36.2 1 14
github.com/StevanoZ/dv-shared/pubsub/pubsub.go:38.113,42.16 3 21
github.com/StevanoZ/dv-shared/pubsub/pubsub.go:46.2,46.8 1 19
github.com/StevanoZ/dv-shared/pubsub/pubsub.go:50.2,53.17 3 17
github.com/StevanoZ/dv-shared/pubsub/pubsub.go:42.16,44.3 1 2
github.com/StevanoZ/dv-shared/pubsub/pubsub.go:46.8,48.3 1 2
github.com/StevanoZ/dv-shared/pubsub/pubsub.go:56.141,60.16 3 6
github.com/StevanoZ/dv-shared/pubsub/pubsub.go:64.2,64.8 1 4
github.com/StevanoZ/dv-shared/pubsub/pubsub.go:68.2,76.4 1 3
github.com/StevanoZ/dv-shared/pubsub/pubsub.go:60.16,62.3 1 2
github.com/StevanoZ/dv-shared/pubsub/pubsub.go:64.8,66.3 1 1
github.com/StevanoZ/dv-shared/pubsub/pubsub.go:79.123,83.16 3 5
github.com/StevanoZ/dv-shared/pubsub/pubsub.go:87.2,87.31 1 4
github.com/StevanoZ/dv-shared/pubsub/pubsub.go:96.2,96.33 1 4
github.com/StevanoZ/dv-shared/pubsub/pubsub.go:104.2,104.12 1 3
github.com/StevanoZ/dv-shared/pubsub/pubsub.go:83.16,85.3 1 1
github.com/StevanoZ/dv-shared/pubsub/pubsub.go:87.31,94.3 3 6
github.com/StevanoZ/dv-shared/pubsub/pubsub.go:96.33,98.17 2 6
github.com/StevanoZ/dv-shared/pubsub/pubsub.go:101.3,101.69 1 5
github.com/StevanoZ/dv-shared/pubsub/pubsub.go:98.17,100.4 1 1
github.com/StevanoZ/dv-shared/pubsub/pubsub.go:107.157,111.16 3 2
github.com/StevanoZ/dv-shared/pubsub/pubsub.go:117.2,117.73 1 1
github.com/StevanoZ/dv-shared/pubsub/pubsub.go:111.16,113.3 1 1
github.com/StevanoZ/dv-shared/pubsub/pubsub.go:117.73,121.3 2 1
github.com/StevanoZ/dv-shared/pubsub/pubsub.go:124.42,126.2 1 1
github.com/StevanoZ/dv-shared/pubsub/pubsub.go:133.3,134.26 1 3
github.com/StevanoZ/dv-shared/pubsub/pubsub.go:137.2,138.28 2 2
github.com/StevanoZ/dv-shared/pubsub/pubsub.go:146.2,147.28 2 1
github.com/StevanoZ/dv-shared/pubsub/pubsub.go:134.26,136.3 1 1
github.com/StevanoZ/dv-shared/pubsub/pubsub.go:138.28,140.17 2 2
github.com/StevanoZ/dv-shared/pubsub/pubsub.go:144.3,144.20 1 1
github.com/StevanoZ/dv-shared/pubsub/pubsub.go:140.17,143.4 2 1
github.com/StevanoZ/dv-shared/utils/config.go:44.74,58.2 9 15
github.com/StevanoZ/dv-shared/utils/config.go:60.68,62.32 2 0
github.com/StevanoZ/dv-shared/utils/config.go:67.2,67.33 1 0
github.com/StevanoZ/dv-shared/utils/config.go:71.2,71.15 1 0
github.com/StevanoZ/dv-shared/utils/config.go:62.32,65.3 2 0
github.com/StevanoZ/dv-shared/utils/config.go:67.33,69.3 1 0
github.com/StevanoZ/dv-shared/utils/convert.go:5.42,11.2 4 0
github.com/StevanoZ/dv-shared/utils/convert.go:13.48,15.16 2 0
github.com/StevanoZ/dv-shared/utils/convert.go:18.2,18.33 1 0
github.com/StevanoZ/dv-shared/utils/convert.go:15.16,17.3 1 0
github.com/StevanoZ/dv-shared/utils/password.go:5.54,8.2 2 0
github.com/StevanoZ/dv-shared/utils/password.go:10.68,12.2 1 0
github.com/StevanoZ/dv-shared/service/cache_service.go:37.79,42.2 1 0
github.com/StevanoZ/dv-shared/service/cache_service.go:44.66,52.2 2 0
github.com/StevanoZ/dv-shared/service/cache_service.go:54.76,62.2 2 0
github.com/StevanoZ/dv-shared/service/cache_service.go:64.104,66.15 2 0
github.com/StevanoZ/dv-shared/service/cache_service.go:71.2,72.14 2 0
github.com/StevanoZ/dv-shared/service/cache_service.go:77.2,78.22 2 0
github.com/StevanoZ/dv-shared/service/cache_service.go:83.2,83.17 1 0
github.com/StevanoZ/dv-shared/service/cache_service.go:106.2,108.12 2 0
github.com/StevanoZ/dv-shared/service/cache_service.go:66.15,69.3 2 0
github.com/StevanoZ/dv-shared/service/cache_service.go:72.14,75.3 2 0
github.com/StevanoZ/dv-shared/service/cache_service.go:78.22,81.3 2 0
github.com/StevanoZ/dv-shared/service/cache_service.go:83.17,84.51 1 0
github.com/StevanoZ/dv-shared/service/cache_service.go:91.3,92.17 2 0
github.com/StevanoZ/dv-shared/service/cache_service.go:96.3,99.24 3 0
github.com/StevanoZ/dv-shared/service/cache_service.go:103.3,103.62 1 0
github.com/StevanoZ/dv-shared/service/cache_service.go:84.51,85.40 1 0
github.com/StevanoZ/dv-shared/service/cache_service.go:85.40,88.5 2 0
github.com/StevanoZ/dv-shared/service/cache_service.go:92.17,94.4 1 0
github.com/StevanoZ/dv-shared/service/cache_service.go:99.24,101.4 1 0
github.com/StevanoZ/dv-shared/service/cache_service.go:111.79,113.16 2 0
github.com/StevanoZ/dv-shared/service/cache_service.go:118.2,120.16 2 0
github.com/StevanoZ/dv-shared/service/cache_service.go:125.2,127.12 2 0
github.com/StevanoZ/dv-shared/service/cache_service.go:113.16,116.3 2 0
github.com/StevanoZ/dv-shared/service/cache_service.go:120.16,123.3 2 0
github.com/StevanoZ/dv-shared/service/cache_service.go:130.76,135.21 4 0
github.com/StevanoZ/dv-shared/service/cache_service.go:141.2,141.35 1 0
github.com/StevanoZ/dv-shared/service/cache_service.go:145.2,145.73 1 0
github.com/StevanoZ/dv-shared/service/cache_service.go:135.21,139.3 3 0
github.com/StevanoZ/dv-shared/service/cache_service.go:141.35,143.3 1 0
github.com/StevanoZ/dv-shared/service/cache_service.go:148.127,152.36 3 0
github.com/StevanoZ/dv-shared/service/cache_service.go:159.2,159.16 1 0
github.com/StevanoZ/dv-shared/service/cache_service.go:163.2,163.18 1 0
github.com/StevanoZ/dv-shared/service/cache_service.go:152.36,157.3 3 0
github.com/StevanoZ/dv-shared/service/cache_service.go:159.16,161.3 1 0
github.com/StevanoZ/dv-shared/service/cache_service.go:166.67,168.16 2 0
github.com/StevanoZ/dv-shared/service/cache_service.go:173.2,173.12 1 0
github.com/StevanoZ/dv-shared/service/cache_service.go:168.16,171.3 2 0
github.com/StevanoZ/dv-shared/service/cache_service.go:176.44,178.2 1 0
github.com/StevanoZ/dv-shared/token/payload.go:30.72,41.2 2 0
github.com/StevanoZ/dv-shared/token/payload.go:43.39,44.41 1 0
github.com/StevanoZ/dv-shared/token/payload.go:47.2,47.12 1 0
github.com/StevanoZ/dv-shared/token/payload.go:44.41,46.3 1 0
github.com/StevanoZ/dv-shared/kafka/kafka_client.go:20.79,24.27 3 0
github.com/StevanoZ/dv-shared/kafka/kafka_client.go:40.2,40.22 1 0
github.com/StevanoZ/dv-shared/kafka/kafka_client.go:24.27,33.3 1 0
github.com/StevanoZ/dv-shared/kafka/kafka_client.go:33.8,38.3 1 0
github.com/StevanoZ/dv-shared/kafka/kafka_client.go:43.79,47.27 3 0
github.com/StevanoZ/dv-shared/kafka/kafka_client.go:47.27,58.3 2 0
github.com/StevanoZ/dv-shared/kafka/kafka_client.go:58.8,66.3 2 0
github.com/StevanoZ/dv-shared/kafka/kafka_client.go:69.102,74.2 1 0
github.com/StevanoZ/dv-shared/kafka/kafka_client.go:76.94,79.24 3 0
github.com/StevanoZ/dv-shared/kafka/kafka_client.go:101.2,101.35 1 0
github.com/StevanoZ/dv-shared/kafka/kafka_client.go:104.2,104.12 1 0
github.com/StevanoZ/dv-shared/kafka/kafka_client.go:79.24,81.23 2 0
github.com/StevanoZ/dv-shared/kafka/kafka_client.go:81.23,91.18 2 0
github.com/StevanoZ/dv-shared/kafka/kafka_client.go:95.4,97.14 3 0
github.com/StevanoZ/dv-shared/kafka/kafka_client.go:91.18,93.5 1 0
github.com/StevanoZ/dv-shared/kafka/kafka_client.go:101.35,103.3 1 0
github.com/StevanoZ/dv-shared/kafka/kafka_client.go:107.109,111.16 3 0
github.com/StevanoZ/dv-shared/kafka/kafka_client.go:116.2,119.18 3 0
github.com/StevanoZ/dv-shared/kafka/kafka_client.go:122.2,122.18 1 0
github.com/StevanoZ/dv-shared/kafka/kafka_client.go:134.2,134.12 1 0
github.com/StevanoZ/dv-shared/kafka/kafka_client.go:111.16,114.3 2 0
github.com/StevanoZ/dv-shared/kafka/kafka_client.go:119.18,121.3 1 0
github.com/StevanoZ/dv-shared/kafka/kafka_client.go:122.18,124.17 2 0
github.com/StevanoZ/dv-shared/kafka/kafka_client.go:124.17,126.4 1 0
github.com/StevanoZ/dv-shared/kafka/kafka_client.go:126.9,131.4 3 0
github.com/StevanoZ/dv-shared/s3/s3_client.go:17.66,25.2 3 0
github.com/StevanoZ/dv-shared/s3/s3_client.go:27.57,29.2 1 0
github.com/StevanoZ/dv-shared/s3/s3_client.go:41.24,47.2 1 0
github.com/StevanoZ/dv-shared/s3/s3_client.go:49.113,55.16 2 0
github.com/StevanoZ/dv-shared/s3/s3_client.go:59.2,62.16 3 0
github.com/StevanoZ/dv-shared/s3/s3_client.go:66.2,66.24 1 0
github.com/StevanoZ/dv-shared/s3/s3_client.go:55.16,57.3 1 0
github.com/StevanoZ/dv-shared/s3/s3_client.go:62.16,64.3 1 0
github.com/StevanoZ/dv-shared/s3/s3_client.go:69.112,76.16 2 0
github.com/StevanoZ/dv-shared/s3/s3_client.go:80.2,80.36 1 0
github.com/StevanoZ/dv-shared/s3/s3_client.go:76.16,78.3 1 0
github.com/StevanoZ/dv-shared/s3/s3_client.go:83.94,90.2 2 0
github.com/StevanoZ/dv-shared/s3/s3_client.go:92.88,99.83 2 0
github.com/StevanoZ/dv-shared/s3/s3_client.go:102.2,102.16 1 0
github.com/StevanoZ/dv-shared/s3/s3_client.go:106.2,106.22 1 0
github.com/StevanoZ/dv-shared/s3/s3_client.go:99.83,101.3 1 0
github.com/StevanoZ/dv-shared/s3/s3_client.go:102.16,104.3 1 0
github.com/StevanoZ/dv-shared/s3/s3_client.go:109.59,115.2 1 0
github.com/StevanoZ/dv-shared/utils/connect.go:11.51,22.2 7 0
github.com/StevanoZ/dv-shared/utils/logger.go:13.13,24.27 7 1
github.com/StevanoZ/dv-shared/utils/logger.go:28.2,32.102 4 1
github.com/StevanoZ/dv-shared/utils/logger.go:35.2,40.16 4 1
github.com/StevanoZ/dv-shared/utils/logger.go:24.27,26.3 1 0
github.com/StevanoZ/dv-shared/utils/logger.go:32.102,34.3 1 7
github.com/StevanoZ/dv-shared/utils/logger.go:40.16,42.3 1 0
github.com/StevanoZ/dv-shared/utils/logger.go:45.51,47.2 1 6
github.com/StevanoZ/dv-shared/utils/logger.go:49.52,51.2 1 0
github.com/StevanoZ/dv-shared/utils/logger.go:53.52,55.2 1 0
github.com/StevanoZ/dv-shared/utils/logger.go:57.52,59.2 1 0
github.com/StevanoZ/dv-shared/utils/logger.go:61.52,63.2 1 1
github.com/StevanoZ/dv-shared/utils/request.go:17.72,21.16 3 0
github.com/StevanoZ/dv-shared/utils/request.go:25.2,25.13 1 0
github.com/StevanoZ/dv-shared/utils/request.go:21.16,23.3 1 0
github.com/StevanoZ/dv-shared/utils/request.go:28.67,32.16 3 0
github.com/StevanoZ/dv-shared/utils/request.go:36.2,36.18 1 0
github.com/StevanoZ/dv-shared/utils/request.go:40.2,40.17 1 0
github.com/StevanoZ/dv-shared/utils/request.go:32.16,34.3 1 0
github.com/StevanoZ/dv-shared/utils/request.go:36.18,38.3 1 0
github.com/StevanoZ/dv-shared/utils/request.go:43.29,54.2 1 0
github.com/StevanoZ/dv-shared/utils/response.go:28.83,43.2 7 0
github.com/StevanoZ/dv-shared/utils/response.go:45.81,60.2 7 0
github.com/StevanoZ/dv-shared/utils/tracer.go:10.65,14.16 3 0
github.com/StevanoZ/dv-shared/utils/tracer.go:14.16,17.17 2 0
github.com/StevanoZ/dv-shared/utils/tracer.go:17.17,20.16 3 0
github.com/StevanoZ/dv-shared/utils/tracer.go:24.4,24.20 1 0
github.com/StevanoZ/dv-shared/utils/tracer.go:28.4,28.14 1 0
github.com/StevanoZ/dv-shared/utils/tracer.go:20.16,22.5 1 0
github.com/StevanoZ/dv-shared/utils/tracer.go:24.20,26.5 1 0
github.com/StevanoZ/dv-shared/utils/tracer.go:29.9,31.4 1 0
github.com/StevanoZ/dv-shared/utils/cache_key.go:8.88,11.27 3 0
github.com/StevanoZ/dv-shared/utils/cache_key.go:30.2,30.50 1 0
github.com/StevanoZ/dv-shared/utils/cache_key.go:11.27,13.22 1 0
github.com/StevanoZ/dv-shared/utils/cache_key.go:17.3,18.37 2 0
github.com/StevanoZ/dv-shared/utils/cache_key.go:13.22,15.4 1 0
github.com/StevanoZ/dv-shared/utils/cache_key.go:18.37,20.35 2 0
github.com/StevanoZ/dv-shared/utils/cache_key.go:20.35,22.5 1 0
github.com/StevanoZ/dv-shared/utils/cache_key.go:22.10,22.69 1 0
github.com/StevanoZ/dv-shared/utils/cache_key.go:22.69,24.5 1 0
github.com/StevanoZ/dv-shared/utils/cache_key.go:24.10,24.23 1 0
github.com/StevanoZ/dv-shared/utils/cache_key.go:24.23,26.5 1 0
github.com/StevanoZ/dv-shared/utils/cache_key.go:33.44,36.27 2 0
github.com/StevanoZ/dv-shared/utils/cache_key.go:44.2,44.18 1 0
github.com/StevanoZ/dv-shared/utils/cache_key.go:36.27,37.22 1 0
github.com/StevanoZ/dv-shared/utils/cache_key.go:37.22,39.4 1 0
github.com/StevanoZ/dv-shared/utils/cache_key.go:39.9,41.4 1 0
github.com/StevanoZ/dv-shared/main.go:13.13,29.89 9 0
github.com/StevanoZ/dv-shared/main.go:29.89,31.3 1 0
