mode: atomic
github.com/StevanoZ/dv-shared/kafka/kafka_client.go:19.79,23.27 3 0
github.com/StevanoZ/dv-shared/kafka/kafka_client.go:39.2,39.22 1 0
github.com/StevanoZ/dv-shared/kafka/kafka_client.go:23.27,32.3 1 0
github.com/StevanoZ/dv-shared/kafka/kafka_client.go:32.8,37.3 1 0
github.com/StevanoZ/dv-shared/kafka/kafka_client.go:42.79,46.27 3 0
github.com/StevanoZ/dv-shared/kafka/kafka_client.go:46.27,57.3 2 0
github.com/StevanoZ/dv-shared/kafka/kafka_client.go:57.8,65.3 2 0
github.com/StevanoZ/dv-shared/kafka/kafka_client.go:68.102,73.2 1 0
github.com/StevanoZ/dv-shared/kafka/kafka_client.go:75.94,78.24 3 0
github.com/StevanoZ/dv-shared/kafka/kafka_client.go:102.2,102.35 1 0
github.com/StevanoZ/dv-shared/kafka/kafka_client.go:105.2,105.12 1 0
github.com/StevanoZ/dv-shared/kafka/kafka_client.go:78.24,80.23 2 0
github.com/StevanoZ/dv-shared/kafka/kafka_client.go:80.23,92.18 2 0
github.com/StevanoZ/dv-shared/kafka/kafka_client.go:96.4,98.14 3 0
github.com/StevanoZ/dv-shared/kafka/kafka_client.go:92.18,94.5 1 0
github.com/StevanoZ/dv-shared/kafka/kafka_client.go:102.35,104.3 1 0
github.com/StevanoZ/dv-shared/kafka/kafka_client.go:108.109,112.16 3 0
github.com/StevanoZ/dv-shared/kafka/kafka_client.go:117.2,120.18 3 0
github.com/StevanoZ/dv-shared/kafka/kafka_client.go:123.2,123.18 1 0
github.com/StevanoZ/dv-shared/kafka/kafka_client.go:134.2,134.12 1 0
github.com/StevanoZ/dv-shared/kafka/kafka_client.go:112.16,115.3 2 0
github.com/StevanoZ/dv-shared/kafka/kafka_client.go:120.18,122.3 1 0
github.com/StevanoZ/dv-shared/kafka/kafka_client.go:123.18,125.17 2 0
github.com/StevanoZ/dv-shared/kafka/kafka_client.go:125.17,128.4 1 0
github.com/StevanoZ/dv-shared/kafka/kafka_client.go:128.9,131.4 2 0
github.com/StevanoZ/dv-shared/utils/errors.go:19.36,21.2 1 1
github.com/StevanoZ/dv-shared/utils/errors.go:27.43,29.2 1 1
github.com/StevanoZ/dv-shared/utils/errors.go:36.44,38.2 1 1
github.com/StevanoZ/dv-shared/utils/errors.go:40.56,42.2 1 1
github.com/StevanoZ/dv-shared/utils/errors.go:44.76,46.2 1 3
github.com/StevanoZ/dv-shared/utils/errors.go:48.30,49.16 1 5
github.com/StevanoZ/dv-shared/utils/errors.go:49.16,54.27 4 5
github.com/StevanoZ/dv-shared/utils/errors.go:58.3,62.16 2 5
github.com/StevanoZ/dv-shared/utils/errors.go:54.27,56.4 1 4
github.com/StevanoZ/dv-shared/utils/errors.go:66.65,67.16 1 8
github.com/StevanoZ/dv-shared/utils/errors.go:67.16,70.3 2 3
github.com/StevanoZ/dv-shared/utils/errors.go:73.52,76.2 2 1
github.com/StevanoZ/dv-shared/utils/errors.go:78.69,83.25 2 2
github.com/StevanoZ/dv-shared/utils/errors.go:86.39,91.26 4 2
github.com/StevanoZ/dv-shared/utils/errors.go:91.26,92.66 1 1
github.com/StevanoZ/dv-shared/utils/errors.go:97.3,97.46 1 1
github.com/StevanoZ/dv-shared/utils/errors.go:92.66,96.4 3 1
github.com/StevanoZ/dv-shared/utils/errors.go:101.66,104.2 2 1
github.com/StevanoZ/dv-shared/utils/errors.go:106.40,107.35 1 1
github.com/StevanoZ/dv-shared/utils/errors.go:107.35,109.3 1 1
github.com/StevanoZ/dv-shared/utils/errors.go:112.28,113.16 1 1
github.com/StevanoZ/dv-shared/utils/errors.go:113.16,115.3 1 1
github.com/StevanoZ/dv-shared/utils/errors.go:118.52,119.16 1 17
github.com/StevanoZ/dv-shared/utils/errors.go:119.16,122.13 3 1
github.com/StevanoZ/dv-shared/utils/random.go:12.13,14.2 1 1
github.com/StevanoZ/dv-shared/utils/random.go:16.38,18.2 1 0
github.com/StevanoZ/dv-shared/utils/random.go:20.33,24.25 3 0
github.com/StevanoZ/dv-shared/utils/random.go:29.2,29.20 1 0
github.com/StevanoZ/dv-shared/utils/random.go:24.25,27.3 2 0
github.com/StevanoZ/dv-shared/utils/random.go:32.30,34.2 1 0
github.com/StevanoZ/dv-shared/utils/random.go:36.27,38.2 1 0
github.com/StevanoZ/dv-shared/utils/transaction.go:9.79,11.16 2 4
github.com/StevanoZ/dv-shared/utils/transaction.go:15.2,16.16 2 3
github.com/StevanoZ/dv-shared/utils/transaction.go:23.2,23.20 1 1
github.com/StevanoZ/dv-shared/utils/transaction.go:11.16,13.3 1 1
github.com/StevanoZ/dv-shared/utils/transaction.go:16.16,17.43 1 2
github.com/StevanoZ/dv-shared/utils/transaction.go:20.3,20.13 1 1
github.com/StevanoZ/dv-shared/utils/transaction.go:17.43,19.4 1 1
github.com/StevanoZ/dv-shared/s3/s3_client.go:18.66,26.2 3 0
github.com/StevanoZ/dv-shared/s3/s3_client.go:28.57,30.2 1 0
github.com/StevanoZ/dv-shared/s3/s3_client.go:42.24,48.2 1 0
github.com/StevanoZ/dv-shared/s3/s3_client.go:50.113,58.16 2 0
github.com/StevanoZ/dv-shared/s3/s3_client.go:62.2,66.16 3 0
github.com/StevanoZ/dv-shared/s3/s3_client.go:70.2,70.24 1 0
github.com/StevanoZ/dv-shared/s3/s3_client.go:58.16,60.3 1 0
github.com/StevanoZ/dv-shared/s3/s3_client.go:66.16,68.3 1 0
github.com/StevanoZ/dv-shared/s3/s3_client.go:73.112,81.16 2 0
github.com/StevanoZ/dv-shared/s3/s3_client.go:85.2,85.36 1 0
github.com/StevanoZ/dv-shared/s3/s3_client.go:81.16,83.3 1 0
github.com/StevanoZ/dv-shared/s3/s3_client.go:88.94,95.2 2 0
github.com/StevanoZ/dv-shared/s3/s3_client.go:97.88,104.83 2 0
github.com/StevanoZ/dv-shared/s3/s3_client.go:108.2,108.16 1 0
github.com/StevanoZ/dv-shared/s3/s3_client.go:112.2,112.22 1 0
github.com/StevanoZ/dv-shared/s3/s3_client.go:104.83,106.3 1 0
github.com/StevanoZ/dv-shared/s3/s3_client.go:108.16,110.3 1 0
github.com/StevanoZ/dv-shared/s3/s3_client.go:115.59,121.2 1 0
github.com/StevanoZ/dv-shared/utils/cache_key.go:8.88,11.27 3 1
github.com/StevanoZ/dv-shared/utils/cache_key.go:30.2,30.50 1 1
github.com/StevanoZ/dv-shared/utils/cache_key.go:11.27,13.22 1 3
github.com/StevanoZ/dv-shared/utils/cache_key.go:17.3,18.37 2 3
github.com/StevanoZ/dv-shared/utils/cache_key.go:13.22,15.4 1 2
github.com/StevanoZ/dv-shared/utils/cache_key.go:18.37,20.35 2 9
github.com/StevanoZ/dv-shared/utils/cache_key.go:20.35,22.5 1 1
github.com/StevanoZ/dv-shared/utils/cache_key.go:22.10,22.69 1 8
github.com/StevanoZ/dv-shared/utils/cache_key.go:22.69,24.5 1 2
github.com/StevanoZ/dv-shared/utils/cache_key.go:24.10,24.23 1 6
github.com/StevanoZ/dv-shared/utils/cache_key.go:24.23,26.5 1 4
github.com/StevanoZ/dv-shared/utils/cache_key.go:33.44,36.27 2 1
github.com/StevanoZ/dv-shared/utils/cache_key.go:44.2,44.18 1 1
github.com/StevanoZ/dv-shared/utils/cache_key.go:36.27,37.22 1 3
github.com/StevanoZ/dv-shared/utils/cache_key.go:37.22,39.4 1 1
github.com/StevanoZ/dv-shared/utils/cache_key.go:39.9,41.4 1 2
github.com/StevanoZ/dv-shared/utils/password.go:5.54,8.2 2 0
github.com/StevanoZ/dv-shared/utils/password.go:10.68,12.2 1 0
github.com/StevanoZ/dv-shared/middleware/recovery_middleware.go:11.47,12.71 1 0
github.com/StevanoZ/dv-shared/middleware/recovery_middleware.go:12.71,13.16 1 0
github.com/StevanoZ/dv-shared/middleware/recovery_middleware.go:48.3,48.23 1 0
github.com/StevanoZ/dv-shared/middleware/recovery_middleware.go:13.16,15.18 2 0
github.com/StevanoZ/dv-shared/middleware/recovery_middleware.go:15.18,22.17 5 0
github.com/StevanoZ/dv-shared/middleware/recovery_middleware.go:45.5,45.59 1 0
github.com/StevanoZ/dv-shared/middleware/recovery_middleware.go:22.17,29.6 4 0
github.com/StevanoZ/dv-shared/middleware/recovery_middleware.go:29.11,29.31 1 0
github.com/StevanoZ/dv-shared/middleware/recovery_middleware.go:29.31,31.47 2 0
github.com/StevanoZ/dv-shared/middleware/recovery_middleware.go:37.6,37.43 1 0
github.com/StevanoZ/dv-shared/middleware/recovery_middleware.go:31.47,36.7 2 0
github.com/StevanoZ/dv-shared/middleware/recovery_middleware.go:38.11,44.6 3 0
github.com/StevanoZ/dv-shared/utils/request.go:17.72,22.16 3 0
github.com/StevanoZ/dv-shared/utils/request.go:26.2,26.13 1 0
github.com/StevanoZ/dv-shared/utils/request.go:22.16,24.3 1 0
github.com/StevanoZ/dv-shared/utils/request.go:29.67,34.16 3 0
github.com/StevanoZ/dv-shared/utils/request.go:38.2,38.18 1 0
github.com/StevanoZ/dv-shared/utils/request.go:42.2,42.17 1 0
github.com/StevanoZ/dv-shared/utils/request.go:34.16,36.3 1 0
github.com/StevanoZ/dv-shared/utils/request.go:38.18,40.3 1 0
github.com/StevanoZ/dv-shared/utils/request.go:45.29,56.2 1 1
github.com/StevanoZ/dv-shared/utils/response.go:28.83,42.2 6 1
github.com/StevanoZ/dv-shared/utils/response.go:44.81,57.2 6 1
github.com/StevanoZ/dv-shared/token/payload.go:30.72,41.2 2 0
github.com/StevanoZ/dv-shared/token/payload.go:43.39,44.41 1 0
github.com/StevanoZ/dv-shared/token/payload.go:47.2,47.12 1 0
github.com/StevanoZ/dv-shared/token/payload.go:44.41,46.3 1 0
github.com/StevanoZ/dv-shared/service/email_service.go:33.66,35.2 1 0
github.com/StevanoZ/dv-shared/service/email_service.go:40.12,42.2 1 0
github.com/StevanoZ/dv-shared/service/email_service.go:44.90,53.16 8 0
github.com/StevanoZ/dv-shared/service/email_service.go:61.2,61.12 1 0
github.com/StevanoZ/dv-shared/service/email_service.go:53.16,56.3 2 0
github.com/StevanoZ/dv-shared/service/email_service.go:56.8,59.3 2 0
github.com/StevanoZ/dv-shared/pubsub/pubsub.go:27.83,32.2 3 0
github.com/StevanoZ/dv-shared/pubsub/pubsub.go:34.100,36.2 1 0
github.com/StevanoZ/dv-shared/pubsub/pubsub.go:38.113,42.16 3 0
github.com/StevanoZ/dv-shared/pubsub/pubsub.go:46.2,46.8 1 0
github.com/StevanoZ/dv-shared/pubsub/pubsub.go:50.2,53.17 3 0
github.com/StevanoZ/dv-shared/pubsub/pubsub.go:42.16,44.3 1 0
github.com/StevanoZ/dv-shared/pubsub/pubsub.go:46.8,48.3 1 0
github.com/StevanoZ/dv-shared/pubsub/pubsub.go:56.141,61.16 3 0
github.com/StevanoZ/dv-shared/pubsub/pubsub.go:65.2,65.8 1 0
github.com/StevanoZ/dv-shared/pubsub/pubsub.go:69.2,77.4 1 0
github.com/StevanoZ/dv-shared/pubsub/pubsub.go:61.16,63.3 1 0
github.com/StevanoZ/dv-shared/pubsub/pubsub.go:65.8,67.3 1 0
github.com/StevanoZ/dv-shared/pubsub/pubsub.go:80.123,84.16 3 0
github.com/StevanoZ/dv-shared/pubsub/pubsub.go:88.2,88.31 1 0
github.com/StevanoZ/dv-shared/pubsub/pubsub.go:97.2,97.33 1 0
github.com/StevanoZ/dv-shared/pubsub/pubsub.go:106.2,106.12 1 0
github.com/StevanoZ/dv-shared/pubsub/pubsub.go:84.16,86.3 1 0
github.com/StevanoZ/dv-shared/pubsub/pubsub.go:88.31,95.3 3 0
github.com/StevanoZ/dv-shared/pubsub/pubsub.go:97.33,99.17 2 0
github.com/StevanoZ/dv-shared/pubsub/pubsub.go:103.3,103.47 1 0
github.com/StevanoZ/dv-shared/pubsub/pubsub.go:99.17,101.4 1 0
github.com/StevanoZ/dv-shared/pubsub/pubsub.go:109.157,113.16 3 0
github.com/StevanoZ/dv-shared/pubsub/pubsub.go:117.2,117.73 1 0
github.com/StevanoZ/dv-shared/pubsub/pubsub.go:113.16,115.3 1 0
github.com/StevanoZ/dv-shared/pubsub/pubsub.go:117.73,122.3 3 0
github.com/StevanoZ/dv-shared/pubsub/pubsub.go:125.42,127.2 1 0
github.com/StevanoZ/dv-shared/utils/connect.go:10.51,20.2 6 3
github.com/StevanoZ/dv-shared/utils/convert.go:5.42,11.2 4 3
github.com/StevanoZ/dv-shared/utils/convert.go:13.48,16.16 2 3
github.com/StevanoZ/dv-shared/utils/convert.go:19.2,19.33 1 2
github.com/StevanoZ/dv-shared/utils/convert.go:16.16,18.3 1 1
github.com/StevanoZ/dv-shared/middleware/auth_middleware.go:20.68,24.2 1 0
github.com/StevanoZ/dv-shared/middleware/auth_middleware.go:26.122,27.54 1 0
github.com/StevanoZ/dv-shared/middleware/auth_middleware.go:27.54,30.59 2 0
github.com/StevanoZ/dv-shared/middleware/auth_middleware.go:34.3,37.17 3 0
github.com/StevanoZ/dv-shared/middleware/auth_middleware.go:41.3,41.33 1 0
github.com/StevanoZ/dv-shared/middleware/auth_middleware.go:45.3,46.33 2 0
github.com/StevanoZ/dv-shared/middleware/auth_middleware.go:30.59,32.4 1 0
github.com/StevanoZ/dv-shared/middleware/auth_middleware.go:37.17,39.4 1 0
github.com/StevanoZ/dv-shared/middleware/auth_middleware.go:41.33,43.4 1 0
github.com/StevanoZ/dv-shared/utils/config.go:40.74,54.2 9 4
github.com/StevanoZ/dv-shared/utils/migration.go:12.51,22.2 5 1
github.com/StevanoZ/dv-shared/token/paseto_maker.go:17.67,19.42 2 0
github.com/StevanoZ/dv-shared/token/paseto_maker.go:23.2,27.19 2 0
github.com/StevanoZ/dv-shared/token/paseto_maker.go:19.42,21.3 1 0
github.com/StevanoZ/dv-shared/token/paseto_maker.go:30.107,36.2 3 0
github.com/StevanoZ/dv-shared/token/paseto_maker.go:38.67,43.16 3 0
github.com/StevanoZ/dv-shared/token/paseto_maker.go:47.2,48.16 2 0
github.com/StevanoZ/dv-shared/token/paseto_maker.go:52.2,52.21 1 0
github.com/StevanoZ/dv-shared/token/paseto_maker.go:43.16,45.3 1 0
github.com/StevanoZ/dv-shared/token/paseto_maker.go:48.16,50.3 1 0
github.com/StevanoZ/dv-shared/token/token_util.go:15.87,17.2 1 0
github.com/StevanoZ/dv-shared/token/token_util.go:19.58,21.2 1 0
github.com/StevanoZ/dv-shared/token/token_util.go:23.60,26.37 2 0
github.com/StevanoZ/dv-shared/token/token_util.go:26.37,28.3 1 0
github.com/StevanoZ/dv-shared/service/cache_service.go:37.79,42.2 1 0
github.com/StevanoZ/dv-shared/service/cache_service.go:44.66,52.2 2 0
github.com/StevanoZ/dv-shared/service/cache_service.go:54.76,62.2 2 0
github.com/StevanoZ/dv-shared/service/cache_service.go:64.77,66.15 2 0
github.com/StevanoZ/dv-shared/service/cache_service.go:71.2,72.14 2 0
github.com/StevanoZ/dv-shared/service/cache_service.go:77.2,78.22 2 0
github.com/StevanoZ/dv-shared/service/cache_service.go:83.2,83.17 1 0
github.com/StevanoZ/dv-shared/service/cache_service.go:102.2,104.12 2 0
github.com/StevanoZ/dv-shared/service/cache_service.go:66.15,69.3 2 0
github.com/StevanoZ/dv-shared/service/cache_service.go:72.14,75.3 2 0
github.com/StevanoZ/dv-shared/service/cache_service.go:78.22,81.3 2 0
github.com/StevanoZ/dv-shared/service/cache_service.go:83.17,84.51 1 0
github.com/StevanoZ/dv-shared/service/cache_service.go:91.3,93.17 2 0
github.com/StevanoZ/dv-shared/service/cache_service.go:97.3,99.75 2 0
github.com/StevanoZ/dv-shared/service/cache_service.go:84.51,85.40 1 0
github.com/StevanoZ/dv-shared/service/cache_service.go:85.40,88.5 2 0
github.com/StevanoZ/dv-shared/service/cache_service.go:93.17,95.4 1 0
github.com/StevanoZ/dv-shared/service/cache_service.go:107.79,111.16 2 0
github.com/StevanoZ/dv-shared/service/cache_service.go:116.2,118.16 2 0
github.com/StevanoZ/dv-shared/service/cache_service.go:123.2,125.12 2 0
github.com/StevanoZ/dv-shared/service/cache_service.go:111.16,114.3 2 0
github.com/StevanoZ/dv-shared/service/cache_service.go:118.16,121.3 2 0
github.com/StevanoZ/dv-shared/service/cache_service.go:128.76,133.21 4 0
github.com/StevanoZ/dv-shared/service/cache_service.go:138.2,138.35 1 0
github.com/StevanoZ/dv-shared/service/cache_service.go:141.2,141.54 1 0
github.com/StevanoZ/dv-shared/service/cache_service.go:133.21,137.3 3 0
github.com/StevanoZ/dv-shared/service/cache_service.go:138.35,139.13 1 0
github.com/StevanoZ/dv-shared/service/cache_service.go:144.100,148.36 3 0
github.com/StevanoZ/dv-shared/service/cache_service.go:155.2,155.16 1 0
github.com/StevanoZ/dv-shared/service/cache_service.go:159.2,159.18 1 0
github.com/StevanoZ/dv-shared/service/cache_service.go:148.36,153.3 3 0
github.com/StevanoZ/dv-shared/service/cache_service.go:155.16,157.3 1 0
github.com/StevanoZ/dv-shared/service/cache_service.go:162.67,165.16 2 0
github.com/StevanoZ/dv-shared/service/cache_service.go:169.2,169.12 1 0
github.com/StevanoZ/dv-shared/service/cache_service.go:165.16,167.3 1 0
github.com/StevanoZ/dv-shared/service/cache_service.go:172.44,174.2 1 0
github.com/StevanoZ/dv-shared/utils/file.go:9.29,12.2 2 0
github.com/StevanoZ/dv-shared/utils/file.go:14.43,16.2 1 0
github.com/StevanoZ/dv-shared/utils/file.go:18.48,20.2 1 0
github.com/StevanoZ/dv-shared/utils/file.go:22.36,24.2 1 0
github.com/StevanoZ/dv-shared/utils/file.go:26.42,28.24 2 0
github.com/StevanoZ/dv-shared/utils/file.go:31.2,31.22 1 0
github.com/StevanoZ/dv-shared/utils/file.go:28.24,30.3 1 0
github.com/StevanoZ/dv-shared/utils/connect.go:10.51,20.2 6 0
github.com/StevanoZ/dv-shared/utils/transaction.go:9.79,11.16 2 0
github.com/StevanoZ/dv-shared/utils/transaction.go:15.2,16.16 2 0
github.com/StevanoZ/dv-shared/utils/transaction.go:23.2,23.20 1 0
github.com/StevanoZ/dv-shared/utils/transaction.go:11.16,13.3 1 0
github.com/StevanoZ/dv-shared/utils/transaction.go:16.16,17.43 1 0
github.com/StevanoZ/dv-shared/utils/transaction.go:20.3,20.13 1 0
github.com/StevanoZ/dv-shared/utils/transaction.go:17.43,19.4 1 0
github.com/StevanoZ/dv-shared/middleware/recovery_middleware.go:11.47,12.71 1 0
github.com/StevanoZ/dv-shared/middleware/recovery_middleware.go:12.71,13.16 1 0
github.com/StevanoZ/dv-shared/middleware/recovery_middleware.go:48.3,48.23 1 0
github.com/StevanoZ/dv-shared/middleware/recovery_middleware.go:13.16,15.18 2 0
github.com/StevanoZ/dv-shared/middleware/recovery_middleware.go:15.18,22.17 5 0
github.com/StevanoZ/dv-shared/middleware/recovery_middleware.go:45.5,45.59 1 0
github.com/StevanoZ/dv-shared/middleware/recovery_middleware.go:22.17,29.6 4 0
github.com/StevanoZ/dv-shared/middleware/recovery_middleware.go:29.11,29.31 1 0
github.com/StevanoZ/dv-shared/middleware/recovery_middleware.go:29.31,31.47 2 0
github.com/StevanoZ/dv-shared/middleware/recovery_middleware.go:37.6,37.43 1 0
github.com/StevanoZ/dv-shared/middleware/recovery_middleware.go:31.47,36.7 2 0
github.com/StevanoZ/dv-shared/middleware/recovery_middleware.go:38.11,44.6 3 0
github.com/StevanoZ/dv-shared/utils/cache_key.go:8.88,11.27 3 0
github.com/StevanoZ/dv-shared/utils/cache_key.go:30.2,30.50 1 0
github.com/StevanoZ/dv-shared/utils/cache_key.go:11.27,13.22 1 0
github.com/StevanoZ/dv-shared/utils/cache_key.go:17.3,18.37 2 0
github.com/StevanoZ/dv-shared/utils/cache_key.go:13.22,15.4 1 0
github.com/StevanoZ/dv-shared/utils/cache_key.go:18.37,20.35 2 0
github.com/StevanoZ/dv-shared/utils/cache_key.go:20.35,22.5 1 0
github.com/StevanoZ/dv-shared/utils/cache_key.go:22.10,22.69 1 0
github.com/StevanoZ/dv-shared/utils/cache_key.go:22.69,24.5 1 0
github.com/StevanoZ/dv-shared/utils/cache_key.go:24.10,24.23 1 0
github.com/StevanoZ/dv-shared/utils/cache_key.go:24.23,26.5 1 0
github.com/StevanoZ/dv-shared/utils/cache_key.go:33.44,36.27 2 0
github.com/StevanoZ/dv-shared/utils/cache_key.go:44.2,44.18 1 0
github.com/StevanoZ/dv-shared/utils/cache_key.go:36.27,37.22 1 0
github.com/StevanoZ/dv-shared/utils/cache_key.go:37.22,39.4 1 0
github.com/StevanoZ/dv-shared/utils/cache_key.go:39.9,41.4 1 0
github.com/StevanoZ/dv-shared/utils/file.go:9.29,12.2 2 0
github.com/StevanoZ/dv-shared/utils/file.go:14.43,16.2 1 0
github.com/StevanoZ/dv-shared/utils/file.go:18.48,20.2 1 0
github.com/StevanoZ/dv-shared/utils/file.go:22.36,24.2 1 0
github.com/StevanoZ/dv-shared/utils/file.go:26.42,28.24 2 0
github.com/StevanoZ/dv-shared/utils/file.go:31.2,31.22 1 0
github.com/StevanoZ/dv-shared/utils/file.go:28.24,30.3 1 0
github.com/StevanoZ/dv-shared/utils/config.go:40.74,54.2 9 3
github.com/StevanoZ/dv-shared/utils/convert.go:5.42,11.2 4 0
github.com/StevanoZ/dv-shared/utils/convert.go:13.48,16.16 2 0
github.com/StevanoZ/dv-shared/utils/convert.go:19.2,19.33 1 0
github.com/StevanoZ/dv-shared/utils/convert.go:16.16,18.3 1 0
github.com/StevanoZ/dv-shared/utils/random.go:12.13,14.2 1 1
github.com/StevanoZ/dv-shared/utils/random.go:16.38,18.2 1 0
github.com/StevanoZ/dv-shared/utils/random.go:20.33,24.25 3 0
github.com/StevanoZ/dv-shared/utils/random.go:29.2,29.20 1 0
github.com/StevanoZ/dv-shared/utils/random.go:24.25,27.3 2 0
github.com/StevanoZ/dv-shared/utils/random.go:32.30,34.2 1 0
github.com/StevanoZ/dv-shared/utils/random.go:36.27,38.2 1 0
github.com/StevanoZ/dv-shared/utils/password.go:5.54,8.2 2 0
github.com/StevanoZ/dv-shared/utils/password.go:10.68,12.2 1 0
github.com/StevanoZ/dv-shared/service/cache_service.go:37.79,42.2 1 0
github.com/StevanoZ/dv-shared/service/cache_service.go:44.66,52.2 2 0
github.com/StevanoZ/dv-shared/service/cache_service.go:54.76,62.2 2 0
github.com/StevanoZ/dv-shared/service/cache_service.go:64.77,66.15 2 0
github.com/StevanoZ/dv-shared/service/cache_service.go:71.2,72.14 2 0
github.com/StevanoZ/dv-shared/service/cache_service.go:77.2,78.22 2 0
github.com/StevanoZ/dv-shared/service/cache_service.go:83.2,83.17 1 0
github.com/StevanoZ/dv-shared/service/cache_service.go:102.2,104.12 2 0
github.com/StevanoZ/dv-shared/service/cache_service.go:66.15,69.3 2 0
github.com/StevanoZ/dv-shared/service/cache_service.go:72.14,75.3 2 0
github.com/StevanoZ/dv-shared/service/cache_service.go:78.22,81.3 2 0
github.com/StevanoZ/dv-shared/service/cache_service.go:83.17,84.51 1 0
github.com/StevanoZ/dv-shared/service/cache_service.go:91.3,93.17 2 0
github.com/StevanoZ/dv-shared/service/cache_service.go:97.3,99.75 2 0
github.com/StevanoZ/dv-shared/service/cache_service.go:84.51,85.40 1 0
github.com/StevanoZ/dv-shared/service/cache_service.go:85.40,88.5 2 0
github.com/StevanoZ/dv-shared/service/cache_service.go:93.17,95.4 1 0
github.com/StevanoZ/dv-shared/service/cache_service.go:107.79,111.16 2 0
github.com/StevanoZ/dv-shared/service/cache_service.go:116.2,118.16 2 0
github.com/StevanoZ/dv-shared/service/cache_service.go:123.2,125.12 2 0
github.com/StevanoZ/dv-shared/service/cache_service.go:111.16,114.3 2 0
github.com/StevanoZ/dv-shared/service/cache_service.go:118.16,121.3 2 0
github.com/StevanoZ/dv-shared/service/cache_service.go:128.76,133.21 4 0
github.com/StevanoZ/dv-shared/service/cache_service.go:138.2,138.35 1 0
github.com/StevanoZ/dv-shared/service/cache_service.go:141.2,141.54 1 0
github.com/StevanoZ/dv-shared/service/cache_service.go:133.21,137.3 3 0
github.com/StevanoZ/dv-shared/service/cache_service.go:138.35,139.13 1 0
github.com/StevanoZ/dv-shared/service/cache_service.go:144.100,148.36 3 0
github.com/StevanoZ/dv-shared/service/cache_service.go:155.2,155.16 1 0
github.com/StevanoZ/dv-shared/service/cache_service.go:159.2,159.18 1 0
github.com/StevanoZ/dv-shared/service/cache_service.go:148.36,153.3 3 0
github.com/StevanoZ/dv-shared/service/cache_service.go:155.16,157.3 1 0
github.com/StevanoZ/dv-shared/service/cache_service.go:162.67,165.16 2 0
github.com/StevanoZ/dv-shared/service/cache_service.go:169.2,169.12 1 0
github.com/StevanoZ/dv-shared/service/cache_service.go:165.16,167.3 1 0
github.com/StevanoZ/dv-shared/service/cache_service.go:172.44,174.2 1 0
github.com/StevanoZ/dv-shared/middleware/auth_middleware.go:20.68,24.2 1 0
github.com/StevanoZ/dv-shared/middleware/auth_middleware.go:26.122,27.54 1 0
github.com/StevanoZ/dv-shared/middleware/auth_middleware.go:27.54,30.59 2 0
github.com/StevanoZ/dv-shared/middleware/auth_middleware.go:34.3,37.17 3 0
github.com/StevanoZ/dv-shared/middleware/auth_middleware.go:41.3,41.33 1 0
github.com/StevanoZ/dv-shared/middleware/auth_middleware.go:45.3,46.33 2 0
github.com/StevanoZ/dv-shared/middleware/auth_middleware.go:30.59,32.4 1 0
github.com/StevanoZ/dv-shared/middleware/auth_middleware.go:37.17,39.4 1 0
github.com/StevanoZ/dv-shared/middleware/auth_middleware.go:41.33,43.4 1 0
github.com/StevanoZ/dv-shared/utils/errors.go:19.36,21.2 1 0
github.com/StevanoZ/dv-shared/utils/errors.go:27.43,29.2 1 0
github.com/StevanoZ/dv-shared/utils/errors.go:36.44,38.2 1 0
github.com/StevanoZ/dv-shared/utils/errors.go:40.56,42.2 1 0
github.com/StevanoZ/dv-shared/utils/errors.go:44.76,46.2 1 0
github.com/StevanoZ/dv-shared/utils/errors.go:48.30,49.16 1 0
github.com/StevanoZ/dv-shared/utils/errors.go:49.16,54.27 4 0
github.com/StevanoZ/dv-shared/utils/errors.go:58.3,62.16 2 0
github.com/StevanoZ/dv-shared/utils/errors.go:54.27,56.4 1 0
github.com/StevanoZ/dv-shared/utils/errors.go:66.65,67.16 1 0
github.com/StevanoZ/dv-shared/utils/errors.go:67.16,70.3 2 0
github.com/StevanoZ/dv-shared/utils/errors.go:73.52,76.2 2 0
github.com/StevanoZ/dv-shared/utils/errors.go:78.69,83.25 2 0
github.com/StevanoZ/dv-shared/utils/errors.go:86.39,91.26 4 0
github.com/StevanoZ/dv-shared/utils/errors.go:91.26,92.66 1 0
github.com/StevanoZ/dv-shared/utils/errors.go:97.3,97.46 1 0
github.com/StevanoZ/dv-shared/utils/errors.go:92.66,96.4 3 0
github.com/StevanoZ/dv-shared/utils/errors.go:101.66,104.2 2 0
github.com/StevanoZ/dv-shared/utils/errors.go:106.40,107.35 1 0
github.com/StevanoZ/dv-shared/utils/errors.go:107.35,109.3 1 0
github.com/StevanoZ/dv-shared/utils/errors.go:112.28,113.16 1 0
github.com/StevanoZ/dv-shared/utils/errors.go:113.16,115.3 1 0
github.com/StevanoZ/dv-shared/utils/errors.go:118.52,119.16 1 6
github.com/StevanoZ/dv-shared/utils/errors.go:119.16,122.13 3 0
github.com/StevanoZ/dv-shared/utils/request.go:17.72,22.16 3 0
github.com/StevanoZ/dv-shared/utils/request.go:26.2,26.13 1 0
github.com/StevanoZ/dv-shared/utils/request.go:22.16,24.3 1 0
github.com/StevanoZ/dv-shared/utils/request.go:29.67,34.16 3 0
github.com/StevanoZ/dv-shared/utils/request.go:38.2,38.18 1 0
github.com/StevanoZ/dv-shared/utils/request.go:42.2,42.17 1 0
github.com/StevanoZ/dv-shared/utils/request.go:34.16,36.3 1 0
github.com/StevanoZ/dv-shared/utils/request.go:38.18,40.3 1 0
github.com/StevanoZ/dv-shared/utils/request.go:45.29,56.2 1 0
github.com/StevanoZ/dv-shared/utils/response.go:28.83,42.2 6 0
github.com/StevanoZ/dv-shared/utils/response.go:44.81,57.2 6 0
github.com/StevanoZ/dv-shared/pubsub/pubsub.go:27.83,32.2 3 0
github.com/StevanoZ/dv-shared/pubsub/pubsub.go:34.100,36.2 1 0
github.com/StevanoZ/dv-shared/pubsub/pubsub.go:38.113,42.16 3 0
github.com/StevanoZ/dv-shared/pubsub/pubsub.go:46.2,46.8 1 0
github.com/StevanoZ/dv-shared/pubsub/pubsub.go:50.2,53.17 3 0
github.com/StevanoZ/dv-shared/pubsub/pubsub.go:42.16,44.3 1 0
github.com/StevanoZ/dv-shared/pubsub/pubsub.go:46.8,48.3 1 0
github.com/StevanoZ/dv-shared/pubsub/pubsub.go:56.141,61.16 3 0
github.com/StevanoZ/dv-shared/pubsub/pubsub.go:65.2,65.8 1 0
github.com/StevanoZ/dv-shared/pubsub/pubsub.go:69.2,77.4 1 0
github.com/StevanoZ/dv-shared/pubsub/pubsub.go:61.16,63.3 1 0
github.com/StevanoZ/dv-shared/pubsub/pubsub.go:65.8,67.3 1 0
github.com/StevanoZ/dv-shared/pubsub/pubsub.go:80.123,84.16 3 0
github.com/StevanoZ/dv-shared/pubsub/pubsub.go:88.2,88.31 1 0
github.com/StevanoZ/dv-shared/pubsub/pubsub.go:97.2,97.33 1 0
github.com/StevanoZ/dv-shared/pubsub/pubsub.go:106.2,106.12 1 0
github.com/StevanoZ/dv-shared/pubsub/pubsub.go:84.16,86.3 1 0
github.com/StevanoZ/dv-shared/pubsub/pubsub.go:88.31,95.3 3 0
github.com/StevanoZ/dv-shared/pubsub/pubsub.go:97.33,99.17 2 0
github.com/StevanoZ/dv-shared/pubsub/pubsub.go:103.3,103.47 1 0
github.com/StevanoZ/dv-shared/pubsub/pubsub.go:99.17,101.4 1 0
github.com/StevanoZ/dv-shared/pubsub/pubsub.go:109.157,113.16 3 0
github.com/StevanoZ/dv-shared/pubsub/pubsub.go:117.2,117.73 1 0
github.com/StevanoZ/dv-shared/pubsub/pubsub.go:113.16,115.3 1 0
github.com/StevanoZ/dv-shared/pubsub/pubsub.go:117.73,122.3 3 0
github.com/StevanoZ/dv-shared/pubsub/pubsub.go:125.42,127.2 1 0
github.com/StevanoZ/dv-shared/service/email_service.go:33.66,35.2 1 0
github.com/StevanoZ/dv-shared/service/email_service.go:40.12,42.2 1 0
github.com/StevanoZ/dv-shared/service/email_service.go:44.90,53.16 8 0
github.com/StevanoZ/dv-shared/service/email_service.go:61.2,61.12 1 0
github.com/StevanoZ/dv-shared/service/email_service.go:53.16,56.3 2 0
github.com/StevanoZ/dv-shared/service/email_service.go:56.8,59.3 2 0
github.com/StevanoZ/dv-shared/s3/s3_client.go:18.66,26.2 3 0
github.com/StevanoZ/dv-shared/s3/s3_client.go:28.57,30.2 1 0
github.com/StevanoZ/dv-shared/s3/s3_client.go:42.24,48.2 1 0
github.com/StevanoZ/dv-shared/s3/s3_client.go:50.113,58.16 2 0
github.com/StevanoZ/dv-shared/s3/s3_client.go:62.2,66.16 3 0
github.com/StevanoZ/dv-shared/s3/s3_client.go:70.2,70.24 1 0
github.com/StevanoZ/dv-shared/s3/s3_client.go:58.16,60.3 1 0
github.com/StevanoZ/dv-shared/s3/s3_client.go:66.16,68.3 1 0
github.com/StevanoZ/dv-shared/s3/s3_client.go:73.112,81.16 2 0
github.com/StevanoZ/dv-shared/s3/s3_client.go:85.2,85.36 1 0
github.com/StevanoZ/dv-shared/s3/s3_client.go:81.16,83.3 1 0
github.com/StevanoZ/dv-shared/s3/s3_client.go:88.94,95.2 2 0
github.com/StevanoZ/dv-shared/s3/s3_client.go:97.88,104.83 2 0
github.com/StevanoZ/dv-shared/s3/s3_client.go:108.2,108.16 1 0
github.com/StevanoZ/dv-shared/s3/s3_client.go:112.2,112.22 1 0
github.com/StevanoZ/dv-shared/s3/s3_client.go:104.83,106.3 1 0
github.com/StevanoZ/dv-shared/s3/s3_client.go:108.16,110.3 1 0
github.com/StevanoZ/dv-shared/s3/s3_client.go:115.59,121.2 1 0
github.com/StevanoZ/dv-shared/utils/migration.go:12.51,22.2 5 0
github.com/StevanoZ/dv-shared/token/paseto_maker.go:17.67,19.42 2 0
github.com/StevanoZ/dv-shared/token/paseto_maker.go:23.2,27.19 2 0
github.com/StevanoZ/dv-shared/token/paseto_maker.go:19.42,21.3 1 0
github.com/StevanoZ/dv-shared/token/paseto_maker.go:30.107,36.2 3 0
github.com/StevanoZ/dv-shared/token/paseto_maker.go:38.67,43.16 3 0
github.com/StevanoZ/dv-shared/token/paseto_maker.go:47.2,48.16 2 0
github.com/StevanoZ/dv-shared/token/paseto_maker.go:52.2,52.21 1 0
github.com/StevanoZ/dv-shared/token/paseto_maker.go:43.16,45.3 1 0
github.com/StevanoZ/dv-shared/token/paseto_maker.go:48.16,50.3 1 0
github.com/StevanoZ/dv-shared/token/payload.go:30.72,41.2 2 0
github.com/StevanoZ/dv-shared/token/payload.go:43.39,44.41 1 0
github.com/StevanoZ/dv-shared/token/payload.go:47.2,47.12 1 0
github.com/StevanoZ/dv-shared/token/payload.go:44.41,46.3 1 0
github.com/StevanoZ/dv-shared/token/token_util.go:15.87,17.2 1 0
github.com/StevanoZ/dv-shared/token/token_util.go:19.58,21.2 1 0
github.com/StevanoZ/dv-shared/token/token_util.go:23.60,26.37 2 0
github.com/StevanoZ/dv-shared/token/token_util.go:26.37,28.3 1 0
github.com/StevanoZ/dv-shared/kafka/kafka_client.go:19.79,23.27 3 3
github.com/StevanoZ/dv-shared/kafka/kafka_client.go:39.2,39.22 1 3
github.com/StevanoZ/dv-shared/kafka/kafka_client.go:23.27,32.3 1 1
github.com/StevanoZ/dv-shared/kafka/kafka_client.go:32.8,37.3 1 2
github.com/StevanoZ/dv-shared/kafka/kafka_client.go:42.79,46.27 3 3
github.com/StevanoZ/dv-shared/kafka/kafka_client.go:46.27,57.3 2 1
github.com/StevanoZ/dv-shared/kafka/kafka_client.go:57.8,65.3 2 2
github.com/StevanoZ/dv-shared/kafka/kafka_client.go:68.102,73.2 1 3
github.com/StevanoZ/dv-shared/kafka/kafka_client.go:75.94,78.24 3 2
github.com/StevanoZ/dv-shared/kafka/kafka_client.go:102.2,102.35 1 2
github.com/StevanoZ/dv-shared/kafka/kafka_client.go:105.2,105.12 1 1
github.com/StevanoZ/dv-shared/kafka/kafka_client.go:78.24,80.23 2 2
github.com/StevanoZ/dv-shared/kafka/kafka_client.go:80.23,92.18 2 2
github.com/StevanoZ/dv-shared/kafka/kafka_client.go:96.4,98.14 3 1
github.com/StevanoZ/dv-shared/kafka/kafka_client.go:92.18,94.5 1 1
github.com/StevanoZ/dv-shared/kafka/kafka_client.go:102.35,104.3 1 1
github.com/StevanoZ/dv-shared/kafka/kafka_client.go:108.109,112.16 3 3
github.com/StevanoZ/dv-shared/kafka/kafka_client.go:117.2,120.18 3 2
github.com/StevanoZ/dv-shared/kafka/kafka_client.go:123.2,123.18 1 2
github.com/StevanoZ/dv-shared/kafka/kafka_client.go:134.2,134.12 1 2
github.com/StevanoZ/dv-shared/kafka/kafka_client.go:112.16,115.3 2 1
github.com/StevanoZ/dv-shared/kafka/kafka_client.go:120.18,122.3 1 2
github.com/StevanoZ/dv-shared/kafka/kafka_client.go:123.18,125.17 2 2
github.com/StevanoZ/dv-shared/kafka/kafka_client.go:125.17,128.4 1 1
github.com/StevanoZ/dv-shared/kafka/kafka_client.go:128.9,131.4 2 1
github.com/StevanoZ/dv-shared/utils/migration.go:12.51,22.2 5 0
github.com/StevanoZ/dv-shared/service/email_service.go:33.66,35.2 1 0
github.com/StevanoZ/dv-shared/service/email_service.go:40.12,42.2 1 0
github.com/StevanoZ/dv-shared/service/email_service.go:44.90,53.16 8 0
github.com/StevanoZ/dv-shared/service/email_service.go:61.2,61.12 1 0
github.com/StevanoZ/dv-shared/service/email_service.go:53.16,56.3 2 0
github.com/StevanoZ/dv-shared/service/email_service.go:56.8,59.3 2 0
github.com/StevanoZ/dv-shared/utils/random.go:12.13,14.2 1 1
github.com/StevanoZ/dv-shared/utils/random.go:16.38,18.2 1 0
github.com/StevanoZ/dv-shared/utils/random.go:20.33,24.25 3 3
github.com/StevanoZ/dv-shared/utils/random.go:29.2,29.20 1 3
github.com/StevanoZ/dv-shared/utils/random.go:24.25,27.3 2 24
github.com/StevanoZ/dv-shared/utils/random.go:32.30,34.2 1 0
github.com/StevanoZ/dv-shared/utils/random.go:36.27,38.2 1 3
github.com/StevanoZ/dv-shared/utils/response.go:28.83,42.2 6 0
github.com/StevanoZ/dv-shared/utils/response.go:44.81,57.2 6 3
github.com/StevanoZ/dv-shared/utils/transaction.go:9.79,11.16 2 0
github.com/StevanoZ/dv-shared/utils/transaction.go:15.2,16.16 2 0
github.com/StevanoZ/dv-shared/utils/transaction.go:23.2,23.20 1 0
github.com/StevanoZ/dv-shared/utils/transaction.go:11.16,13.3 1 0
github.com/StevanoZ/dv-shared/utils/transaction.go:16.16,17.43 1 0
github.com/StevanoZ/dv-shared/utils/transaction.go:20.3,20.13 1 0
github.com/StevanoZ/dv-shared/utils/transaction.go:17.43,19.4 1 0
github.com/StevanoZ/dv-shared/service/cache_service.go:37.79,42.2 1 0
github.com/StevanoZ/dv-shared/service/cache_service.go:44.66,52.2 2 0
github.com/StevanoZ/dv-shared/service/cache_service.go:54.76,62.2 2 0
github.com/StevanoZ/dv-shared/service/cache_service.go:64.77,66.15 2 0
github.com/StevanoZ/dv-shared/service/cache_service.go:71.2,72.14 2 0
github.com/StevanoZ/dv-shared/service/cache_service.go:77.2,78.22 2 0
github.com/StevanoZ/dv-shared/service/cache_service.go:83.2,83.17 1 0
github.com/StevanoZ/dv-shared/service/cache_service.go:102.2,104.12 2 0
github.com/StevanoZ/dv-shared/service/cache_service.go:66.15,69.3 2 0
github.com/StevanoZ/dv-shared/service/cache_service.go:72.14,75.3 2 0
github.com/StevanoZ/dv-shared/service/cache_service.go:78.22,81.3 2 0
github.com/StevanoZ/dv-shared/service/cache_service.go:83.17,84.51 1 0
github.com/StevanoZ/dv-shared/service/cache_service.go:91.3,93.17 2 0
github.com/StevanoZ/dv-shared/service/cache_service.go:97.3,99.75 2 0
github.com/StevanoZ/dv-shared/service/cache_service.go:84.51,85.40 1 0
github.com/StevanoZ/dv-shared/service/cache_service.go:85.40,88.5 2 0
github.com/StevanoZ/dv-shared/service/cache_service.go:93.17,95.4 1 0
github.com/StevanoZ/dv-shared/service/cache_service.go:107.79,111.16 2 0
github.com/StevanoZ/dv-shared/service/cache_service.go:116.2,118.16 2 0
github.com/StevanoZ/dv-shared/service/cache_service.go:123.2,125.12 2 0
github.com/StevanoZ/dv-shared/service/cache_service.go:111.16,114.3 2 0
github.com/StevanoZ/dv-shared/service/cache_service.go:118.16,121.3 2 0
github.com/StevanoZ/dv-shared/service/cache_service.go:128.76,133.21 4 0
github.com/StevanoZ/dv-shared/service/cache_service.go:138.2,138.35 1 0
github.com/StevanoZ/dv-shared/service/cache_service.go:141.2,141.54 1 0
github.com/StevanoZ/dv-shared/service/cache_service.go:133.21,137.3 3 0
github.com/StevanoZ/dv-shared/service/cache_service.go:138.35,139.13 1 0
github.com/StevanoZ/dv-shared/service/cache_service.go:144.100,148.36 3 0
github.com/StevanoZ/dv-shared/service/cache_service.go:155.2,155.16 1 0
github.com/StevanoZ/dv-shared/service/cache_service.go:159.2,159.18 1 0
github.com/StevanoZ/dv-shared/service/cache_service.go:148.36,153.3 3 0
github.com/StevanoZ/dv-shared/service/cache_service.go:155.16,157.3 1 0
github.com/StevanoZ/dv-shared/service/cache_service.go:162.67,165.16 2 0
github.com/StevanoZ/dv-shared/service/cache_service.go:169.2,169.12 1 0
github.com/StevanoZ/dv-shared/service/cache_service.go:165.16,167.3 1 0
github.com/StevanoZ/dv-shared/service/cache_service.go:172.44,174.2 1 0
github.com/StevanoZ/dv-shared/pubsub/pubsub.go:27.83,32.2 3 0
github.com/StevanoZ/dv-shared/pubsub/pubsub.go:34.100,36.2 1 0
github.com/StevanoZ/dv-shared/pubsub/pubsub.go:38.113,42.16 3 0
github.com/StevanoZ/dv-shared/pubsub/pubsub.go:46.2,46.8 1 0
github.com/StevanoZ/dv-shared/pubsub/pubsub.go:50.2,53.17 3 0
github.com/StevanoZ/dv-shared/pubsub/pubsub.go:42.16,44.3 1 0
github.com/StevanoZ/dv-shared/pubsub/pubsub.go:46.8,48.3 1 0
github.com/StevanoZ/dv-shared/pubsub/pubsub.go:56.141,61.16 3 0
github.com/StevanoZ/dv-shared/pubsub/pubsub.go:65.2,65.8 1 0
github.com/StevanoZ/dv-shared/pubsub/pubsub.go:69.2,77.4 1 0
github.com/StevanoZ/dv-shared/pubsub/pubsub.go:61.16,63.3 1 0
github.com/StevanoZ/dv-shared/pubsub/pubsub.go:65.8,67.3 1 0
github.com/StevanoZ/dv-shared/pubsub/pubsub.go:80.123,84.16 3 0
github.com/StevanoZ/dv-shared/pubsub/pubsub.go:88.2,88.31 1 0
github.com/StevanoZ/dv-shared/pubsub/pubsub.go:97.2,97.33 1 0
github.com/StevanoZ/dv-shared/pubsub/pubsub.go:106.2,106.12 1 0
github.com/StevanoZ/dv-shared/pubsub/pubsub.go:84.16,86.3 1 0
github.com/StevanoZ/dv-shared/pubsub/pubsub.go:88.31,95.3 3 0
github.com/StevanoZ/dv-shared/pubsub/pubsub.go:97.33,99.17 2 0
github.com/StevanoZ/dv-shared/pubsub/pubsub.go:103.3,103.47 1 0
github.com/StevanoZ/dv-shared/pubsub/pubsub.go:99.17,101.4 1 0
github.com/StevanoZ/dv-shared/pubsub/pubsub.go:109.157,113.16 3 0
github.com/StevanoZ/dv-shared/pubsub/pubsub.go:117.2,117.73 1 0
github.com/StevanoZ/dv-shared/pubsub/pubsub.go:113.16,115.3 1 0
github.com/StevanoZ/dv-shared/pubsub/pubsub.go:117.73,122.3 3 0
github.com/StevanoZ/dv-shared/pubsub/pubsub.go:125.42,127.2 1 0
github.com/StevanoZ/dv-shared/utils/config.go:40.74,54.2 9 0
github.com/StevanoZ/dv-shared/utils/file.go:9.29,12.2 2 0
github.com/StevanoZ/dv-shared/utils/file.go:14.43,16.2 1 0
github.com/StevanoZ/dv-shared/utils/file.go:18.48,20.2 1 0
github.com/StevanoZ/dv-shared/utils/file.go:22.36,24.2 1 0
github.com/StevanoZ/dv-shared/utils/file.go:26.42,28.24 2 0
github.com/StevanoZ/dv-shared/utils/file.go:31.2,31.22 1 0
github.com/StevanoZ/dv-shared/utils/file.go:28.24,30.3 1 0
github.com/StevanoZ/dv-shared/utils/request.go:17.72,22.16 3 0
github.com/StevanoZ/dv-shared/utils/request.go:26.2,26.13 1 0
github.com/StevanoZ/dv-shared/utils/request.go:22.16,24.3 1 0
github.com/StevanoZ/dv-shared/utils/request.go:29.67,34.16 3 0
github.com/StevanoZ/dv-shared/utils/request.go:38.2,38.18 1 0
github.com/StevanoZ/dv-shared/utils/request.go:42.2,42.17 1 0
github.com/StevanoZ/dv-shared/utils/request.go:34.16,36.3 1 0
github.com/StevanoZ/dv-shared/utils/request.go:38.18,40.3 1 0
github.com/StevanoZ/dv-shared/utils/request.go:45.29,56.2 1 0
github.com/StevanoZ/dv-shared/kafka/kafka_client.go:19.79,23.27 3 0
github.com/StevanoZ/dv-shared/kafka/kafka_client.go:39.2,39.22 1 0
github.com/StevanoZ/dv-shared/kafka/kafka_client.go:23.27,32.3 1 0
github.com/StevanoZ/dv-shared/kafka/kafka_client.go:32.8,37.3 1 0
github.com/StevanoZ/dv-shared/kafka/kafka_client.go:42.79,46.27 3 0
github.com/StevanoZ/dv-shared/kafka/kafka_client.go:46.27,57.3 2 0
github.com/StevanoZ/dv-shared/kafka/kafka_client.go:57.8,65.3 2 0
github.com/StevanoZ/dv-shared/kafka/kafka_client.go:68.102,73.2 1 0
github.com/StevanoZ/dv-shared/kafka/kafka_client.go:75.94,78.24 3 0
github.com/StevanoZ/dv-shared/kafka/kafka_client.go:102.2,102.35 1 0
github.com/StevanoZ/dv-shared/kafka/kafka_client.go:105.2,105.12 1 0
github.com/StevanoZ/dv-shared/kafka/kafka_client.go:78.24,80.23 2 0
github.com/StevanoZ/dv-shared/kafka/kafka_client.go:80.23,92.18 2 0
github.com/StevanoZ/dv-shared/kafka/kafka_client.go:96.4,98.14 3 0
github.com/StevanoZ/dv-shared/kafka/kafka_client.go:92.18,94.5 1 0
github.com/StevanoZ/dv-shared/kafka/kafka_client.go:102.35,104.3 1 0
github.com/StevanoZ/dv-shared/kafka/kafka_client.go:108.109,112.16 3 0
github.com/StevanoZ/dv-shared/kafka/kafka_client.go:117.2,120.18 3 0
github.com/StevanoZ/dv-shared/kafka/kafka_client.go:123.2,123.18 1 0
github.com/StevanoZ/dv-shared/kafka/kafka_client.go:134.2,134.12 1 0
github.com/StevanoZ/dv-shared/kafka/kafka_client.go:112.16,115.3 2 0
github.com/StevanoZ/dv-shared/kafka/kafka_client.go:120.18,122.3 1 0
github.com/StevanoZ/dv-shared/kafka/kafka_client.go:123.18,125.17 2 0
github.com/StevanoZ/dv-shared/kafka/kafka_client.go:125.17,128.4 1 0
github.com/StevanoZ/dv-shared/kafka/kafka_client.go:128.9,131.4 2 0
github.com/StevanoZ/dv-shared/s3/s3_client.go:18.66,26.2 3 0
github.com/StevanoZ/dv-shared/s3/s3_client.go:28.57,30.2 1 0
github.com/StevanoZ/dv-shared/s3/s3_client.go:42.24,48.2 1 0
github.com/StevanoZ/dv-shared/s3/s3_client.go:50.113,58.16 2 0
github.com/StevanoZ/dv-shared/s3/s3_client.go:62.2,66.16 3 0
github.com/StevanoZ/dv-shared/s3/s3_client.go:70.2,70.24 1 0
github.com/StevanoZ/dv-shared/s3/s3_client.go:58.16,60.3 1 0
github.com/StevanoZ/dv-shared/s3/s3_client.go:66.16,68.3 1 0
github.com/StevanoZ/dv-shared/s3/s3_client.go:73.112,81.16 2 0
github.com/StevanoZ/dv-shared/s3/s3_client.go:85.2,85.36 1 0
github.com/StevanoZ/dv-shared/s3/s3_client.go:81.16,83.3 1 0
github.com/StevanoZ/dv-shared/s3/s3_client.go:88.94,95.2 2 0
github.com/StevanoZ/dv-shared/s3/s3_client.go:97.88,104.83 2 0
github.com/StevanoZ/dv-shared/s3/s3_client.go:108.2,108.16 1 0
github.com/StevanoZ/dv-shared/s3/s3_client.go:112.2,112.22 1 0
github.com/StevanoZ/dv-shared/s3/s3_client.go:104.83,106.3 1 0
github.com/StevanoZ/dv-shared/s3/s3_client.go:108.16,110.3 1 0
github.com/StevanoZ/dv-shared/s3/s3_client.go:115.59,121.2 1 0
github.com/StevanoZ/dv-shared/middleware/auth_middleware.go:20.68,24.2 1 1
github.com/StevanoZ/dv-shared/middleware/auth_middleware.go:26.122,27.54 1 1
github.com/StevanoZ/dv-shared/middleware/auth_middleware.go:27.54,30.59 2 4
github.com/StevanoZ/dv-shared/middleware/auth_middleware.go:34.3,37.17 3 3
github.com/StevanoZ/dv-shared/middleware/auth_middleware.go:41.3,41.33 1 2
github.com/StevanoZ/dv-shared/middleware/auth_middleware.go:45.3,46.33 2 1
github.com/StevanoZ/dv-shared/middleware/auth_middleware.go:30.59,32.4 1 1
github.com/StevanoZ/dv-shared/middleware/auth_middleware.go:37.17,39.4 1 1
github.com/StevanoZ/dv-shared/middleware/auth_middleware.go:41.33,43.4 1 1
github.com/StevanoZ/dv-shared/utils/connect.go:10.51,20.2 6 0
github.com/StevanoZ/dv-shared/middleware/recovery_middleware.go:11.47,12.71 1 3
github.com/StevanoZ/dv-shared/middleware/recovery_middleware.go:12.71,13.16 1 3
github.com/StevanoZ/dv-shared/middleware/recovery_middleware.go:48.3,48.23 1 3
github.com/StevanoZ/dv-shared/middleware/recovery_middleware.go:13.16,15.18 2 3
github.com/StevanoZ/dv-shared/middleware/recovery_middleware.go:15.18,22.17 5 3
github.com/StevanoZ/dv-shared/middleware/recovery_middleware.go:45.5,45.59 1 3
github.com/StevanoZ/dv-shared/middleware/recovery_middleware.go:22.17,29.6 4 1
github.com/StevanoZ/dv-shared/middleware/recovery_middleware.go:29.11,29.31 1 2
github.com/StevanoZ/dv-shared/middleware/recovery_middleware.go:29.31,31.47 2 1
github.com/StevanoZ/dv-shared/middleware/recovery_middleware.go:37.6,37.43 1 1
github.com/StevanoZ/dv-shared/middleware/recovery_middleware.go:31.47,36.7 2 2
github.com/StevanoZ/dv-shared/middleware/recovery_middleware.go:38.11,44.6 3 1
github.com/StevanoZ/dv-shared/utils/errors.go:19.36,21.2 1 0
github.com/StevanoZ/dv-shared/utils/errors.go:27.43,29.2 1 0
github.com/StevanoZ/dv-shared/utils/errors.go:36.44,38.2 1 0
github.com/StevanoZ/dv-shared/utils/errors.go:40.56,42.2 1 3
github.com/StevanoZ/dv-shared/utils/errors.go:44.76,46.2 1 1
github.com/StevanoZ/dv-shared/utils/errors.go:48.30,49.16 1 4
github.com/StevanoZ/dv-shared/utils/errors.go:49.16,54.27 4 4
github.com/StevanoZ/dv-shared/utils/errors.go:58.3,62.16 2 4
github.com/StevanoZ/dv-shared/utils/errors.go:54.27,56.4 1 4
github.com/StevanoZ/dv-shared/utils/errors.go:66.65,67.16 1 3
github.com/StevanoZ/dv-shared/utils/errors.go:67.16,70.3 2 0
github.com/StevanoZ/dv-shared/utils/errors.go:73.52,76.2 2 0
github.com/StevanoZ/dv-shared/utils/errors.go:78.69,83.25 2 1
github.com/StevanoZ/dv-shared/utils/errors.go:86.39,91.26 4 0
github.com/StevanoZ/dv-shared/utils/errors.go:91.26,92.66 1 0
github.com/StevanoZ/dv-shared/utils/errors.go:97.3,97.46 1 0
github.com/StevanoZ/dv-shared/utils/errors.go:92.66,96.4 3 0
github.com/StevanoZ/dv-shared/utils/errors.go:101.66,104.2 2 0
github.com/StevanoZ/dv-shared/utils/errors.go:106.40,107.35 1 0
github.com/StevanoZ/dv-shared/utils/errors.go:107.35,109.3 1 0
github.com/StevanoZ/dv-shared/utils/errors.go:112.28,113.16 1 0
github.com/StevanoZ/dv-shared/utils/errors.go:113.16,115.3 1 0
github.com/StevanoZ/dv-shared/utils/errors.go:118.52,119.16 1 0
github.com/StevanoZ/dv-shared/utils/errors.go:119.16,122.13 3 0
github.com/StevanoZ/dv-shared/utils/password.go:5.54,8.2 2 0
github.com/StevanoZ/dv-shared/utils/password.go:10.68,12.2 1 0
github.com/StevanoZ/dv-shared/token/token_util.go:15.87,17.2 1 1
github.com/StevanoZ/dv-shared/token/token_util.go:19.58,21.2 1 0
github.com/StevanoZ/dv-shared/token/token_util.go:23.60,26.37 2 0
github.com/StevanoZ/dv-shared/token/token_util.go:26.37,28.3 1 0
github.com/StevanoZ/dv-shared/utils/cache_key.go:8.88,11.27 3 0
github.com/StevanoZ/dv-shared/utils/cache_key.go:30.2,30.50 1 0
github.com/StevanoZ/dv-shared/utils/cache_key.go:11.27,13.22 1 0
github.com/StevanoZ/dv-shared/utils/cache_key.go:17.3,18.37 2 0
github.com/StevanoZ/dv-shared/utils/cache_key.go:13.22,15.4 1 0
github.com/StevanoZ/dv-shared/utils/cache_key.go:18.37,20.35 2 0
github.com/StevanoZ/dv-shared/utils/cache_key.go:20.35,22.5 1 0
github.com/StevanoZ/dv-shared/utils/cache_key.go:22.10,22.69 1 0
github.com/StevanoZ/dv-shared/utils/cache_key.go:22.69,24.5 1 0
github.com/StevanoZ/dv-shared/utils/cache_key.go:24.10,24.23 1 0
github.com/StevanoZ/dv-shared/utils/cache_key.go:24.23,26.5 1 0
github.com/StevanoZ/dv-shared/utils/cache_key.go:33.44,36.27 2 0
github.com/StevanoZ/dv-shared/utils/cache_key.go:44.2,44.18 1 0
github.com/StevanoZ/dv-shared/utils/cache_key.go:36.27,37.22 1 0
github.com/StevanoZ/dv-shared/utils/cache_key.go:37.22,39.4 1 0
github.com/StevanoZ/dv-shared/utils/cache_key.go:39.9,41.4 1 0
github.com/StevanoZ/dv-shared/token/paseto_maker.go:17.67,19.42 2 0
github.com/StevanoZ/dv-shared/token/paseto_maker.go:23.2,27.19 2 0
github.com/StevanoZ/dv-shared/token/paseto_maker.go:19.42,21.3 1 0
github.com/StevanoZ/dv-shared/token/paseto_maker.go:30.107,36.2 3 0
github.com/StevanoZ/dv-shared/token/paseto_maker.go:38.67,43.16 3 0
github.com/StevanoZ/dv-shared/token/paseto_maker.go:47.2,48.16 2 0
github.com/StevanoZ/dv-shared/token/paseto_maker.go:52.2,52.21 1 0
github.com/StevanoZ/dv-shared/token/paseto_maker.go:43.16,45.3 1 0
github.com/StevanoZ/dv-shared/token/paseto_maker.go:48.16,50.3 1 0
github.com/StevanoZ/dv-shared/token/payload.go:30.72,41.2 2 0
github.com/StevanoZ/dv-shared/token/payload.go:43.39,44.41 1 0
github.com/StevanoZ/dv-shared/token/payload.go:47.2,47.12 1 0
github.com/StevanoZ/dv-shared/token/payload.go:44.41,46.3 1 0
github.com/StevanoZ/dv-shared/utils/convert.go:5.42,11.2 4 0
github.com/StevanoZ/dv-shared/utils/convert.go:13.48,16.16 2 0
github.com/StevanoZ/dv-shared/utils/convert.go:19.2,19.33 1 0
github.com/StevanoZ/dv-shared/utils/convert.go:16.16,18.3 1 0
github.com/StevanoZ/dv-shared/utils/convert.go:5.42,11.2 4 0
github.com/StevanoZ/dv-shared/utils/convert.go:13.48,16.16 2 0
github.com/StevanoZ/dv-shared/utils/convert.go:19.2,19.33 1 0
github.com/StevanoZ/dv-shared/utils/convert.go:16.16,18.3 1 0
github.com/StevanoZ/dv-shared/utils/random.go:12.13,14.2 1 1
github.com/StevanoZ/dv-shared/utils/random.go:16.38,18.2 1 0
github.com/StevanoZ/dv-shared/utils/random.go:20.33,24.25 3 0
github.com/StevanoZ/dv-shared/utils/random.go:29.2,29.20 1 0
github.com/StevanoZ/dv-shared/utils/random.go:24.25,27.3 2 0
github.com/StevanoZ/dv-shared/utils/random.go:32.30,34.2 1 0
github.com/StevanoZ/dv-shared/utils/random.go:36.27,38.2 1 0
github.com/StevanoZ/dv-shared/utils/response.go:28.83,42.2 6 0
github.com/StevanoZ/dv-shared/utils/response.go:44.81,57.2 6 0
github.com/StevanoZ/dv-shared/s3/s3_client.go:18.66,26.2 3 1
github.com/StevanoZ/dv-shared/s3/s3_client.go:28.57,30.2 1 0
github.com/StevanoZ/dv-shared/s3/s3_client.go:42.24,48.2 1 3
github.com/StevanoZ/dv-shared/s3/s3_client.go:50.113,58.16 2 3
github.com/StevanoZ/dv-shared/s3/s3_client.go:62.2,66.16 3 2
github.com/StevanoZ/dv-shared/s3/s3_client.go:70.2,70.24 1 1
github.com/StevanoZ/dv-shared/s3/s3_client.go:58.16,60.3 1 1
github.com/StevanoZ/dv-shared/s3/s3_client.go:66.16,68.3 1 1
github.com/StevanoZ/dv-shared/s3/s3_client.go:73.112,81.16 2 2
github.com/StevanoZ/dv-shared/s3/s3_client.go:85.2,85.36 1 1
github.com/StevanoZ/dv-shared/s3/s3_client.go:81.16,83.3 1 1
github.com/StevanoZ/dv-shared/s3/s3_client.go:88.94,95.2 2 2
github.com/StevanoZ/dv-shared/s3/s3_client.go:97.88,104.83 2 2
github.com/StevanoZ/dv-shared/s3/s3_client.go:108.2,108.16 1 2
github.com/StevanoZ/dv-shared/s3/s3_client.go:112.2,112.22 1 1
github.com/StevanoZ/dv-shared/s3/s3_client.go:104.83,106.3 1 1
github.com/StevanoZ/dv-shared/s3/s3_client.go:108.16,110.3 1 1
github.com/StevanoZ/dv-shared/s3/s3_client.go:115.59,121.2 1 1
github.com/StevanoZ/dv-shared/token/token_util.go:15.87,17.2 1 0
github.com/StevanoZ/dv-shared/token/token_util.go:19.58,21.2 1 0
github.com/StevanoZ/dv-shared/token/token_util.go:23.60,26.37 2 0
github.com/StevanoZ/dv-shared/token/token_util.go:26.37,28.3 1 0
github.com/StevanoZ/dv-shared/kafka/kafka_client.go:19.79,23.27 3 0
github.com/StevanoZ/dv-shared/kafka/kafka_client.go:39.2,39.22 1 0
github.com/StevanoZ/dv-shared/kafka/kafka_client.go:23.27,32.3 1 0
github.com/StevanoZ/dv-shared/kafka/kafka_client.go:32.8,37.3 1 0
github.com/StevanoZ/dv-shared/kafka/kafka_client.go:42.79,46.27 3 0
github.com/StevanoZ/dv-shared/kafka/kafka_client.go:46.27,57.3 2 0
github.com/StevanoZ/dv-shared/kafka/kafka_client.go:57.8,65.3 2 0
github.com/StevanoZ/dv-shared/kafka/kafka_client.go:68.102,73.2 1 0
github.com/StevanoZ/dv-shared/kafka/kafka_client.go:75.94,78.24 3 0
github.com/StevanoZ/dv-shared/kafka/kafka_client.go:102.2,102.35 1 0
github.com/StevanoZ/dv-shared/kafka/kafka_client.go:105.2,105.12 1 0
github.com/StevanoZ/dv-shared/kafka/kafka_client.go:78.24,80.23 2 0
github.com/StevanoZ/dv-shared/kafka/kafka_client.go:80.23,92.18 2 0
github.com/StevanoZ/dv-shared/kafka/kafka_client.go:96.4,98.14 3 0
github.com/StevanoZ/dv-shared/kafka/kafka_client.go:92.18,94.5 1 0
github.com/StevanoZ/dv-shared/kafka/kafka_client.go:102.35,104.3 1 0
github.com/StevanoZ/dv-shared/kafka/kafka_client.go:108.109,112.16 3 0
github.com/StevanoZ/dv-shared/kafka/kafka_client.go:117.2,120.18 3 0
github.com/StevanoZ/dv-shared/kafka/kafka_client.go:123.2,123.18 1 0
github.com/StevanoZ/dv-shared/kafka/kafka_client.go:134.2,134.12 1 0
github.com/StevanoZ/dv-shared/kafka/kafka_client.go:112.16,115.3 2 0
github.com/StevanoZ/dv-shared/kafka/kafka_client.go:120.18,122.3 1 0
github.com/StevanoZ/dv-shared/kafka/kafka_client.go:123.18,125.17 2 0
github.com/StevanoZ/dv-shared/kafka/kafka_client.go:125.17,128.4 1 0
github.com/StevanoZ/dv-shared/kafka/kafka_client.go:128.9,131.4 2 0
github.com/StevanoZ/dv-shared/pubsub/pubsub.go:27.83,32.2 3 0
github.com/StevanoZ/dv-shared/pubsub/pubsub.go:34.100,36.2 1 0
github.com/StevanoZ/dv-shared/pubsub/pubsub.go:38.113,42.16 3 0
github.com/StevanoZ/dv-shared/pubsub/pubsub.go:46.2,46.8 1 0
github.com/StevanoZ/dv-shared/pubsub/pubsub.go:50.2,53.17 3 0
github.com/StevanoZ/dv-shared/pubsub/pubsub.go:42.16,44.3 1 0
github.com/StevanoZ/dv-shared/pubsub/pubsub.go:46.8,48.3 1 0
github.com/StevanoZ/dv-shared/pubsub/pubsub.go:56.141,61.16 3 0
github.com/StevanoZ/dv-shared/pubsub/pubsub.go:65.2,65.8 1 0
github.com/StevanoZ/dv-shared/pubsub/pubsub.go:69.2,77.4 1 0
github.com/StevanoZ/dv-shared/pubsub/pubsub.go:61.16,63.3 1 0
github.com/StevanoZ/dv-shared/pubsub/pubsub.go:65.8,67.3 1 0
github.com/StevanoZ/dv-shared/pubsub/pubsub.go:80.123,84.16 3 0
github.com/StevanoZ/dv-shared/pubsub/pubsub.go:88.2,88.31 1 0
github.com/StevanoZ/dv-shared/pubsub/pubsub.go:97.2,97.33 1 0
github.com/StevanoZ/dv-shared/pubsub/pubsub.go:106.2,106.12 1 0
github.com/StevanoZ/dv-shared/pubsub/pubsub.go:84.16,86.3 1 0
github.com/StevanoZ/dv-shared/pubsub/pubsub.go:88.31,95.3 3 0
github.com/StevanoZ/dv-shared/pubsub/pubsub.go:97.33,99.17 2 0
github.com/StevanoZ/dv-shared/pubsub/pubsub.go:103.3,103.47 1 0
github.com/StevanoZ/dv-shared/pubsub/pubsub.go:99.17,101.4 1 0
github.com/StevanoZ/dv-shared/pubsub/pubsub.go:109.157,113.16 3 0
github.com/StevanoZ/dv-shared/pubsub/pubsub.go:117.2,117.73 1 0
github.com/StevanoZ/dv-shared/pubsub/pubsub.go:113.16,115.3 1 0
github.com/StevanoZ/dv-shared/pubsub/pubsub.go:117.73,122.3 3 0
github.com/StevanoZ/dv-shared/pubsub/pubsub.go:125.42,127.2 1 0
github.com/StevanoZ/dv-shared/utils/cache_key.go:8.88,11.27 3 0
github.com/StevanoZ/dv-shared/utils/cache_key.go:30.2,30.50 1 0
github.com/StevanoZ/dv-shared/utils/cache_key.go:11.27,13.22 1 0
github.com/StevanoZ/dv-shared/utils/cache_key.go:17.3,18.37 2 0
github.com/StevanoZ/dv-shared/utils/cache_key.go:13.22,15.4 1 0
github.com/StevanoZ/dv-shared/utils/cache_key.go:18.37,20.35 2 0
github.com/StevanoZ/dv-shared/utils/cache_key.go:20.35,22.5 1 0
github.com/StevanoZ/dv-shared/utils/cache_key.go:22.10,22.69 1 0
github.com/StevanoZ/dv-shared/utils/cache_key.go:22.69,24.5 1 0
github.com/StevanoZ/dv-shared/utils/cache_key.go:24.10,24.23 1 0
github.com/StevanoZ/dv-shared/utils/cache_key.go:24.23,26.5 1 0
github.com/StevanoZ/dv-shared/utils/cache_key.go:33.44,36.27 2 0
github.com/StevanoZ/dv-shared/utils/cache_key.go:44.2,44.18 1 0
github.com/StevanoZ/dv-shared/utils/cache_key.go:36.27,37.22 1 0
github.com/StevanoZ/dv-shared/utils/cache_key.go:37.22,39.4 1 0
github.com/StevanoZ/dv-shared/utils/cache_key.go:39.9,41.4 1 0
github.com/StevanoZ/dv-shared/utils/file.go:9.29,12.2 2 0
github.com/StevanoZ/dv-shared/utils/file.go:14.43,16.2 1 9
github.com/StevanoZ/dv-shared/utils/file.go:18.48,20.2 1 0
github.com/StevanoZ/dv-shared/utils/file.go:22.36,24.2 1 0
github.com/StevanoZ/dv-shared/utils/file.go:26.42,28.24 2 0
github.com/StevanoZ/dv-shared/utils/file.go:31.2,31.22 1 0
github.com/StevanoZ/dv-shared/utils/file.go:28.24,30.3 1 0
github.com/StevanoZ/dv-shared/utils/errors.go:19.36,21.2 1 0
github.com/StevanoZ/dv-shared/utils/errors.go:27.43,29.2 1 0
github.com/StevanoZ/dv-shared/utils/errors.go:36.44,38.2 1 0
github.com/StevanoZ/dv-shared/utils/errors.go:40.56,42.2 1 0
github.com/StevanoZ/dv-shared/utils/errors.go:44.76,46.2 1 0
github.com/StevanoZ/dv-shared/utils/errors.go:48.30,49.16 1 0
github.com/StevanoZ/dv-shared/utils/errors.go:49.16,54.27 4 0
github.com/StevanoZ/dv-shared/utils/errors.go:58.3,62.16 2 0
github.com/StevanoZ/dv-shared/utils/errors.go:54.27,56.4 1 0
github.com/StevanoZ/dv-shared/utils/errors.go:66.65,67.16 1 0
github.com/StevanoZ/dv-shared/utils/errors.go:67.16,70.3 2 0
github.com/StevanoZ/dv-shared/utils/errors.go:73.52,76.2 2 0
github.com/StevanoZ/dv-shared/utils/errors.go:78.69,83.25 2 0
github.com/StevanoZ/dv-shared/utils/errors.go:86.39,91.26 4 0
github.com/StevanoZ/dv-shared/utils/errors.go:91.26,92.66 1 0
github.com/StevanoZ/dv-shared/utils/errors.go:97.3,97.46 1 0
github.com/StevanoZ/dv-shared/utils/errors.go:92.66,96.4 3 0
github.com/StevanoZ/dv-shared/utils/errors.go:101.66,104.2 2 0
github.com/StevanoZ/dv-shared/utils/errors.go:106.40,107.35 1 0
github.com/StevanoZ/dv-shared/utils/errors.go:107.35,109.3 1 0
github.com/StevanoZ/dv-shared/utils/errors.go:112.28,113.16 1 0
github.com/StevanoZ/dv-shared/utils/errors.go:113.16,115.3 1 0
github.com/StevanoZ/dv-shared/utils/errors.go:118.52,119.16 1 8
github.com/StevanoZ/dv-shared/utils/errors.go:119.16,122.13 3 0
github.com/StevanoZ/dv-shared/token/paseto_maker.go:17.67,19.42 2 0
github.com/StevanoZ/dv-shared/token/paseto_maker.go:23.2,27.19 2 0
github.com/StevanoZ/dv-shared/token/paseto_maker.go:19.42,21.3 1 0
github.com/StevanoZ/dv-shared/token/paseto_maker.go:30.107,36.2 3 0
github.com/StevanoZ/dv-shared/token/paseto_maker.go:38.67,43.16 3 0
github.com/StevanoZ/dv-shared/token/paseto_maker.go:47.2,48.16 2 0
github.com/StevanoZ/dv-shared/token/paseto_maker.go:52.2,52.21 1 0
github.com/StevanoZ/dv-shared/token/paseto_maker.go:43.16,45.3 1 0
github.com/StevanoZ/dv-shared/token/paseto_maker.go:48.16,50.3 1 0
github.com/StevanoZ/dv-shared/utils/migration.go:12.51,22.2 5 0
github.com/StevanoZ/dv-shared/utils/password.go:5.54,8.2 2 0
github.com/StevanoZ/dv-shared/utils/password.go:10.68,12.2 1 0
github.com/StevanoZ/dv-shared/utils/transaction.go:9.79,11.16 2 0
github.com/StevanoZ/dv-shared/utils/transaction.go:15.2,16.16 2 0
github.com/StevanoZ/dv-shared/utils/transaction.go:23.2,23.20 1 0
github.com/StevanoZ/dv-shared/utils/transaction.go:11.16,13.3 1 0
github.com/StevanoZ/dv-shared/utils/transaction.go:16.16,17.43 1 0
github.com/StevanoZ/dv-shared/utils/transaction.go:20.3,20.13 1 0
github.com/StevanoZ/dv-shared/utils/transaction.go:17.43,19.4 1 0
github.com/StevanoZ/dv-shared/middleware/auth_middleware.go:20.68,24.2 1 0
github.com/StevanoZ/dv-shared/middleware/auth_middleware.go:26.122,27.54 1 0
github.com/StevanoZ/dv-shared/middleware/auth_middleware.go:27.54,30.59 2 0
github.com/StevanoZ/dv-shared/middleware/auth_middleware.go:34.3,37.17 3 0
github.com/StevanoZ/dv-shared/middleware/auth_middleware.go:41.3,41.33 1 0
github.com/StevanoZ/dv-shared/middleware/auth_middleware.go:45.3,46.33 2 0
github.com/StevanoZ/dv-shared/middleware/auth_middleware.go:30.59,32.4 1 0
github.com/StevanoZ/dv-shared/middleware/auth_middleware.go:37.17,39.4 1 0
github.com/StevanoZ/dv-shared/middleware/auth_middleware.go:41.33,43.4 1 0
github.com/StevanoZ/dv-shared/utils/connect.go:10.51,20.2 6 0
github.com/StevanoZ/dv-shared/token/payload.go:30.72,41.2 2 0
github.com/StevanoZ/dv-shared/token/payload.go:43.39,44.41 1 0
github.com/StevanoZ/dv-shared/token/payload.go:47.2,47.12 1 0
github.com/StevanoZ/dv-shared/token/payload.go:44.41,46.3 1 0
github.com/StevanoZ/dv-shared/service/cache_service.go:37.79,42.2 1 0
github.com/StevanoZ/dv-shared/service/cache_service.go:44.66,52.2 2 0
github.com/StevanoZ/dv-shared/service/cache_service.go:54.76,62.2 2 0
github.com/StevanoZ/dv-shared/service/cache_service.go:64.77,66.15 2 0
github.com/StevanoZ/dv-shared/service/cache_service.go:71.2,72.14 2 0
github.com/StevanoZ/dv-shared/service/cache_service.go:77.2,78.22 2 0
github.com/StevanoZ/dv-shared/service/cache_service.go:83.2,83.17 1 0
github.com/StevanoZ/dv-shared/service/cache_service.go:102.2,104.12 2 0
github.com/StevanoZ/dv-shared/service/cache_service.go:66.15,69.3 2 0
github.com/StevanoZ/dv-shared/service/cache_service.go:72.14,75.3 2 0
github.com/StevanoZ/dv-shared/service/cache_service.go:78.22,81.3 2 0
github.com/StevanoZ/dv-shared/service/cache_service.go:83.17,84.51 1 0
github.com/StevanoZ/dv-shared/service/cache_service.go:91.3,93.17 2 0
github.com/StevanoZ/dv-shared/service/cache_service.go:97.3,99.75 2 0
github.com/StevanoZ/dv-shared/service/cache_service.go:84.51,85.40 1 0
github.com/StevanoZ/dv-shared/service/cache_service.go:85.40,88.5 2 0
github.com/StevanoZ/dv-shared/service/cache_service.go:93.17,95.4 1 0
github.com/StevanoZ/dv-shared/service/cache_service.go:107.79,111.16 2 0
github.com/StevanoZ/dv-shared/service/cache_service.go:116.2,118.16 2 0
github.com/StevanoZ/dv-shared/service/cache_service.go:123.2,125.12 2 0
github.com/StevanoZ/dv-shared/service/cache_service.go:111.16,114.3 2 0
github.com/StevanoZ/dv-shared/service/cache_service.go:118.16,121.3 2 0
github.com/StevanoZ/dv-shared/service/cache_service.go:128.76,133.21 4 0
github.com/StevanoZ/dv-shared/service/cache_service.go:138.2,138.35 1 0
github.com/StevanoZ/dv-shared/service/cache_service.go:141.2,141.54 1 0
github.com/StevanoZ/dv-shared/service/cache_service.go:133.21,137.3 3 0
github.com/StevanoZ/dv-shared/service/cache_service.go:138.35,139.13 1 0
github.com/StevanoZ/dv-shared/service/cache_service.go:144.100,148.36 3 0
github.com/StevanoZ/dv-shared/service/cache_service.go:155.2,155.16 1 0
github.com/StevanoZ/dv-shared/service/cache_service.go:159.2,159.18 1 0
github.com/StevanoZ/dv-shared/service/cache_service.go:148.36,153.3 3 0
github.com/StevanoZ/dv-shared/service/cache_service.go:155.16,157.3 1 0
github.com/StevanoZ/dv-shared/service/cache_service.go:162.67,165.16 2 0
github.com/StevanoZ/dv-shared/service/cache_service.go:169.2,169.12 1 0
github.com/StevanoZ/dv-shared/service/cache_service.go:165.16,167.3 1 0
github.com/StevanoZ/dv-shared/service/cache_service.go:172.44,174.2 1 0
github.com/StevanoZ/dv-shared/middleware/recovery_middleware.go:11.47,12.71 1 0
github.com/StevanoZ/dv-shared/middleware/recovery_middleware.go:12.71,13.16 1 0
github.com/StevanoZ/dv-shared/middleware/recovery_middleware.go:48.3,48.23 1 0
github.com/StevanoZ/dv-shared/middleware/recovery_middleware.go:13.16,15.18 2 0
github.com/StevanoZ/dv-shared/middleware/recovery_middleware.go:15.18,22.17 5 0
github.com/StevanoZ/dv-shared/middleware/recovery_middleware.go:45.5,45.59 1 0
github.com/StevanoZ/dv-shared/middleware/recovery_middleware.go:22.17,29.6 4 0
github.com/StevanoZ/dv-shared/middleware/recovery_middleware.go:29.11,29.31 1 0
github.com/StevanoZ/dv-shared/middleware/recovery_middleware.go:29.31,31.47 2 0
github.com/StevanoZ/dv-shared/middleware/recovery_middleware.go:37.6,37.43 1 0
github.com/StevanoZ/dv-shared/middleware/recovery_middleware.go:31.47,36.7 2 0
github.com/StevanoZ/dv-shared/middleware/recovery_middleware.go:38.11,44.6 3 0
github.com/StevanoZ/dv-shared/utils/config.go:40.74,54.2 9 4
github.com/StevanoZ/dv-shared/service/email_service.go:33.66,35.2 1 0
github.com/StevanoZ/dv-shared/service/email_service.go:40.12,42.2 1 0
github.com/StevanoZ/dv-shared/service/email_service.go:44.90,53.16 8 0
github.com/StevanoZ/dv-shared/service/email_service.go:61.2,61.12 1 0
github.com/StevanoZ/dv-shared/service/email_service.go:53.16,56.3 2 0
github.com/StevanoZ/dv-shared/service/email_service.go:56.8,59.3 2 0
github.com/StevanoZ/dv-shared/utils/request.go:17.72,22.16 3 0
github.com/StevanoZ/dv-shared/utils/request.go:26.2,26.13 1 0
github.com/StevanoZ/dv-shared/utils/request.go:22.16,24.3 1 0
github.com/StevanoZ/dv-shared/utils/request.go:29.67,34.16 3 0
github.com/StevanoZ/dv-shared/utils/request.go:38.2,38.18 1 0
github.com/StevanoZ/dv-shared/utils/request.go:42.2,42.17 1 0
github.com/StevanoZ/dv-shared/utils/request.go:34.16,36.3 1 0
github.com/StevanoZ/dv-shared/utils/request.go:38.18,40.3 1 0
github.com/StevanoZ/dv-shared/utils/request.go:45.29,56.2 1 0
github.com/StevanoZ/dv-shared/service/email_service.go:33.66,35.2 1 1
github.com/StevanoZ/dv-shared/service/email_service.go:40.12,42.2 1 1
github.com/StevanoZ/dv-shared/service/email_service.go:44.90,53.16 8 2
github.com/StevanoZ/dv-shared/service/email_service.go:61.2,61.12 1 1
github.com/StevanoZ/dv-shared/service/email_service.go:53.16,56.3 2 1
github.com/StevanoZ/dv-shared/service/email_service.go:56.8,59.3 2 1
github.com/StevanoZ/dv-shared/utils/random.go:12.13,14.2 1 1
github.com/StevanoZ/dv-shared/utils/random.go:16.38,18.2 1 0
github.com/StevanoZ/dv-shared/utils/random.go:20.33,24.25 3 0
github.com/StevanoZ/dv-shared/utils/random.go:29.2,29.20 1 0
github.com/StevanoZ/dv-shared/utils/random.go:24.25,27.3 2 0
github.com/StevanoZ/dv-shared/utils/random.go:32.30,34.2 1 0
github.com/StevanoZ/dv-shared/utils/random.go:36.27,38.2 1 0
github.com/StevanoZ/dv-shared/utils/transaction.go:9.79,11.16 2 0
github.com/StevanoZ/dv-shared/utils/transaction.go:15.2,16.16 2 0
github.com/StevanoZ/dv-shared/utils/transaction.go:23.2,23.20 1 0
github.com/StevanoZ/dv-shared/utils/transaction.go:11.16,13.3 1 0
github.com/StevanoZ/dv-shared/utils/transaction.go:16.16,17.43 1 0
github.com/StevanoZ/dv-shared/utils/transaction.go:20.3,20.13 1 0
github.com/StevanoZ/dv-shared/utils/transaction.go:17.43,19.4 1 0
github.com/StevanoZ/dv-shared/utils/errors.go:19.36,21.2 1 0
github.com/StevanoZ/dv-shared/utils/errors.go:27.43,29.2 1 0
github.com/StevanoZ/dv-shared/utils/errors.go:36.44,38.2 1 0
github.com/StevanoZ/dv-shared/utils/errors.go:40.56,42.2 1 0
github.com/StevanoZ/dv-shared/utils/errors.go:44.76,46.2 1 0
github.com/StevanoZ/dv-shared/utils/errors.go:48.30,49.16 1 0
github.com/StevanoZ/dv-shared/utils/errors.go:49.16,54.27 4 0
github.com/StevanoZ/dv-shared/utils/errors.go:58.3,62.16 2 0
github.com/StevanoZ/dv-shared/utils/errors.go:54.27,56.4 1 0
github.com/StevanoZ/dv-shared/utils/errors.go:66.65,67.16 1 0
github.com/StevanoZ/dv-shared/utils/errors.go:67.16,70.3 2 0
github.com/StevanoZ/dv-shared/utils/errors.go:73.52,76.2 2 0
github.com/StevanoZ/dv-shared/utils/errors.go:78.69,83.25 2 0
github.com/StevanoZ/dv-shared/utils/errors.go:86.39,91.26 4 0
github.com/StevanoZ/dv-shared/utils/errors.go:91.26,92.66 1 0
github.com/StevanoZ/dv-shared/utils/errors.go:97.3,97.46 1 0
github.com/StevanoZ/dv-shared/utils/errors.go:92.66,96.4 3 0
github.com/StevanoZ/dv-shared/utils/errors.go:101.66,104.2 2 0
github.com/StevanoZ/dv-shared/utils/errors.go:106.40,107.35 1 0
github.com/StevanoZ/dv-shared/utils/errors.go:107.35,109.3 1 0
github.com/StevanoZ/dv-shared/utils/errors.go:112.28,113.16 1 0
github.com/StevanoZ/dv-shared/utils/errors.go:113.16,115.3 1 0
github.com/StevanoZ/dv-shared/utils/errors.go:118.52,119.16 1 8
github.com/StevanoZ/dv-shared/utils/errors.go:119.16,122.13 3 0
github.com/StevanoZ/dv-shared/pubsub/pubsub.go:27.83,32.2 3 0
github.com/StevanoZ/dv-shared/pubsub/pubsub.go:34.100,36.2 1 0
github.com/StevanoZ/dv-shared/pubsub/pubsub.go:38.113,42.16 3 0
github.com/StevanoZ/dv-shared/pubsub/pubsub.go:46.2,46.8 1 0
github.com/StevanoZ/dv-shared/pubsub/pubsub.go:50.2,53.17 3 0
github.com/StevanoZ/dv-shared/pubsub/pubsub.go:42.16,44.3 1 0
github.com/StevanoZ/dv-shared/pubsub/pubsub.go:46.8,48.3 1 0
github.com/StevanoZ/dv-shared/pubsub/pubsub.go:56.141,61.16 3 0
github.com/StevanoZ/dv-shared/pubsub/pubsub.go:65.2,65.8 1 0
github.com/StevanoZ/dv-shared/pubsub/pubsub.go:69.2,77.4 1 0
github.com/StevanoZ/dv-shared/pubsub/pubsub.go:61.16,63.3 1 0
github.com/StevanoZ/dv-shared/pubsub/pubsub.go:65.8,67.3 1 0
github.com/StevanoZ/dv-shared/pubsub/pubsub.go:80.123,84.16 3 0
github.com/StevanoZ/dv-shared/pubsub/pubsub.go:88.2,88.31 1 0
github.com/StevanoZ/dv-shared/pubsub/pubsub.go:97.2,97.33 1 0
github.com/StevanoZ/dv-shared/pubsub/pubsub.go:106.2,106.12 1 0
github.com/StevanoZ/dv-shared/pubsub/pubsub.go:84.16,86.3 1 0
github.com/StevanoZ/dv-shared/pubsub/pubsub.go:88.31,95.3 3 0
github.com/StevanoZ/dv-shared/pubsub/pubsub.go:97.33,99.17 2 0
github.com/StevanoZ/dv-shared/pubsub/pubsub.go:103.3,103.47 1 0
github.com/StevanoZ/dv-shared/pubsub/pubsub.go:99.17,101.4 1 0
github.com/StevanoZ/dv-shared/pubsub/pubsub.go:109.157,113.16 3 0
github.com/StevanoZ/dv-shared/pubsub/pubsub.go:117.2,117.73 1 0
github.com/StevanoZ/dv-shared/pubsub/pubsub.go:113.16,115.3 1 0
github.com/StevanoZ/dv-shared/pubsub/pubsub.go:117.73,122.3 3 0
github.com/StevanoZ/dv-shared/pubsub/pubsub.go:125.42,127.2 1 0
github.com/StevanoZ/dv-shared/token/payload.go:30.72,41.2 2 0
github.com/StevanoZ/dv-shared/token/payload.go:43.39,44.41 1 0
github.com/StevanoZ/dv-shared/token/payload.go:47.2,47.12 1 0
github.com/StevanoZ/dv-shared/token/payload.go:44.41,46.3 1 0
github.com/StevanoZ/dv-shared/token/token_util.go:15.87,17.2 1 0
github.com/StevanoZ/dv-shared/token/token_util.go:19.58,21.2 1 0
github.com/StevanoZ/dv-shared/token/token_util.go:23.60,26.37 2 0
github.com/StevanoZ/dv-shared/token/token_util.go:26.37,28.3 1 0
github.com/StevanoZ/dv-shared/middleware/recovery_middleware.go:11.47,12.71 1 0
github.com/StevanoZ/dv-shared/middleware/recovery_middleware.go:12.71,13.16 1 0
github.com/StevanoZ/dv-shared/middleware/recovery_middleware.go:48.3,48.23 1 0
github.com/StevanoZ/dv-shared/middleware/recovery_middleware.go:13.16,15.18 2 0
github.com/StevanoZ/dv-shared/middleware/recovery_middleware.go:15.18,22.17 5 0
github.com/StevanoZ/dv-shared/middleware/recovery_middleware.go:45.5,45.59 1 0
github.com/StevanoZ/dv-shared/middleware/recovery_middleware.go:22.17,29.6 4 0
github.com/StevanoZ/dv-shared/middleware/recovery_middleware.go:29.11,29.31 1 0
github.com/StevanoZ/dv-shared/middleware/recovery_middleware.go:29.31,31.47 2 0
github.com/StevanoZ/dv-shared/middleware/recovery_middleware.go:37.6,37.43 1 0
github.com/StevanoZ/dv-shared/middleware/recovery_middleware.go:31.47,36.7 2 0
github.com/StevanoZ/dv-shared/middleware/recovery_middleware.go:38.11,44.6 3 0
github.com/StevanoZ/dv-shared/service/cache_service.go:37.79,42.2 1 1
github.com/StevanoZ/dv-shared/service/cache_service.go:44.66,52.2 2 1
github.com/StevanoZ/dv-shared/service/cache_service.go:54.76,62.2 2 1
github.com/StevanoZ/dv-shared/service/cache_service.go:64.77,66.15 2 12
github.com/StevanoZ/dv-shared/service/cache_service.go:71.2,72.14 2 11
github.com/StevanoZ/dv-shared/service/cache_service.go:77.2,78.22 2 10
github.com/StevanoZ/dv-shared/service/cache_service.go:83.2,83.17 1 9
github.com/StevanoZ/dv-shared/service/cache_service.go:102.2,104.12 2 1
github.com/StevanoZ/dv-shared/service/cache_service.go:66.15,69.3 2 1
github.com/StevanoZ/dv-shared/service/cache_service.go:72.14,75.3 2 1
github.com/StevanoZ/dv-shared/service/cache_service.go:78.22,81.3 2 1
github.com/StevanoZ/dv-shared/service/cache_service.go:83.17,84.51 1 8
github.com/StevanoZ/dv-shared/service/cache_service.go:91.3,93.17 2 7
github.com/StevanoZ/dv-shared/service/cache_service.go:97.3,99.75 2 6
github.com/StevanoZ/dv-shared/service/cache_service.go:84.51,85.40 1 5
github.com/StevanoZ/dv-shared/service/cache_service.go:85.40,88.5 2 1
github.com/StevanoZ/dv-shared/service/cache_service.go:93.17,95.4 1 1
github.com/StevanoZ/dv-shared/service/cache_service.go:107.79,111.16 2 14
github.com/StevanoZ/dv-shared/service/cache_service.go:116.2,118.16 2 6
github.com/StevanoZ/dv-shared/service/cache_service.go:123.2,125.12 2 5
github.com/StevanoZ/dv-shared/service/cache_service.go:111.16,114.3 2 8
github.com/StevanoZ/dv-shared/service/cache_service.go:118.16,121.3 2 1
github.com/StevanoZ/dv-shared/service/cache_service.go:128.76,133.21 4 5
github.com/StevanoZ/dv-shared/service/cache_service.go:138.2,138.35 1 5
github.com/StevanoZ/dv-shared/service/cache_service.go:141.2,141.54 1 5
github.com/StevanoZ/dv-shared/service/cache_service.go:133.21,137.3 3 5
github.com/StevanoZ/dv-shared/service/cache_service.go:138.35,139.13 1 0
github.com/StevanoZ/dv-shared/service/cache_service.go:144.100,148.36 3 2
github.com/StevanoZ/dv-shared/service/cache_service.go:155.2,155.16 1 1
github.com/StevanoZ/dv-shared/service/cache_service.go:159.2,159.18 1 1
github.com/StevanoZ/dv-shared/service/cache_service.go:148.36,153.3 3 1
github.com/StevanoZ/dv-shared/service/cache_service.go:155.16,157.3 1 0
github.com/StevanoZ/dv-shared/service/cache_service.go:162.67,165.16 2 2
github.com/StevanoZ/dv-shared/service/cache_service.go:169.2,169.12 1 2
github.com/StevanoZ/dv-shared/service/cache_service.go:165.16,167.3 1 0
github.com/StevanoZ/dv-shared/service/cache_service.go:172.44,174.2 1 1
github.com/StevanoZ/dv-shared/utils/cache_key.go:8.88,11.27 3 0
github.com/StevanoZ/dv-shared/utils/cache_key.go:30.2,30.50 1 0
github.com/StevanoZ/dv-shared/utils/cache_key.go:11.27,13.22 1 0
github.com/StevanoZ/dv-shared/utils/cache_key.go:17.3,18.37 2 0
github.com/StevanoZ/dv-shared/utils/cache_key.go:13.22,15.4 1 0
github.com/StevanoZ/dv-shared/utils/cache_key.go:18.37,20.35 2 0
github.com/StevanoZ/dv-shared/utils/cache_key.go:20.35,22.5 1 0
github.com/StevanoZ/dv-shared/utils/cache_key.go:22.10,22.69 1 0
github.com/StevanoZ/dv-shared/utils/cache_key.go:22.69,24.5 1 0
github.com/StevanoZ/dv-shared/utils/cache_key.go:24.10,24.23 1 0
github.com/StevanoZ/dv-shared/utils/cache_key.go:24.23,26.5 1 0
github.com/StevanoZ/dv-shared/utils/cache_key.go:33.44,36.27 2 0
github.com/StevanoZ/dv-shared/utils/cache_key.go:44.2,44.18 1 0
github.com/StevanoZ/dv-shared/utils/cache_key.go:36.27,37.22 1 0
github.com/StevanoZ/dv-shared/utils/cache_key.go:37.22,39.4 1 0
github.com/StevanoZ/dv-shared/utils/cache_key.go:39.9,41.4 1 0
github.com/StevanoZ/dv-shared/utils/connect.go:10.51,20.2 6 0
github.com/StevanoZ/dv-shared/utils/convert.go:5.42,11.2 4 0
github.com/StevanoZ/dv-shared/utils/convert.go:13.48,16.16 2 1
github.com/StevanoZ/dv-shared/utils/convert.go:19.2,19.33 1 1
github.com/StevanoZ/dv-shared/utils/convert.go:16.16,18.3 1 0
github.com/StevanoZ/dv-shared/utils/password.go:5.54,8.2 2 0
github.com/StevanoZ/dv-shared/utils/password.go:10.68,12.2 1 0
github.com/StevanoZ/dv-shared/s3/s3_client.go:18.66,26.2 3 0
github.com/StevanoZ/dv-shared/s3/s3_client.go:28.57,30.2 1 0
github.com/StevanoZ/dv-shared/s3/s3_client.go:42.24,48.2 1 0
github.com/StevanoZ/dv-shared/s3/s3_client.go:50.113,58.16 2 0
github.com/StevanoZ/dv-shared/s3/s3_client.go:62.2,66.16 3 0
github.com/StevanoZ/dv-shared/s3/s3_client.go:70.2,70.24 1 0
github.com/StevanoZ/dv-shared/s3/s3_client.go:58.16,60.3 1 0
github.com/StevanoZ/dv-shared/s3/s3_client.go:66.16,68.3 1 0
github.com/StevanoZ/dv-shared/s3/s3_client.go:73.112,81.16 2 0
github.com/StevanoZ/dv-shared/s3/s3_client.go:85.2,85.36 1 0
github.com/StevanoZ/dv-shared/s3/s3_client.go:81.16,83.3 1 0
github.com/StevanoZ/dv-shared/s3/s3_client.go:88.94,95.2 2 0
github.com/StevanoZ/dv-shared/s3/s3_client.go:97.88,104.83 2 0
github.com/StevanoZ/dv-shared/s3/s3_client.go:108.2,108.16 1 0
github.com/StevanoZ/dv-shared/s3/s3_client.go:112.2,112.22 1 0
github.com/StevanoZ/dv-shared/s3/s3_client.go:104.83,106.3 1 0
github.com/StevanoZ/dv-shared/s3/s3_client.go:108.16,110.3 1 0
github.com/StevanoZ/dv-shared/s3/s3_client.go:115.59,121.2 1 0
github.com/StevanoZ/dv-shared/utils/file.go:9.29,12.2 2 0
github.com/StevanoZ/dv-shared/utils/file.go:14.43,16.2 1 0
github.com/StevanoZ/dv-shared/utils/file.go:18.48,20.2 1 0
github.com/StevanoZ/dv-shared/utils/file.go:22.36,24.2 1 0
github.com/StevanoZ/dv-shared/utils/file.go:26.42,28.24 2 0
github.com/StevanoZ/dv-shared/utils/file.go:31.2,31.22 1 0
github.com/StevanoZ/dv-shared/utils/file.go:28.24,30.3 1 0
github.com/StevanoZ/dv-shared/utils/migration.go:12.51,22.2 5 0
github.com/StevanoZ/dv-shared/utils/request.go:17.72,22.16 3 0
github.com/StevanoZ/dv-shared/utils/request.go:26.2,26.13 1 0
github.com/StevanoZ/dv-shared/utils/request.go:22.16,24.3 1 0
github.com/StevanoZ/dv-shared/utils/request.go:29.67,34.16 3 0
github.com/StevanoZ/dv-shared/utils/request.go:38.2,38.18 1 0
github.com/StevanoZ/dv-shared/utils/request.go:42.2,42.17 1 0
github.com/StevanoZ/dv-shared/utils/request.go:34.16,36.3 1 0
github.com/StevanoZ/dv-shared/utils/request.go:38.18,40.3 1 0
github.com/StevanoZ/dv-shared/utils/request.go:45.29,56.2 1 0
github.com/StevanoZ/dv-shared/utils/response.go:28.83,42.2 6 0
github.com/StevanoZ/dv-shared/utils/response.go:44.81,57.2 6 0
github.com/StevanoZ/dv-shared/middleware/auth_middleware.go:20.68,24.2 1 0
github.com/StevanoZ/dv-shared/middleware/auth_middleware.go:26.122,27.54 1 0
github.com/StevanoZ/dv-shared/middleware/auth_middleware.go:27.54,30.59 2 0
github.com/StevanoZ/dv-shared/middleware/auth_middleware.go:34.3,37.17 3 0
github.com/StevanoZ/dv-shared/middleware/auth_middleware.go:41.3,41.33 1 0
github.com/StevanoZ/dv-shared/middleware/auth_middleware.go:45.3,46.33 2 0
github.com/StevanoZ/dv-shared/middleware/auth_middleware.go:30.59,32.4 1 0
github.com/StevanoZ/dv-shared/middleware/auth_middleware.go:37.17,39.4 1 0
github.com/StevanoZ/dv-shared/middleware/auth_middleware.go:41.33,43.4 1 0
github.com/StevanoZ/dv-shared/token/paseto_maker.go:17.67,19.42 2 0
github.com/StevanoZ/dv-shared/token/paseto_maker.go:23.2,27.19 2 0
github.com/StevanoZ/dv-shared/token/paseto_maker.go:19.42,21.3 1 0
github.com/StevanoZ/dv-shared/token/paseto_maker.go:30.107,36.2 3 0
github.com/StevanoZ/dv-shared/token/paseto_maker.go:38.67,43.16 3 0
github.com/StevanoZ/dv-shared/token/paseto_maker.go:47.2,48.16 2 0
github.com/StevanoZ/dv-shared/token/paseto_maker.go:52.2,52.21 1 0
github.com/StevanoZ/dv-shared/token/paseto_maker.go:43.16,45.3 1 0
github.com/StevanoZ/dv-shared/token/paseto_maker.go:48.16,50.3 1 0
github.com/StevanoZ/dv-shared/kafka/kafka_client.go:19.79,23.27 3 0
github.com/StevanoZ/dv-shared/kafka/kafka_client.go:39.2,39.22 1 0
github.com/StevanoZ/dv-shared/kafka/kafka_client.go:23.27,32.3 1 0
github.com/StevanoZ/dv-shared/kafka/kafka_client.go:32.8,37.3 1 0
github.com/StevanoZ/dv-shared/kafka/kafka_client.go:42.79,46.27 3 0
github.com/StevanoZ/dv-shared/kafka/kafka_client.go:46.27,57.3 2 0
github.com/StevanoZ/dv-shared/kafka/kafka_client.go:57.8,65.3 2 0
github.com/StevanoZ/dv-shared/kafka/kafka_client.go:68.102,73.2 1 0
github.com/StevanoZ/dv-shared/kafka/kafka_client.go:75.94,78.24 3 0
github.com/StevanoZ/dv-shared/kafka/kafka_client.go:102.2,102.35 1 0
github.com/StevanoZ/dv-shared/kafka/kafka_client.go:105.2,105.12 1 0
github.com/StevanoZ/dv-shared/kafka/kafka_client.go:78.24,80.23 2 0
github.com/StevanoZ/dv-shared/kafka/kafka_client.go:80.23,92.18 2 0
github.com/StevanoZ/dv-shared/kafka/kafka_client.go:96.4,98.14 3 0
github.com/StevanoZ/dv-shared/kafka/kafka_client.go:92.18,94.5 1 0
github.com/StevanoZ/dv-shared/kafka/kafka_client.go:102.35,104.3 1 0
github.com/StevanoZ/dv-shared/kafka/kafka_client.go:108.109,112.16 3 0
github.com/StevanoZ/dv-shared/kafka/kafka_client.go:117.2,120.18 3 0
github.com/StevanoZ/dv-shared/kafka/kafka_client.go:123.2,123.18 1 0
github.com/StevanoZ/dv-shared/kafka/kafka_client.go:134.2,134.12 1 0
github.com/StevanoZ/dv-shared/kafka/kafka_client.go:112.16,115.3 2 0
github.com/StevanoZ/dv-shared/kafka/kafka_client.go:120.18,122.3 1 0
github.com/StevanoZ/dv-shared/kafka/kafka_client.go:123.18,125.17 2 0
github.com/StevanoZ/dv-shared/kafka/kafka_client.go:125.17,128.4 1 0
github.com/StevanoZ/dv-shared/kafka/kafka_client.go:128.9,131.4 2 0
github.com/StevanoZ/dv-shared/utils/config.go:40.74,54.2 9 4
github.com/StevanoZ/dv-shared/utils/password.go:5.54,8.2 2 0
github.com/StevanoZ/dv-shared/utils/password.go:10.68,12.2 1 0
github.com/StevanoZ/dv-shared/token/paseto_maker.go:17.67,19.42 2 0
github.com/StevanoZ/dv-shared/token/paseto_maker.go:23.2,27.19 2 0
github.com/StevanoZ/dv-shared/token/paseto_maker.go:19.42,21.3 1 0
github.com/StevanoZ/dv-shared/token/paseto_maker.go:30.107,36.2 3 0
github.com/StevanoZ/dv-shared/token/paseto_maker.go:38.67,43.16 3 0
github.com/StevanoZ/dv-shared/token/paseto_maker.go:47.2,48.16 2 0
github.com/StevanoZ/dv-shared/token/paseto_maker.go:52.2,52.21 1 0
github.com/StevanoZ/dv-shared/token/paseto_maker.go:43.16,45.3 1 0
github.com/StevanoZ/dv-shared/token/paseto_maker.go:48.16,50.3 1 0
github.com/StevanoZ/dv-shared/middleware/auth_middleware.go:20.68,24.2 1 0
github.com/StevanoZ/dv-shared/middleware/auth_middleware.go:26.122,27.54 1 0
github.com/StevanoZ/dv-shared/middleware/auth_middleware.go:27.54,30.59 2 0
github.com/StevanoZ/dv-shared/middleware/auth_middleware.go:34.3,37.17 3 0
github.com/StevanoZ/dv-shared/middleware/auth_middleware.go:41.3,41.33 1 0
github.com/StevanoZ/dv-shared/middleware/auth_middleware.go:45.3,46.33 2 0
github.com/StevanoZ/dv-shared/middleware/auth_middleware.go:30.59,32.4 1 0
github.com/StevanoZ/dv-shared/middleware/auth_middleware.go:37.17,39.4 1 0
github.com/StevanoZ/dv-shared/middleware/auth_middleware.go:41.33,43.4 1 0
github.com/StevanoZ/dv-shared/utils/cache_key.go:8.88,11.27 3 0
github.com/StevanoZ/dv-shared/utils/cache_key.go:30.2,30.50 1 0
github.com/StevanoZ/dv-shared/utils/cache_key.go:11.27,13.22 1 0
github.com/StevanoZ/dv-shared/utils/cache_key.go:17.3,18.37 2 0
github.com/StevanoZ/dv-shared/utils/cache_key.go:13.22,15.4 1 0
github.com/StevanoZ/dv-shared/utils/cache_key.go:18.37,20.35 2 0
github.com/StevanoZ/dv-shared/utils/cache_key.go:20.35,22.5 1 0
github.com/StevanoZ/dv-shared/utils/cache_key.go:22.10,22.69 1 0
github.com/StevanoZ/dv-shared/utils/cache_key.go:22.69,24.5 1 0
github.com/StevanoZ/dv-shared/utils/cache_key.go:24.10,24.23 1 0
github.com/StevanoZ/dv-shared/utils/cache_key.go:24.23,26.5 1 0
github.com/StevanoZ/dv-shared/utils/cache_key.go:33.44,36.27 2 0
github.com/StevanoZ/dv-shared/utils/cache_key.go:44.2,44.18 1 0
github.com/StevanoZ/dv-shared/utils/cache_key.go:36.27,37.22 1 0
github.com/StevanoZ/dv-shared/utils/cache_key.go:37.22,39.4 1 0
github.com/StevanoZ/dv-shared/utils/cache_key.go:39.9,41.4 1 0
github.com/StevanoZ/dv-shared/utils/response.go:28.83,42.2 6 0
github.com/StevanoZ/dv-shared/utils/response.go:44.81,57.2 6 0
github.com/StevanoZ/dv-shared/utils/connect.go:10.51,20.2 6 0
github.com/StevanoZ/dv-shared/utils/convert.go:5.42,11.2 4 0
github.com/StevanoZ/dv-shared/utils/convert.go:13.48,16.16 2 0
github.com/StevanoZ/dv-shared/utils/convert.go:19.2,19.33 1 0
github.com/StevanoZ/dv-shared/utils/convert.go:16.16,18.3 1 0
github.com/StevanoZ/dv-shared/utils/transaction.go:9.79,11.16 2 0
github.com/StevanoZ/dv-shared/utils/transaction.go:15.2,16.16 2 0
github.com/StevanoZ/dv-shared/utils/transaction.go:23.2,23.20 1 0
github.com/StevanoZ/dv-shared/utils/transaction.go:11.16,13.3 1 0
github.com/StevanoZ/dv-shared/utils/transaction.go:16.16,17.43 1 0
github.com/StevanoZ/dv-shared/utils/transaction.go:20.3,20.13 1 0
github.com/StevanoZ/dv-shared/utils/transaction.go:17.43,19.4 1 0
github.com/StevanoZ/dv-shared/token/token_util.go:15.87,17.2 1 0
github.com/StevanoZ/dv-shared/token/token_util.go:19.58,21.2 1 0
github.com/StevanoZ/dv-shared/token/token_util.go:23.60,26.37 2 0
github.com/StevanoZ/dv-shared/token/token_util.go:26.37,28.3 1 0
github.com/StevanoZ/dv-shared/service/email_service.go:33.66,35.2 1 0
github.com/StevanoZ/dv-shared/service/email_service.go:40.12,42.2 1 0
github.com/StevanoZ/dv-shared/service/email_service.go:44.90,53.16 8 0
github.com/StevanoZ/dv-shared/service/email_service.go:61.2,61.12 1 0
github.com/StevanoZ/dv-shared/service/email_service.go:53.16,56.3 2 0
github.com/StevanoZ/dv-shared/service/email_service.go:56.8,59.3 2 0
github.com/StevanoZ/dv-shared/kafka/kafka_client.go:19.79,23.27 3 0
github.com/StevanoZ/dv-shared/kafka/kafka_client.go:39.2,39.22 1 0
github.com/StevanoZ/dv-shared/kafka/kafka_client.go:23.27,32.3 1 0
github.com/StevanoZ/dv-shared/kafka/kafka_client.go:32.8,37.3 1 0
github.com/StevanoZ/dv-shared/kafka/kafka_client.go:42.79,46.27 3 0
github.com/StevanoZ/dv-shared/kafka/kafka_client.go:46.27,57.3 2 0
github.com/StevanoZ/dv-shared/kafka/kafka_client.go:57.8,65.3 2 0
github.com/StevanoZ/dv-shared/kafka/kafka_client.go:68.102,73.2 1 0
github.com/StevanoZ/dv-shared/kafka/kafka_client.go:75.94,78.24 3 0
github.com/StevanoZ/dv-shared/kafka/kafka_client.go:102.2,102.35 1 0
github.com/StevanoZ/dv-shared/kafka/kafka_client.go:105.2,105.12 1 0
github.com/StevanoZ/dv-shared/kafka/kafka_client.go:78.24,80.23 2 0
github.com/StevanoZ/dv-shared/kafka/kafka_client.go:80.23,92.18 2 0
github.com/StevanoZ/dv-shared/kafka/kafka_client.go:96.4,98.14 3 0
github.com/StevanoZ/dv-shared/kafka/kafka_client.go:92.18,94.5 1 0
github.com/StevanoZ/dv-shared/kafka/kafka_client.go:102.35,104.3 1 0
github.com/StevanoZ/dv-shared/kafka/kafka_client.go:108.109,112.16 3 0
github.com/StevanoZ/dv-shared/kafka/kafka_client.go:117.2,120.18 3 0
github.com/StevanoZ/dv-shared/kafka/kafka_client.go:123.2,123.18 1 0
github.com/StevanoZ/dv-shared/kafka/kafka_client.go:134.2,134.12 1 0
github.com/StevanoZ/dv-shared/kafka/kafka_client.go:112.16,115.3 2 0
github.com/StevanoZ/dv-shared/kafka/kafka_client.go:120.18,122.3 1 0
github.com/StevanoZ/dv-shared/kafka/kafka_client.go:123.18,125.17 2 0
github.com/StevanoZ/dv-shared/kafka/kafka_client.go:125.17,128.4 1 0
github.com/StevanoZ/dv-shared/kafka/kafka_client.go:128.9,131.4 2 0
github.com/StevanoZ/dv-shared/pubsub/pubsub.go:27.83,32.2 3 1
github.com/StevanoZ/dv-shared/pubsub/pubsub.go:34.100,36.2 1 13
github.com/StevanoZ/dv-shared/pubsub/pubsub.go:38.113,42.16 3 17
github.com/StevanoZ/dv-shared/pubsub/pubsub.go:46.2,46.8 1 16
github.com/StevanoZ/dv-shared/pubsub/pubsub.go:50.2,53.17 3 15
github.com/StevanoZ/dv-shared/pubsub/pubsub.go:42.16,44.3 1 1
github.com/StevanoZ/dv-shared/pubsub/pubsub.go:46.8,48.3 1 1
github.com/StevanoZ/dv-shared/pubsub/pubsub.go:56.141,61.16 3 6
github.com/StevanoZ/dv-shared/pubsub/pubsub.go:65.2,65.8 1 4
github.com/StevanoZ/dv-shared/pubsub/pubsub.go:69.2,77.4 1 3
github.com/StevanoZ/dv-shared/pubsub/pubsub.go:61.16,63.3 1 2
github.com/StevanoZ/dv-shared/pubsub/pubsub.go:65.8,67.3 1 1
github.com/StevanoZ/dv-shared/pubsub/pubsub.go:80.123,84.16 3 4
github.com/StevanoZ/dv-shared/pubsub/pubsub.go:88.2,88.31 1 3
github.com/StevanoZ/dv-shared/pubsub/pubsub.go:97.2,97.33 1 3
github.com/StevanoZ/dv-shared/pubsub/pubsub.go:106.2,106.12 1 2
github.com/StevanoZ/dv-shared/pubsub/pubsub.go:84.16,86.3 1 1
github.com/StevanoZ/dv-shared/pubsub/pubsub.go:88.31,95.3 3 5
github.com/StevanoZ/dv-shared/pubsub/pubsub.go:97.33,99.17 2 5
github.com/StevanoZ/dv-shared/pubsub/pubsub.go:103.3,103.47 1 4
github.com/StevanoZ/dv-shared/pubsub/pubsub.go:99.17,101.4 1 1
github.com/StevanoZ/dv-shared/pubsub/pubsub.go:109.157,113.16 3 2
github.com/StevanoZ/dv-shared/pubsub/pubsub.go:117.2,117.73 1 1
github.com/StevanoZ/dv-shared/pubsub/pubsub.go:113.16,115.3 1 1
github.com/StevanoZ/dv-shared/pubsub/pubsub.go:117.73,122.3 3 1
github.com/StevanoZ/dv-shared/pubsub/pubsub.go:125.42,127.2 1 1
github.com/StevanoZ/dv-shared/utils/config.go:40.74,54.2 9 14
github.com/StevanoZ/dv-shared/utils/request.go:17.72,22.16 3 0
github.com/StevanoZ/dv-shared/utils/request.go:26.2,26.13 1 0
github.com/StevanoZ/dv-shared/utils/request.go:22.16,24.3 1 0
github.com/StevanoZ/dv-shared/utils/request.go:29.67,34.16 3 0
github.com/StevanoZ/dv-shared/utils/request.go:38.2,38.18 1 0
github.com/StevanoZ/dv-shared/utils/request.go:42.2,42.17 1 0
github.com/StevanoZ/dv-shared/utils/request.go:34.16,36.3 1 0
github.com/StevanoZ/dv-shared/utils/request.go:38.18,40.3 1 0
github.com/StevanoZ/dv-shared/utils/request.go:45.29,56.2 1 0
github.com/StevanoZ/dv-shared/service/cache_service.go:37.79,42.2 1 0
github.com/StevanoZ/dv-shared/service/cache_service.go:44.66,52.2 2 0
github.com/StevanoZ/dv-shared/service/cache_service.go:54.76,62.2 2 0
github.com/StevanoZ/dv-shared/service/cache_service.go:64.77,66.15 2 0
github.com/StevanoZ/dv-shared/service/cache_service.go:71.2,72.14 2 0
github.com/StevanoZ/dv-shared/service/cache_service.go:77.2,78.22 2 0
github.com/StevanoZ/dv-shared/service/cache_service.go:83.2,83.17 1 0
github.com/StevanoZ/dv-shared/service/cache_service.go:102.2,104.12 2 0
github.com/StevanoZ/dv-shared/service/cache_service.go:66.15,69.3 2 0
github.com/StevanoZ/dv-shared/service/cache_service.go:72.14,75.3 2 0
github.com/StevanoZ/dv-shared/service/cache_service.go:78.22,81.3 2 0
github.com/StevanoZ/dv-shared/service/cache_service.go:83.17,84.51 1 0
github.com/StevanoZ/dv-shared/service/cache_service.go:91.3,93.17 2 0
github.com/StevanoZ/dv-shared/service/cache_service.go:97.3,99.75 2 0
github.com/StevanoZ/dv-shared/service/cache_service.go:84.51,85.40 1 0
github.com/StevanoZ/dv-shared/service/cache_service.go:85.40,88.5 2 0
github.com/StevanoZ/dv-shared/service/cache_service.go:93.17,95.4 1 0
github.com/StevanoZ/dv-shared/service/cache_service.go:107.79,111.16 2 0
github.com/StevanoZ/dv-shared/service/cache_service.go:116.2,118.16 2 0
github.com/StevanoZ/dv-shared/service/cache_service.go:123.2,125.12 2 0
github.com/StevanoZ/dv-shared/service/cache_service.go:111.16,114.3 2 0
github.com/StevanoZ/dv-shared/service/cache_service.go:118.16,121.3 2 0
github.com/StevanoZ/dv-shared/service/cache_service.go:128.76,133.21 4 0
github.com/StevanoZ/dv-shared/service/cache_service.go:138.2,138.35 1 0
github.com/StevanoZ/dv-shared/service/cache_service.go:141.2,141.54 1 0
github.com/StevanoZ/dv-shared/service/cache_service.go:133.21,137.3 3 0
github.com/StevanoZ/dv-shared/service/cache_service.go:138.35,139.13 1 0
github.com/StevanoZ/dv-shared/service/cache_service.go:144.100,148.36 3 0
github.com/StevanoZ/dv-shared/service/cache_service.go:155.2,155.16 1 0
github.com/StevanoZ/dv-shared/service/cache_service.go:159.2,159.18 1 0
github.com/StevanoZ/dv-shared/service/cache_service.go:148.36,153.3 3 0
github.com/StevanoZ/dv-shared/service/cache_service.go:155.16,157.3 1 0
github.com/StevanoZ/dv-shared/service/cache_service.go:162.67,165.16 2 0
github.com/StevanoZ/dv-shared/service/cache_service.go:169.2,169.12 1 0
github.com/StevanoZ/dv-shared/service/cache_service.go:165.16,167.3 1 0
github.com/StevanoZ/dv-shared/service/cache_service.go:172.44,174.2 1 0
github.com/StevanoZ/dv-shared/middleware/recovery_middleware.go:11.47,12.71 1 0
github.com/StevanoZ/dv-shared/middleware/recovery_middleware.go:12.71,13.16 1 0
github.com/StevanoZ/dv-shared/middleware/recovery_middleware.go:48.3,48.23 1 0
github.com/StevanoZ/dv-shared/middleware/recovery_middleware.go:13.16,15.18 2 0
github.com/StevanoZ/dv-shared/middleware/recovery_middleware.go:15.18,22.17 5 0
github.com/StevanoZ/dv-shared/middleware/recovery_middleware.go:45.5,45.59 1 0
github.com/StevanoZ/dv-shared/middleware/recovery_middleware.go:22.17,29.6 4 0
github.com/StevanoZ/dv-shared/middleware/recovery_middleware.go:29.11,29.31 1 0
github.com/StevanoZ/dv-shared/middleware/recovery_middleware.go:29.31,31.47 2 0
github.com/StevanoZ/dv-shared/middleware/recovery_middleware.go:37.6,37.43 1 0
github.com/StevanoZ/dv-shared/middleware/recovery_middleware.go:31.47,36.7 2 0
github.com/StevanoZ/dv-shared/middleware/recovery_middleware.go:38.11,44.6 3 0
github.com/StevanoZ/dv-shared/utils/migration.go:12.51,22.2 5 0
github.com/StevanoZ/dv-shared/utils/random.go:12.13,14.2 1 1
github.com/StevanoZ/dv-shared/utils/random.go:16.38,18.2 1 0
github.com/StevanoZ/dv-shared/utils/random.go:20.33,24.25 3 0
github.com/StevanoZ/dv-shared/utils/random.go:29.2,29.20 1 0
github.com/StevanoZ/dv-shared/utils/random.go:24.25,27.3 2 0
github.com/StevanoZ/dv-shared/utils/random.go:32.30,34.2 1 0
github.com/StevanoZ/dv-shared/utils/random.go:36.27,38.2 1 0
github.com/StevanoZ/dv-shared/utils/errors.go:19.36,21.2 1 0
github.com/StevanoZ/dv-shared/utils/errors.go:27.43,29.2 1 0
github.com/StevanoZ/dv-shared/utils/errors.go:36.44,38.2 1 0
github.com/StevanoZ/dv-shared/utils/errors.go:40.56,42.2 1 0
github.com/StevanoZ/dv-shared/utils/errors.go:44.76,46.2 1 0
github.com/StevanoZ/dv-shared/utils/errors.go:48.30,49.16 1 0
github.com/StevanoZ/dv-shared/utils/errors.go:49.16,54.27 4 0
github.com/StevanoZ/dv-shared/utils/errors.go:58.3,62.16 2 0
github.com/StevanoZ/dv-shared/utils/errors.go:54.27,56.4 1 0
github.com/StevanoZ/dv-shared/utils/errors.go:66.65,67.16 1 0
github.com/StevanoZ/dv-shared/utils/errors.go:67.16,70.3 2 0
github.com/StevanoZ/dv-shared/utils/errors.go:73.52,76.2 2 0
github.com/StevanoZ/dv-shared/utils/errors.go:78.69,83.25 2 0
github.com/StevanoZ/dv-shared/utils/errors.go:86.39,91.26 4 0
github.com/StevanoZ/dv-shared/utils/errors.go:91.26,92.66 1 0
github.com/StevanoZ/dv-shared/utils/errors.go:97.3,97.46 1 0
github.com/StevanoZ/dv-shared/utils/errors.go:92.66,96.4 3 0
github.com/StevanoZ/dv-shared/utils/errors.go:101.66,104.2 2 0
github.com/StevanoZ/dv-shared/utils/errors.go:106.40,107.35 1 0
github.com/StevanoZ/dv-shared/utils/errors.go:107.35,109.3 1 0
github.com/StevanoZ/dv-shared/utils/errors.go:112.28,113.16 1 0
github.com/StevanoZ/dv-shared/utils/errors.go:113.16,115.3 1 0
github.com/StevanoZ/dv-shared/utils/errors.go:118.52,119.16 1 28
github.com/StevanoZ/dv-shared/utils/errors.go:119.16,122.13 3 0
github.com/StevanoZ/dv-shared/utils/file.go:9.29,12.2 2 0
github.com/StevanoZ/dv-shared/utils/file.go:14.43,16.2 1 0
github.com/StevanoZ/dv-shared/utils/file.go:18.48,20.2 1 0
github.com/StevanoZ/dv-shared/utils/file.go:22.36,24.2 1 0
github.com/StevanoZ/dv-shared/utils/file.go:26.42,28.24 2 0
github.com/StevanoZ/dv-shared/utils/file.go:31.2,31.22 1 0
github.com/StevanoZ/dv-shared/utils/file.go:28.24,30.3 1 0
github.com/StevanoZ/dv-shared/token/payload.go:30.72,41.2 2 0
github.com/StevanoZ/dv-shared/token/payload.go:43.39,44.41 1 0
github.com/StevanoZ/dv-shared/token/payload.go:47.2,47.12 1 0
github.com/StevanoZ/dv-shared/token/payload.go:44.41,46.3 1 0
github.com/StevanoZ/dv-shared/s3/s3_client.go:18.66,26.2 3 0
github.com/StevanoZ/dv-shared/s3/s3_client.go:28.57,30.2 1 0
github.com/StevanoZ/dv-shared/s3/s3_client.go:42.24,48.2 1 0
github.com/StevanoZ/dv-shared/s3/s3_client.go:50.113,58.16 2 0
github.com/StevanoZ/dv-shared/s3/s3_client.go:62.2,66.16 3 0
github.com/StevanoZ/dv-shared/s3/s3_client.go:70.2,70.24 1 0
github.com/StevanoZ/dv-shared/s3/s3_client.go:58.16,60.3 1 0
github.com/StevanoZ/dv-shared/s3/s3_client.go:66.16,68.3 1 0
github.com/StevanoZ/dv-shared/s3/s3_client.go:73.112,81.16 2 0
github.com/StevanoZ/dv-shared/s3/s3_client.go:85.2,85.36 1 0
github.com/StevanoZ/dv-shared/s3/s3_client.go:81.16,83.3 1 0
github.com/StevanoZ/dv-shared/s3/s3_client.go:88.94,95.2 2 0
github.com/StevanoZ/dv-shared/s3/s3_client.go:97.88,104.83 2 0
github.com/StevanoZ/dv-shared/s3/s3_client.go:108.2,108.16 1 0
github.com/StevanoZ/dv-shared/s3/s3_client.go:112.2,112.22 1 0
github.com/StevanoZ/dv-shared/s3/s3_client.go:104.83,106.3 1 0
github.com/StevanoZ/dv-shared/s3/s3_client.go:108.16,110.3 1 0
github.com/StevanoZ/dv-shared/s3/s3_client.go:115.59,121.2 1 0
